len(train_index) : 941
len(valid_index) : 942
================================= 1fold lightgbm =================================
len(train_index) : 942
len(valid_index) : 941
================================= 2fold lightgbm =================================
5-alpha_reductase_inhibitor logloss: 0.0341905726752713
=========================================================================================
len(train_index) : 942
len(valid_index) : 942
================================= 1fold lightgbm =================================
len(train_index) : 942
len(valid_index) : 942
================================= 2fold lightgbm =================================
11-beta-hsd1_inhibitor logloss: 0.04112415659283485
=========================================================================================
len(train_index) : 945
len(valid_index) : 945
================================= 1fold lightgbm =================================
len(train_index) : 945
len(valid_index) : 945
================================= 2fold lightgbm =================================
acat_inhibitor logloss: 0.06501963398562491
=========================================================================================
len(train_index) : 1028
len(valid_index) : 1028
================================= 1fold lightgbm =================================
len(train_index) : 1028
len(valid_index) : 1028
================================= 2fold lightgbm =================================
acetylcholine_receptor_agonist logloss: 0.2222406220238216
=========================================================================================
len(train_index) : 1083
len(valid_index) : 1084
================================= 1fold lightgbm =================================
len(train_index) : 1084
len(valid_index) : 1083
================================= 2fold lightgbm =================================
acetylcholine_receptor_antagonist logloss: 0.194095909562167
=========================================================================================
len(train_index) : 969
len(valid_index) : 970
================================= 1fold lightgbm =================================
len(train_index) : 970
len(valid_index) : 969
================================= 2fold lightgbm =================================
acetylcholinesterase_inhibitor logloss: 0.11681028792866632
=========================================================================================
len(train_index) : 960
len(valid_index) : 960
================================= 1fold lightgbm =================================
len(train_index) : 960
len(valid_index) : 960
================================= 2fold lightgbm =================================
adenosine_receptor_agonist logloss: 0.11350199372860653
=========================================================================================
len(train_index) : 981
len(valid_index) : 981
================================= 1fold lightgbm =================================
len(train_index) : 981
len(valid_index) : 981
================================= 2fold lightgbm =================================
adenosine_receptor_antagonist logloss: 0.1155811819586111
=========================================================================================
len(train_index) : 939
len(valid_index) : 939
================================= 1fold lightgbm =================================
len(train_index) : 939
len(valid_index) : 939
================================= 2fold lightgbm =================================
adenylyl_cyclase_activator logloss: 0.03145272394736923
=========================================================================================
len(train_index) : 1068
len(valid_index) : 1068
================================= 1fold lightgbm =================================
len(train_index) : 1068
len(valid_index) : 1068
================================= 2fold lightgbm =================================
adrenergic_receptor_agonist logloss: 0.1818507024824078
=========================================================================================
len(train_index) : 1113
len(valid_index) : 1113
================================= 1fold lightgbm =================================
len(train_index) : 1113
len(valid_index) : 1113
================================= 2fold lightgbm =================================
adrenergic_receptor_antagonist logloss: 0.23668517480917206
=========================================================================================
len(train_index) : 966
len(valid_index) : 966
================================= 1fold lightgbm =================================
len(train_index) : 966
len(valid_index) : 966
================================= 2fold lightgbm =================================
akt_inhibitor logloss: 0.07523801681140356
=========================================================================================
len(train_index) : 936
len(valid_index) : 937
================================= 1fold lightgbm =================================
len(train_index) : 937
len(valid_index) : 936
================================= 2fold lightgbm =================================
aldehyde_dehydrogenase_inhibitor logloss: 0.007662464143262385
=========================================================================================
len(train_index) : 954
len(valid_index) : 954
================================= 1fold lightgbm =================================
len(train_index) : 954
len(valid_index) : 954
================================= 2fold lightgbm =================================
alk_inhibitor logloss: 0.059210213042753805
=========================================================================================
len(train_index) : 939
len(valid_index) : 939
================================= 1fold lightgbm =================================
len(train_index) : 939
len(valid_index) : 939
================================= 2fold lightgbm =================================
ampk_activator logloss: 0.038113723908345006
=========================================================================================
len(train_index) : 939
len(valid_index) : 939
================================= 1fold lightgbm =================================
len(train_index) : 939
len(valid_index) : 939
================================= 2fold lightgbm =================================
analgesic logloss: 0.0369305225426096
=========================================================================================
len(train_index) : 957
len(valid_index) : 957
================================= 1fold lightgbm =================================
len(train_index) : 957
len(valid_index) : 957
================================= 2fold lightgbm =================================
androgen_receptor_agonist logloss: 0.08525218322485621
=========================================================================================
len(train_index) : 977
len(valid_index) : 978
================================= 1fold lightgbm =================================
len(train_index) : 978
len(valid_index) : 977
================================= 2fold lightgbm =================================
androgen_receptor_antagonist logloss: 0.1267624414590522
=========================================================================================
len(train_index) : 973
len(valid_index) : 973
================================= 1fold lightgbm =================================
len(train_index) : 973
len(valid_index) : 973
================================= 2fold lightgbm =================================
anesthetic_-_local logloss: 0.11517458820710982
=========================================================================================
len(train_index) : 951
len(valid_index) : 951
================================= 1fold lightgbm =================================
len(train_index) : 951
len(valid_index) : 951
================================= 2fold lightgbm =================================
angiogenesis_inhibitor logloss: 0.08447470443059943
=========================================================================================
len(train_index) : 951
len(valid_index) : 952
================================= 1fold lightgbm =================================
len(train_index) : 952
len(valid_index) : 951
================================= 2fold lightgbm =================================
angiotensin_receptor_antagonist logloss: 0.07686383413450287
=========================================================================================
len(train_index) : 969
len(valid_index) : 970
================================= 1fold lightgbm =================================
len(train_index) : 970
len(valid_index) : 969
================================= 2fold lightgbm =================================
anti-inflammatory logloss: 0.11462935598434063
=========================================================================================
len(train_index) : 936
len(valid_index) : 936
================================= 1fold lightgbm =================================
len(train_index) : 936
len(valid_index) : 936
================================= 2fold lightgbm =================================
antiarrhythmic logloss: 0.02053364017109943
=========================================================================================
len(train_index) : 954
len(valid_index) : 955
================================= 1fold lightgbm =================================
len(train_index) : 955
len(valid_index) : 954
================================= 2fold lightgbm =================================
antibiotic logloss: 0.08843476513722996
=========================================================================================
len(train_index) : 939
len(valid_index) : 939
================================= 1fold lightgbm =================================
len(train_index) : 939
len(valid_index) : 939
================================= 2fold lightgbm =================================
anticonvulsant logloss: 0.03433966268264178
=========================================================================================
len(train_index) : 939
len(valid_index) : 940
================================= 1fold lightgbm =================================
len(train_index) : 940
len(valid_index) : 939
================================= 2fold lightgbm =================================
antifungal logloss: 0.03431803122587487
=========================================================================================
len(train_index) : 939
len(valid_index) : 939
================================= 1fold lightgbm =================================
len(train_index) : 939
len(valid_index) : 939
================================= 2fold lightgbm =================================
antihistamine logloss: 0.038334168859606395
=========================================================================================
len(train_index) : 942
len(valid_index) : 942
================================= 1fold lightgbm =================================
len(train_index) : 942
len(valid_index) : 942
================================= 2fold lightgbm =================================
antimalarial logloss: 0.04881974860407817
=========================================================================================
len(train_index) : 969
len(valid_index) : 970
================================= 1fold lightgbm =================================
len(train_index) : 970
len(valid_index) : 969
================================= 2fold lightgbm =================================
antioxidant logloss: 0.11979874327261522
=========================================================================================
len(train_index) : 951
len(valid_index) : 951
================================= 1fold lightgbm =================================
len(train_index) : 951
len(valid_index) : 951
================================= 2fold lightgbm =================================
antiprotozoal logloss: 0.07324488979554679
=========================================================================================
len(train_index) : 944
len(valid_index) : 945
================================= 1fold lightgbm =================================
len(train_index) : 945
len(valid_index) : 944
================================= 2fold lightgbm =================================
antiviral logloss: 0.05619323036994975
=========================================================================================
len(train_index) : 957
len(valid_index) : 958
================================= 1fold lightgbm =================================
len(train_index) : 958
len(valid_index) : 957
================================= 2fold lightgbm =================================
apoptosis_stimulant logloss: 0.08843916305114448
=========================================================================================
len(train_index) : 956
len(valid_index) : 957
================================= 1fold lightgbm =================================
len(train_index) : 957
len(valid_index) : 956
================================= 2fold lightgbm =================================
aromatase_inhibitor logloss: 0.0966451944046936
=========================================================================================
len(train_index) : 936
len(valid_index) : 936
================================= 1fold lightgbm =================================
len(train_index) : 936
len(valid_index) : 936
================================= 2fold lightgbm =================================
atm_kinase_inhibitor logloss: 0.016856622430221714
=========================================================================================
len(train_index) : 933
len(valid_index) : 934
================================= 1fold lightgbm =================================
len(train_index) : 934
len(valid_index) : 933
================================= 2fold lightgbm =================================
atp-sensitive_potassium_channel_antagonist logloss: 0.018500406395202947
=========================================================================================
len(train_index) : 939
len(valid_index) : 939
================================= 1fold lightgbm =================================
len(train_index) : 939
len(valid_index) : 939
================================= 2fold lightgbm =================================
atp_synthase_inhibitor logloss: 0.007972992330974649
=========================================================================================
len(train_index) : 981
len(valid_index) : 982
================================= 1fold lightgbm =================================
len(train_index) : 982
len(valid_index) : 981
================================= 2fold lightgbm =================================
atpase_inhibitor logloss: 0.09987554170244094
=========================================================================================
len(train_index) : 942
len(valid_index) : 943
================================= 1fold lightgbm =================================
len(train_index) : 943
len(valid_index) : 942
================================= 2fold lightgbm =================================
atr_kinase_inhibitor logloss: 0.022814059645353223
=========================================================================================
len(train_index) : 981
len(valid_index) : 981
================================= 1fold lightgbm =================================
len(train_index) : 981
len(valid_index) : 981
================================= 2fold lightgbm =================================
aurora_kinase_inhibitor logloss: 0.06975763760207003
=========================================================================================
len(train_index) : 936
len(valid_index) : 936
================================= 1fold lightgbm =================================
len(train_index) : 936
len(valid_index) : 936
================================= 2fold lightgbm =================================
autotaxin_inhibitor logloss: 0.020905940969719754
=========================================================================================
len(train_index) : 963
len(valid_index) : 963
================================= 1fold lightgbm =================================
len(train_index) : 963
len(valid_index) : 963
================================= 2fold lightgbm =================================
bacterial_30s_ribosomal_subunit_inhibitor logloss: 0.10201149094056015
=========================================================================================
len(train_index) : 973
len(valid_index) : 973
================================= 1fold lightgbm =================================
len(train_index) : 973
len(valid_index) : 973
================================= 2fold lightgbm =================================
bacterial_50s_ribosomal_subunit_inhibitor logloss: 0.13188262982291837
=========================================================================================
len(train_index) : 951
len(valid_index) : 951
================================= 1fold lightgbm =================================
len(train_index) : 951
len(valid_index) : 951
================================= 2fold lightgbm =================================
bacterial_antifolate logloss: 0.06701564714515373
=========================================================================================
len(train_index) : 1029
len(valid_index) : 1029
================================= 1fold lightgbm =================================
len(train_index) : 1029
len(valid_index) : 1029
================================= 2fold lightgbm =================================
bacterial_cell_wall_synthesis_inhibitor logloss: 0.17629752553843744
=========================================================================================
len(train_index) : 977
len(valid_index) : 978
================================= 1fold lightgbm =================================
len(train_index) : 978
len(valid_index) : 977
================================= 2fold lightgbm =================================
bacterial_dna_gyrase_inhibitor logloss: 0.13452910871205848
=========================================================================================
len(train_index) : 990
len(valid_index) : 991
================================= 1fold lightgbm =================================
len(train_index) : 991
len(valid_index) : 990
================================= 2fold lightgbm =================================
bacterial_dna_inhibitor logloss: 0.13774641666886914
=========================================================================================
len(train_index) : 936
len(valid_index) : 937
================================= 1fold lightgbm =================================
len(train_index) : 937
len(valid_index) : 936
================================= 2fold lightgbm =================================
bacterial_membrane_integrity_inhibitor logloss: 0.013851896176478199
=========================================================================================
len(train_index) : 948
len(valid_index) : 949
================================= 1fold lightgbm =================================
len(train_index) : 949
len(valid_index) : 948
================================= 2fold lightgbm =================================
bcl_inhibitor logloss: 0.04920077386819582
=========================================================================================
len(train_index) : 952
len(valid_index) : 952
================================= 1fold lightgbm =================================
len(train_index) : 952
len(valid_index) : 952
================================= 2fold lightgbm =================================
bcr-abl_inhibitor logloss: 0.04984331637445591
=========================================================================================
len(train_index) : 966
len(valid_index) : 967
================================= 1fold lightgbm =================================
len(train_index) : 967
len(valid_index) : 966
================================= 2fold lightgbm =================================
benzodiazepine_receptor_agonist logloss: 0.1015305613930094
=========================================================================================
len(train_index) : 945
len(valid_index) : 945
================================= 1fold lightgbm =================================
len(train_index) : 945
len(valid_index) : 945
================================= 2fold lightgbm =================================
beta_amyloid_inhibitor logloss: 0.06434128410457667
=========================================================================================
len(train_index) : 967
len(valid_index) : 967
================================= 1fold lightgbm =================================
len(train_index) : 967
len(valid_index) : 967
================================= 2fold lightgbm =================================
bromodomain_inhibitor logloss: 0.08296543250640818
=========================================================================================
len(train_index) : 947
len(valid_index) : 948
================================= 1fold lightgbm =================================
len(train_index) : 948
len(valid_index) : 947
================================= 2fold lightgbm =================================
btk_inhibitor logloss: 0.06135949172496777
=========================================================================================
len(train_index) : 936
len(valid_index) : 936
================================= 1fold lightgbm =================================
len(train_index) : 936
len(valid_index) : 936
================================= 2fold lightgbm =================================
calcineurin_inhibitor logloss: 0.02154135416501911
=========================================================================================
len(train_index) : 1073
len(valid_index) : 1074
================================= 1fold lightgbm =================================
len(train_index) : 1074
len(valid_index) : 1073
================================= 2fold lightgbm =================================
calcium_channel_blocker logloss: 0.23244285573679752
=========================================================================================
len(train_index) : 954
len(valid_index) : 954
================================= 1fold lightgbm =================================
len(train_index) : 954
len(valid_index) : 954
================================= 2fold lightgbm =================================
cannabinoid_receptor_agonist logloss: 0.07714187097577149
=========================================================================================
len(train_index) : 960
len(valid_index) : 961
================================= 1fold lightgbm =================================
len(train_index) : 961
len(valid_index) : 960
================================= 2fold lightgbm =================================
cannabinoid_receptor_antagonist logloss: 0.09941228549695905
=========================================================================================
len(train_index) : 951
len(valid_index) : 951
================================= 1fold lightgbm =================================
len(train_index) : 951
len(valid_index) : 951
================================= 2fold lightgbm =================================
carbonic_anhydrase_inhibitor logloss: 0.07461930940434373
=========================================================================================
len(train_index) : 951
len(valid_index) : 951
================================= 1fold lightgbm =================================
len(train_index) : 951
len(valid_index) : 951
================================= 2fold lightgbm =================================
casein_kinase_inhibitor logloss: 0.07746135729531545
=========================================================================================
len(train_index) : 942
len(valid_index) : 942
================================= 1fold lightgbm =================================
len(train_index) : 942
len(valid_index) : 942
================================= 2fold lightgbm =================================
caspase_activator logloss: 0.049580587330526185
=========================================================================================
len(train_index) : 939
len(valid_index) : 939
================================= 1fold lightgbm =================================
len(train_index) : 939
len(valid_index) : 939
================================= 2fold lightgbm =================================
catechol_o_methyltransferase_inhibitor logloss: 0.03808911145907217
=========================================================================================
len(train_index) : 984
len(valid_index) : 984
================================= 1fold lightgbm =================================
len(train_index) : 984
len(valid_index) : 984
================================= 2fold lightgbm =================================
cc_chemokine_receptor_antagonist logloss: 0.16348072598973606
=========================================================================================
len(train_index) : 942
len(valid_index) : 942
================================= 1fold lightgbm =================================
len(train_index) : 942
len(valid_index) : 942
================================= 2fold lightgbm =================================
cck_receptor_antagonist logloss: 0.04862211117701609
=========================================================================================
len(train_index) : 1103
len(valid_index) : 1103
================================= 1fold lightgbm =================================
len(train_index) : 1103
len(valid_index) : 1103
================================= 2fold lightgbm =================================
cdk_inhibitor logloss: 0.0770333078542387
=========================================================================================
len(train_index) : 960
len(valid_index) : 960
================================= 1fold lightgbm =================================
len(train_index) : 960
len(valid_index) : 960
================================= 2fold lightgbm =================================
chelating_agent logloss: 0.10471952592272758
=========================================================================================
len(train_index) : 945
len(valid_index) : 945
================================= 1fold lightgbm =================================
len(train_index) : 945
len(valid_index) : 945
================================= 2fold lightgbm =================================
chk_inhibitor logloss: 0.02621636504189346
=========================================================================================
len(train_index) : 954
len(valid_index) : 954
================================= 1fold lightgbm =================================
len(train_index) : 954
len(valid_index) : 954
================================= 2fold lightgbm =================================
chloride_channel_blocker logloss: 0.0976078040975959
=========================================================================================
len(train_index) : 957
len(valid_index) : 957
================================= 1fold lightgbm =================================
len(train_index) : 957
len(valid_index) : 957
================================= 2fold lightgbm =================================
cholesterol_inhibitor logloss: 0.10068303535031682
=========================================================================================
len(train_index) : 960
len(valid_index) : 960
================================= 1fold lightgbm =================================
len(train_index) : 960
len(valid_index) : 960
================================= 2fold lightgbm =================================
cholinergic_receptor_antagonist logloss: 0.11557968430965407
=========================================================================================
len(train_index) : 936
len(valid_index) : 936
================================= 1fold lightgbm =================================
len(train_index) : 936
len(valid_index) : 936
================================= 2fold lightgbm =================================
coagulation_factor_inhibitor logloss: 0.021354415479449617
=========================================================================================
len(train_index) : 951
len(valid_index) : 951
================================= 1fold lightgbm =================================
len(train_index) : 951
len(valid_index) : 951
================================= 2fold lightgbm =================================
corticosteroid_agonist logloss: 0.04127096744071867
=========================================================================================
len(train_index) : 1150
len(valid_index) : 1151
================================= 1fold lightgbm =================================
len(train_index) : 1151
len(valid_index) : 1150
================================= 2fold lightgbm =================================
cyclooxygenase_inhibitor logloss: 0.23542056340050765
=========================================================================================
len(train_index) : 985
len(valid_index) : 985
================================= 1fold lightgbm =================================
len(train_index) : 985
len(valid_index) : 985
================================= 2fold lightgbm =================================
cytochrome_p450_inhibitor logloss: 0.14318135359605624
=========================================================================================
len(train_index) : 951
len(valid_index) : 951
================================= 1fold lightgbm =================================
len(train_index) : 951
len(valid_index) : 951
================================= 2fold lightgbm =================================
dihydrofolate_reductase_inhibitor logloss: 0.05730845225988155
=========================================================================================
len(train_index) : 945
len(valid_index) : 946
================================= 1fold lightgbm =================================
len(train_index) : 946
len(valid_index) : 945
================================= 2fold lightgbm =================================
dipeptidyl_peptidase_inhibitor logloss: 0.05389895628203149
=========================================================================================
len(train_index) : 936
len(valid_index) : 936
================================= 1fold lightgbm =================================
len(train_index) : 936
len(valid_index) : 936
================================= 2fold lightgbm =================================
diuretic logloss: 0.021078242319525636
=========================================================================================
len(train_index) : 957
len(valid_index) : 957
================================= 1fold lightgbm =================================
len(train_index) : 957
len(valid_index) : 957
================================= 2fold lightgbm =================================
dna_alkylating_agent logloss: 0.10149502797811628
=========================================================================================
len(train_index) : 1134
len(valid_index) : 1134
================================= 1fold lightgbm =================================
len(train_index) : 1134
len(valid_index) : 1134
================================= 2fold lightgbm =================================
dna_inhibitor logloss: 0.20172464399288098
=========================================================================================
len(train_index) : 993
len(valid_index) : 994
================================= 1fold lightgbm =================================
len(train_index) : 994
len(valid_index) : 993
================================= 2fold lightgbm =================================
dopamine_receptor_agonist logloss: 0.14537704369968088
=========================================================================================
len(train_index) : 1145
len(valid_index) : 1145
================================= 1fold lightgbm =================================
len(train_index) : 1145
len(valid_index) : 1145
================================= 2fold lightgbm =================================
dopamine_receptor_antagonist logloss: 0.19644812932901648
=========================================================================================
len(train_index) : 1101
len(valid_index) : 1101
================================= 1fold lightgbm =================================
len(train_index) : 1101
len(valid_index) : 1101
================================= 2fold lightgbm =================================
egfr_inhibitor logloss: 0.10030058340348558
=========================================================================================
len(train_index) : 936
len(valid_index) : 936
================================= 1fold lightgbm =================================
len(train_index) : 936
len(valid_index) : 936
================================= 2fold lightgbm =================================
elastase_inhibitor logloss: 0.02049987114621804
=========================================================================================
len(train_index) : 933
len(valid_index) : 934
================================= 1fold lightgbm =================================
len(train_index) : 934
len(valid_index) : 933
================================= 2fold lightgbm =================================
erbb2_inhibitor logloss: 0.018500493249676037
=========================================================================================
len(train_index) : 1012
len(valid_index) : 1012
================================= 1fold lightgbm =================================
len(train_index) : 1012
len(valid_index) : 1012
================================= 2fold lightgbm =================================
estrogen_receptor_agonist logloss: 0.18706745675075073
=========================================================================================
len(train_index) : 957
len(valid_index) : 957
================================= 1fold lightgbm =================================
len(train_index) : 957
len(valid_index) : 957
================================= 2fold lightgbm =================================
estrogen_receptor_antagonist logloss: 0.0841955443609586
=========================================================================================
len(train_index) : 951
len(valid_index) : 951
================================= 1fold lightgbm =================================
len(train_index) : 951
len(valid_index) : 951
================================= 2fold lightgbm =================================
faah_inhibitor logloss: 0.08620257495434376
=========================================================================================
len(train_index) : 942
len(valid_index) : 942
================================= 1fold lightgbm =================================
len(train_index) : 942
len(valid_index) : 942
================================= 2fold lightgbm =================================
farnesyltransferase_inhibitor logloss: 0.022374374232885047
=========================================================================================
len(train_index) : 945
len(valid_index) : 946
================================= 1fold lightgbm =================================
len(train_index) : 946
len(valid_index) : 945
================================= 2fold lightgbm =================================
fatty_acid_receptor_agonist logloss: 0.06310073389683006
=========================================================================================
len(train_index) : 958
len(valid_index) : 958
================================= 1fold lightgbm =================================
len(train_index) : 958
len(valid_index) : 958
================================= 2fold lightgbm =================================
fgfr_inhibitor logloss: 0.05184258615192704
=========================================================================================
len(train_index) : 1072
len(valid_index) : 1073
================================= 1fold lightgbm =================================
len(train_index) : 1073
len(valid_index) : 1072
================================= 2fold lightgbm =================================
flt3_inhibitor logloss: 0.10117890731702373
=========================================================================================
len(train_index) : 942
len(valid_index) : 942
================================= 1fold lightgbm =================================
len(train_index) : 942
len(valid_index) : 942
================================= 2fold lightgbm =================================
focal_adhesion_kinase_inhibitor logloss: 0.020807297207359392
=========================================================================================
len(train_index) : 942
len(valid_index) : 942
================================= 1fold lightgbm =================================
len(train_index) : 942
len(valid_index) : 942
================================= 2fold lightgbm =================================
free_radical_scavenger logloss: 0.04685758096427435
=========================================================================================
len(train_index) : 944
len(valid_index) : 945
================================= 1fold lightgbm =================================
len(train_index) : 945
len(valid_index) : 944
================================= 2fold lightgbm =================================
fungal_squalene_epoxidase_inhibitor logloss: 0.05294914759922725
=========================================================================================
len(train_index) : 986
len(valid_index) : 986
================================= 1fold lightgbm =================================
len(train_index) : 986
len(valid_index) : 986
================================= 2fold lightgbm =================================
gaba_receptor_agonist logloss: 0.15660720121521668
=========================================================================================
len(train_index) : 1015
len(valid_index) : 1016
================================= 1fold lightgbm =================================
len(train_index) : 1016
len(valid_index) : 1015
================================= 2fold lightgbm =================================
gaba_receptor_antagonist logloss: 0.1655269399226408
=========================================================================================
len(train_index) : 961
len(valid_index) : 961
================================= 1fold lightgbm =================================
len(train_index) : 961
len(valid_index) : 961
================================= 2fold lightgbm =================================
gamma_secretase_inhibitor logloss: 0.06052411350345947
=========================================================================================
len(train_index) : 1066
len(valid_index) : 1066
================================= 1fold lightgbm =================================
len(train_index) : 1066
len(valid_index) : 1066
================================= 2fold lightgbm =================================
glucocorticoid_receptor_agonist logloss: 0.051258352706666045
=========================================================================================
len(train_index) : 939
len(valid_index) : 940
================================= 1fold lightgbm =================================
len(train_index) : 940
len(valid_index) : 939
================================= 2fold lightgbm =================================
glutamate_inhibitor logloss: 0.040676189018005515
=========================================================================================
len(train_index) : 970
len(valid_index) : 970
================================= 1fold lightgbm =================================
len(train_index) : 970
len(valid_index) : 970
================================= 2fold lightgbm =================================
glutamate_receptor_agonist logloss: 0.11342768956612445
=========================================================================================
len(train_index) : 1116
len(valid_index) : 1117
================================= 1fold lightgbm =================================
len(train_index) : 1117
len(valid_index) : 1116
================================= 2fold lightgbm =================================
glutamate_receptor_antagonist logloss: 0.2110456697402478
=========================================================================================
len(train_index) : 942
len(valid_index) : 942
================================= 1fold lightgbm =================================
len(train_index) : 942
len(valid_index) : 942
================================= 2fold lightgbm =================================
gonadotropin_receptor_agonist logloss: 0.05085814596599451
=========================================================================================
len(train_index) : 963
len(valid_index) : 963
================================= 1fold lightgbm =================================
len(train_index) : 963
len(valid_index) : 963
================================= 2fold lightgbm =================================
gsk_inhibitor logloss: 0.07568536252220576
=========================================================================================
len(train_index) : 969
len(valid_index) : 969
================================= 1fold lightgbm =================================
len(train_index) : 969
len(valid_index) : 969
================================= 2fold lightgbm =================================
hcv_inhibitor logloss: 0.1188029675938185
=========================================================================================
len(train_index) : 986
len(valid_index) : 986
================================= 1fold lightgbm =================================
len(train_index) : 986
len(valid_index) : 986
================================= 2fold lightgbm =================================
hdac_inhibitor logloss: 0.07662903047879943
=========================================================================================
len(train_index) : 962
len(valid_index) : 963
================================= 1fold lightgbm =================================
len(train_index) : 963
len(valid_index) : 962
================================= 2fold lightgbm =================================
histamine_receptor_agonist logloss: 0.10665781458802095
=========================================================================================
len(train_index) : 1053
len(valid_index) : 1054
================================= 1fold lightgbm =================================
len(train_index) : 1054
len(valid_index) : 1053
================================= 2fold lightgbm =================================
histamine_receptor_antagonist logloss: 0.19763408274720684
=========================================================================================
len(train_index) : 945
len(valid_index) : 945
================================= 1fold lightgbm =================================
len(train_index) : 945
len(valid_index) : 945
================================= 2fold lightgbm =================================
histone_lysine_demethylase_inhibitor logloss: 0.04536260125792135
=========================================================================================
len(train_index) : 949
len(valid_index) : 949
================================= 1fold lightgbm =================================
len(train_index) : 949
len(valid_index) : 949
================================= 2fold lightgbm =================================
histone_lysine_methyltransferase_inhibitor logloss: 0.06089458336757078
=========================================================================================
len(train_index) : 969
len(valid_index) : 969
================================= 1fold lightgbm =================================
len(train_index) : 969
len(valid_index) : 969
================================= 2fold lightgbm =================================
hiv_inhibitor logloss: 0.10317837136393367
=========================================================================================
len(train_index) : 1074
len(valid_index) : 1075
================================= 1fold lightgbm =================================
len(train_index) : 1075
len(valid_index) : 1074
================================= 2fold lightgbm =================================
hmgcr_inhibitor logloss: 0.053118245107296666
=========================================================================================
len(train_index) : 979
len(valid_index) : 980
================================= 1fold lightgbm =================================
len(train_index) : 980
len(valid_index) : 979
================================= 2fold lightgbm =================================
hsp_inhibitor logloss: 0.05179356269283423
=========================================================================================
len(train_index) : 951
len(valid_index) : 952
================================= 1fold lightgbm =================================
len(train_index) : 952
len(valid_index) : 951
================================= 2fold lightgbm =================================
igf-1_inhibitor logloss: 0.048974957158207426
=========================================================================================
len(train_index) : 948
len(valid_index) : 948
================================= 1fold lightgbm =================================
len(train_index) : 948
len(valid_index) : 948
================================= 2fold lightgbm =================================
ikk_inhibitor logloss: 0.039344480436526434
=========================================================================================
len(train_index) : 948
len(valid_index) : 949
================================= 1fold lightgbm =================================
len(train_index) : 949
len(valid_index) : 948
================================= 2fold lightgbm =================================
imidazoline_receptor_agonist logloss: 0.08052416995936862
=========================================================================================
len(train_index) : 969
len(valid_index) : 970
================================= 1fold lightgbm =================================
len(train_index) : 970
len(valid_index) : 969
================================= 2fold lightgbm =================================
immunosuppressant logloss: 0.10467022827410769
=========================================================================================
len(train_index) : 948
len(valid_index) : 948
================================= 1fold lightgbm =================================
len(train_index) : 948
len(valid_index) : 948
================================= 2fold lightgbm =================================
insulin_secretagogue logloss: 0.0722617269808353
=========================================================================================
len(train_index) : 958
len(valid_index) : 959
================================= 1fold lightgbm =================================
len(train_index) : 959
len(valid_index) : 958
================================= 2fold lightgbm =================================
insulin_sensitizer logloss: 0.08852170155055025
=========================================================================================
len(train_index) : 954
len(valid_index) : 954
================================= 1fold lightgbm =================================
len(train_index) : 954
len(valid_index) : 954
================================= 2fold lightgbm =================================
integrin_inhibitor logloss: 0.09343377936754997
=========================================================================================
len(train_index) : 979
len(valid_index) : 979
================================= 1fold lightgbm =================================
len(train_index) : 979
len(valid_index) : 979
================================= 2fold lightgbm =================================
jak_inhibitor logloss: 0.07508721869879999
=========================================================================================
len(train_index) : 1069
len(valid_index) : 1070
================================= 1fold lightgbm =================================
len(train_index) : 1070
len(valid_index) : 1069
================================= 2fold lightgbm =================================
kit_inhibitor logloss: 0.07042125238269659
=========================================================================================
len(train_index) : 936
len(valid_index) : 936
================================= 1fold lightgbm =================================
len(train_index) : 936
len(valid_index) : 936
================================= 2fold lightgbm =================================
laxative logloss: 0.019390501763617465
=========================================================================================
len(train_index) : 936
len(valid_index) : 936
================================= 1fold lightgbm =================================
len(train_index) : 936
len(valid_index) : 936
================================= 2fold lightgbm =================================
leukotriene_inhibitor logloss: 0.02103159135325732
=========================================================================================
len(train_index) : 964
len(valid_index) : 964
================================= 1fold lightgbm =================================
len(train_index) : 964
len(valid_index) : 964
================================= 2fold lightgbm =================================
leukotriene_receptor_antagonist logloss: 0.0960829767491435
=========================================================================================
len(train_index) : 939
len(valid_index) : 939
================================= 1fold lightgbm =================================
len(train_index) : 939
len(valid_index) : 939
================================= 2fold lightgbm =================================
lipase_inhibitor logloss: 0.038739065019310036
=========================================================================================
len(train_index) : 963
len(valid_index) : 964
================================= 1fold lightgbm =================================
len(train_index) : 964
len(valid_index) : 963
================================= 2fold lightgbm =================================
lipoxygenase_inhibitor logloss: 0.10345365553442164
=========================================================================================
len(train_index) : 936
len(valid_index) : 936
================================= 1fold lightgbm =================================
len(train_index) : 936
len(valid_index) : 936
================================= 2fold lightgbm =================================
lxr_agonist logloss: 0.01472056601379919
=========================================================================================
len(train_index) : 948
len(valid_index) : 949
================================= 1fold lightgbm =================================
len(train_index) : 949
len(valid_index) : 948
================================= 2fold lightgbm =================================
mdm_inhibitor logloss: 0.028458831626874095
=========================================================================================
len(train_index) : 969
len(valid_index) : 969
================================= 1fold lightgbm =================================
len(train_index) : 969
len(valid_index) : 969
================================= 2fold lightgbm =================================
mek_inhibitor logloss: 0.051081440840099655
=========================================================================================
len(train_index) : 970
len(valid_index) : 970
================================= 1fold lightgbm =================================
len(train_index) : 970
len(valid_index) : 970
================================= 2fold lightgbm =================================
membrane_integrity_inhibitor logloss: 0.12773834921559976
=========================================================================================
len(train_index) : 945
len(valid_index) : 946
================================= 1fold lightgbm =================================
len(train_index) : 946
len(valid_index) : 945
================================= 2fold lightgbm =================================
mineralocorticoid_receptor_antagonist logloss: 0.06233694073753489
=========================================================================================
len(train_index) : 939
len(valid_index) : 939
================================= 1fold lightgbm =================================
len(train_index) : 939
len(valid_index) : 939
================================= 2fold lightgbm =================================
monoacylglycerol_lipase_inhibitor logloss: 0.03471326352238482
=========================================================================================
len(train_index) : 975
len(valid_index) : 976
================================= 1fold lightgbm =================================
len(train_index) : 976
len(valid_index) : 975
================================= 2fold lightgbm =================================
monoamine_oxidase_inhibitor logloss: 0.12797059455214477
=========================================================================================
len(train_index) : 942
len(valid_index) : 942
================================= 1fold lightgbm =================================
len(train_index) : 942
len(valid_index) : 942
================================= 2fold lightgbm =================================
monopolar_spindle_1_kinase_inhibitor logloss: 0.023556545398829638
=========================================================================================
len(train_index) : 998
len(valid_index) : 998
================================= 1fold lightgbm =================================
len(train_index) : 998
len(valid_index) : 998
================================= 2fold lightgbm =================================
mtor_inhibitor logloss: 0.06456555089498768
=========================================================================================
len(train_index) : 957
len(valid_index) : 957
================================= 1fold lightgbm =================================
len(train_index) : 957
len(valid_index) : 957
================================= 2fold lightgbm =================================
mucolytic_agent logloss: 0.08444649873860212
=========================================================================================
len(train_index) : 951
len(valid_index) : 952
================================= 1fold lightgbm =================================
len(train_index) : 952
len(valid_index) : 951
================================= 2fold lightgbm =================================
neuropeptide_receptor_antagonist logloss: 0.07864424005967571
=========================================================================================
len(train_index) : 1349
len(valid_index) : 1349
================================= 1fold lightgbm =================================
len(train_index) : 1349
len(valid_index) : 1349
================================= 2fold lightgbm =================================
nfkb_inhibitor logloss: 0.10320390061820396
=========================================================================================
len(train_index) : 936
len(valid_index) : 936
================================= 1fold lightgbm =================================
len(train_index) : 936
len(valid_index) : 936
================================= 2fold lightgbm =================================
nicotinic_receptor_agonist logloss: 0.019676151924911397
=========================================================================================
len(train_index) : 946
len(valid_index) : 946
================================= 1fold lightgbm =================================
len(train_index) : 946
len(valid_index) : 946
================================= 2fold lightgbm =================================
nitric_oxide_donor logloss: 0.06293343216878378
=========================================================================================
len(train_index) : 939
len(valid_index) : 939
================================= 1fold lightgbm =================================
len(train_index) : 939
len(valid_index) : 939
================================= 2fold lightgbm =================================
nitric_oxide_production_inhibitor logloss: 0.027982793347781223
=========================================================================================
len(train_index) : 946
len(valid_index) : 946
================================= 1fold lightgbm =================================
len(train_index) : 946
len(valid_index) : 946
================================= 2fold lightgbm =================================
nitric_oxide_synthase_inhibitor logloss: 0.05097411291626659
=========================================================================================
len(train_index) : 936
len(valid_index) : 937
================================= 1fold lightgbm =================================
len(train_index) : 937
len(valid_index) : 936
================================= 2fold lightgbm =================================
norepinephrine_reuptake_inhibitor logloss: 0.023265749057577643
=========================================================================================
len(train_index) : 942
len(valid_index) : 942
================================= 1fold lightgbm =================================
len(train_index) : 942
len(valid_index) : 942
================================= 2fold lightgbm =================================
nrf2_activator logloss: 0.03080003018032489
=========================================================================================
len(train_index) : 963
len(valid_index) : 964
================================= 1fold lightgbm =================================
len(train_index) : 964
len(valid_index) : 963
================================= 2fold lightgbm =================================
opioid_receptor_agonist logloss: 0.10180719673061749
=========================================================================================
len(train_index) : 981
len(valid_index) : 981
================================= 1fold lightgbm =================================
len(train_index) : 981
len(valid_index) : 981
================================= 2fold lightgbm =================================
opioid_receptor_antagonist logloss: 0.13771753366934106
=========================================================================================
len(train_index) : 951
len(valid_index) : 952
================================= 1fold lightgbm =================================
len(train_index) : 952
len(valid_index) : 951
================================= 2fold lightgbm =================================
orexin_receptor_antagonist logloss: 0.06999246941121808
=========================================================================================
len(train_index) : 964
len(valid_index) : 964
================================= 1fold lightgbm =================================
len(train_index) : 964
len(valid_index) : 964
================================= 2fold lightgbm =================================
p38_mapk_inhibitor logloss: 0.07650481848472952
=========================================================================================
len(train_index) : 945
len(valid_index) : 945
================================= 1fold lightgbm =================================
len(train_index) : 945
len(valid_index) : 945
================================= 2fold lightgbm =================================
p-glycoprotein_inhibitor logloss: 0.0567057920543347
=========================================================================================
len(train_index) : 963
len(valid_index) : 964
================================= 1fold lightgbm =================================
len(train_index) : 964
len(valid_index) : 963
================================= 2fold lightgbm =================================
parp_inhibitor logloss: 0.09907965590538621
=========================================================================================
len(train_index) : 1081
len(valid_index) : 1082
================================= 1fold lightgbm =================================
len(train_index) : 1082
len(valid_index) : 1081
================================= 2fold lightgbm =================================
pdgfr_inhibitor logloss: 0.07540624854437054
=========================================================================================
len(train_index) : 942
len(valid_index) : 942
================================= 1fold lightgbm =================================
len(train_index) : 942
len(valid_index) : 942
================================= 2fold lightgbm =================================
pdk_inhibitor logloss: 0.04901259944178543
=========================================================================================
len(train_index) : 1065
len(valid_index) : 1065
================================= 1fold lightgbm =================================
len(train_index) : 1065
len(valid_index) : 1065
================================= 2fold lightgbm =================================
phosphodiesterase_inhibitor logloss: 0.21490501159051023
=========================================================================================
len(train_index) : 945
len(valid_index) : 946
================================= 1fold lightgbm =================================
len(train_index) : 946
len(valid_index) : 945
================================= 2fold lightgbm =================================
phospholipase_inhibitor logloss: 0.06754874638018817
=========================================================================================
len(train_index) : 1008
len(valid_index) : 1009
================================= 1fold lightgbm =================================
len(train_index) : 1009
len(valid_index) : 1008
================================= 2fold lightgbm =================================
pi3k_inhibitor logloss: 0.10320527146192773
=========================================================================================
len(train_index) : 948
len(valid_index) : 949
================================= 1fold lightgbm =================================
len(train_index) : 949
len(valid_index) : 948
================================= 2fold lightgbm =================================
pkc_inhibitor logloss: 0.06622970351187417
=========================================================================================
len(train_index) : 960
len(valid_index) : 961
================================= 1fold lightgbm =================================
len(train_index) : 961
len(valid_index) : 960
================================= 2fold lightgbm =================================
potassium_channel_activator logloss: 0.11455283233050614
=========================================================================================
len(train_index) : 982
len(valid_index) : 982
================================= 1fold lightgbm =================================
len(train_index) : 982
len(valid_index) : 982
================================= 2fold lightgbm =================================
potassium_channel_antagonist logloss: 0.13903040130478628
=========================================================================================
len(train_index) : 990
len(valid_index) : 991
================================= 1fold lightgbm =================================
len(train_index) : 991
len(valid_index) : 990
================================= 2fold lightgbm =================================
ppar_receptor_agonist logloss: 0.13179428321840314
=========================================================================================
len(train_index) : 948
len(valid_index) : 948
================================= 1fold lightgbm =================================
len(train_index) : 948
len(valid_index) : 948
================================= 2fold lightgbm =================================
ppar_receptor_antagonist logloss: 0.07359806838792528
=========================================================================================
len(train_index) : 992
len(valid_index) : 993
================================= 1fold lightgbm =================================
len(train_index) : 993
len(valid_index) : 992
================================= 2fold lightgbm =================================
progesterone_receptor_agonist logloss: 0.13000489925875788
=========================================================================================
len(train_index) : 942
len(valid_index) : 942
================================= 1fold lightgbm =================================
len(train_index) : 942
len(valid_index) : 942
================================= 2fold lightgbm =================================
progesterone_receptor_antagonist logloss: 0.04543136852298633
=========================================================================================
len(train_index) : 951
len(valid_index) : 951
================================= 1fold lightgbm =================================
len(train_index) : 951
len(valid_index) : 951
================================= 2fold lightgbm =================================
prostaglandin_inhibitor logloss: 0.0833389007053044
=========================================================================================
len(train_index) : 975
len(valid_index) : 975
================================= 1fold lightgbm =================================
len(train_index) : 975
len(valid_index) : 975
================================= 2fold lightgbm =================================
prostanoid_receptor_antagonist logloss: 0.12625860347823806
=========================================================================================
len(train_index) : 1296
len(valid_index) : 1296
================================= 1fold lightgbm =================================
len(train_index) : 1296
len(valid_index) : 1296
================================= 2fold lightgbm =================================
proteasome_inhibitor logloss: 0.015621821083481192
=========================================================================================
len(train_index) : 957
len(valid_index) : 957
================================= 1fold lightgbm =================================
len(train_index) : 957
len(valid_index) : 957
================================= 2fold lightgbm =================================
protein_kinase_inhibitor logloss: 0.10527933731322475
=========================================================================================
len(train_index) : 936
len(valid_index) : 936
================================= 1fold lightgbm =================================
len(train_index) : 936
len(valid_index) : 936
================================= 2fold lightgbm =================================
protein_phosphatase_inhibitor logloss: 0.0163930134002505
=========================================================================================
len(train_index) : 984
len(valid_index) : 985
================================= 1fold lightgbm =================================
len(train_index) : 985
len(valid_index) : 984
================================= 2fold lightgbm =================================
protein_synthesis_inhibitor logloss: 0.13024963491273
=========================================================================================
len(train_index) : 942
len(valid_index) : 943
================================= 1fold lightgbm =================================
len(train_index) : 943
len(valid_index) : 942
================================= 2fold lightgbm =================================
protein_tyrosine_kinase_inhibitor logloss: 0.05174571790703219
=========================================================================================
len(train_index) : 961
len(valid_index) : 961
================================= 1fold lightgbm =================================
len(train_index) : 961
len(valid_index) : 961
================================= 2fold lightgbm =================================
radiopaque_medium logloss: 0.10347475447783244
=========================================================================================
len(train_index) : 1044
len(valid_index) : 1045
================================= 1fold lightgbm =================================
len(train_index) : 1045
len(valid_index) : 1044
================================= 2fold lightgbm =================================
raf_inhibitor logloss: 0.03706624547121264
=========================================================================================
len(train_index) : 939
len(valid_index) : 939
================================= 1fold lightgbm =================================
len(train_index) : 939
len(valid_index) : 939
================================= 2fold lightgbm =================================
ras_gtpase_inhibitor logloss: 0.03493499860286266
=========================================================================================
len(train_index) : 966
len(valid_index) : 967
================================= 1fold lightgbm =================================
len(train_index) : 967
len(valid_index) : 966
================================= 2fold lightgbm =================================
retinoid_receptor_agonist logloss: 0.06336038935595059
=========================================================================================
len(train_index) : 936
len(valid_index) : 936
================================= 1fold lightgbm =================================
len(train_index) : 936
len(valid_index) : 936
================================= 2fold lightgbm =================================
retinoid_receptor_antagonist logloss: 0.01941016101588045
=========================================================================================
len(train_index) : 950
len(valid_index) : 951
================================= 1fold lightgbm =================================
len(train_index) : 951
len(valid_index) : 950
================================= 2fold lightgbm =================================
rho_associated_kinase_inhibitor logloss: 0.07145316382233771
=========================================================================================
len(train_index) : 951
len(valid_index) : 952
================================= 1fold lightgbm =================================
len(train_index) : 952
len(valid_index) : 951
================================= 2fold lightgbm =================================
ribonucleoside_reductase_inhibitor logloss: 0.060197663473667465
=========================================================================================
len(train_index) : 945
len(valid_index) : 946
================================= 1fold lightgbm =================================
len(train_index) : 946
len(valid_index) : 945
================================= 2fold lightgbm =================================
rna_polymerase_inhibitor logloss: 0.06290796921518965
=========================================================================================
len(train_index) : 1051
len(valid_index) : 1051
================================= 1fold lightgbm =================================
len(train_index) : 1051
len(valid_index) : 1051
================================= 2fold lightgbm =================================
serotonin_receptor_agonist logloss: 0.20200993895885458
=========================================================================================
len(train_index) : 1135
len(valid_index) : 1135
================================= 1fold lightgbm =================================
len(train_index) : 1135
len(valid_index) : 1135
================================= 2fold lightgbm =================================
serotonin_receptor_antagonist logloss: 0.18222608678680338
=========================================================================================
len(train_index) : 955
len(valid_index) : 955
================================= 1fold lightgbm =================================
len(train_index) : 955
len(valid_index) : 955
================================= 2fold lightgbm =================================
serotonin_reuptake_inhibitor logloss: 0.09268875214636677
=========================================================================================
len(train_index) : 951
len(valid_index) : 951
================================= 1fold lightgbm =================================
len(train_index) : 951
len(valid_index) : 951
================================= 2fold lightgbm =================================
sigma_receptor_agonist logloss: 0.07949673527080568
=========================================================================================
len(train_index) : 951
len(valid_index) : 951
================================= 1fold lightgbm =================================
len(train_index) : 951
len(valid_index) : 951
================================= 2fold lightgbm =================================
sigma_receptor_antagonist logloss: 0.08004214701012333
=========================================================================================
len(train_index) : 945
len(valid_index) : 946
================================= 1fold lightgbm =================================
len(train_index) : 946
len(valid_index) : 945
================================= 2fold lightgbm =================================
smoothened_receptor_antagonist logloss: 0.06772793301054152
=========================================================================================
len(train_index) : 1066
len(valid_index) : 1067
================================= 1fold lightgbm =================================
len(train_index) : 1067
len(valid_index) : 1066
================================= 2fold lightgbm =================================
sodium_channel_inhibitor logloss: 0.19493902128662655
=========================================================================================
len(train_index) : 945
len(valid_index) : 946
================================= 1fold lightgbm =================================
len(train_index) : 946
len(valid_index) : 945
================================= 2fold lightgbm =================================
sphingosine_receptor_agonist logloss: 0.06914332606351355
=========================================================================================
len(train_index) : 968
len(valid_index) : 969
================================= 1fold lightgbm =================================
len(train_index) : 969
len(valid_index) : 968
================================= 2fold lightgbm =================================
src_inhibitor logloss: 0.07776759578531339
=========================================================================================
len(train_index) : 936
len(valid_index) : 936
================================= 1fold lightgbm =================================
len(train_index) : 936
len(valid_index) : 936
================================= 2fold lightgbm =================================
steroid logloss: 0.021655957350700333
=========================================================================================
len(train_index) : 942
len(valid_index) : 943
================================= 1fold lightgbm =================================
len(train_index) : 943
len(valid_index) : 942
================================= 2fold lightgbm =================================
syk_inhibitor logloss: 0.03007548319059811
=========================================================================================
len(train_index) : 963
len(valid_index) : 963
================================= 1fold lightgbm =================================
len(train_index) : 963
len(valid_index) : 963
================================= 2fold lightgbm =================================
tachykinin_antagonist logloss: 0.1048850837870454
=========================================================================================
len(train_index) : 948
len(valid_index) : 948
================================= 1fold lightgbm =================================
len(train_index) : 948
len(valid_index) : 948
================================= 2fold lightgbm =================================
tgf-beta_receptor_inhibitor logloss: 0.0025197454164238727
=========================================================================================
len(train_index) : 942
len(valid_index) : 943
================================= 1fold lightgbm =================================
len(train_index) : 943
len(valid_index) : 942
================================= 2fold lightgbm =================================
thrombin_inhibitor logloss: 0.041075166233617
=========================================================================================
len(train_index) : 951
len(valid_index) : 952
================================= 1fold lightgbm =================================
len(train_index) : 952
len(valid_index) : 951
================================= 2fold lightgbm =================================
thymidylate_synthase_inhibitor logloss: 0.06683877592082672
=========================================================================================
len(train_index) : 948
len(valid_index) : 948
================================= 1fold lightgbm =================================
len(train_index) : 948
len(valid_index) : 948
================================= 2fold lightgbm =================================
tlr_agonist logloss: 0.06956315643315344
=========================================================================================
len(train_index) : 936
len(valid_index) : 937
================================= 1fold lightgbm =================================
len(train_index) : 937
len(valid_index) : 936
================================= 2fold lightgbm =================================
tlr_antagonist logloss: 0.024910823261017345
=========================================================================================
len(train_index) : 951
len(valid_index) : 951
================================= 1fold lightgbm =================================
len(train_index) : 951
len(valid_index) : 951
================================= 2fold lightgbm =================================
tnf_inhibitor logloss: 0.07602376707268305
=========================================================================================
len(train_index) : 996
len(valid_index) : 997
================================= 1fold lightgbm =================================
len(train_index) : 997
len(valid_index) : 996
================================= 2fold lightgbm =================================
topoisomerase_inhibitor logloss: 0.06447488282440786
=========================================================================================
len(train_index) : 942
len(valid_index) : 942
================================= 1fold lightgbm =================================
len(train_index) : 942
len(valid_index) : 942
================================= 2fold lightgbm =================================
transient_receptor_potential_channel_antagonist logloss: 0.04636164595760052
=========================================================================================
len(train_index) : 936
len(valid_index) : 936
================================= 1fold lightgbm =================================
len(train_index) : 936
len(valid_index) : 936
================================= 2fold lightgbm =================================
tropomyosin_receptor_kinase_inhibitor logloss: 0.021585483910397503
=========================================================================================
len(train_index) : 945
len(valid_index) : 946
================================= 1fold lightgbm =================================
len(train_index) : 946
len(valid_index) : 945
================================= 2fold lightgbm =================================
trpv_agonist logloss: 0.050879765763825524
=========================================================================================
len(train_index) : 957
len(valid_index) : 957
================================= 1fold lightgbm =================================
len(train_index) : 957
len(valid_index) : 957
================================= 2fold lightgbm =================================
trpv_antagonist logloss: 0.1054896823077872
=========================================================================================
len(train_index) : 1091
len(valid_index) : 1091
================================= 1fold lightgbm =================================
len(train_index) : 1091
len(valid_index) : 1091
================================= 2fold lightgbm =================================
tubulin_inhibitor logloss: 0.11347194069063707
=========================================================================================
len(train_index) : 969
len(valid_index) : 970
================================= 1fold lightgbm =================================
len(train_index) : 970
len(valid_index) : 969
================================= 2fold lightgbm =================================
tyrosine_kinase_inhibitor logloss: 0.10426198993383434
=========================================================================================
len(train_index) : 936
len(valid_index) : 936
================================= 1fold lightgbm =================================
len(train_index) : 936
len(valid_index) : 936
================================= 2fold lightgbm =================================
ubiquitin_specific_protease_inhibitor logloss: 0.019586714455125602
=========================================================================================
len(train_index) : 1018
len(valid_index) : 1018
================================= 1fold lightgbm =================================
len(train_index) : 1018
len(valid_index) : 1018
================================= 2fold lightgbm =================================
vegfr_inhibitor logloss: 0.08561616149222911
=========================================================================================
len(train_index) : 946
len(valid_index) : 946
================================= 1fold lightgbm =================================
len(train_index) : 946
len(valid_index) : 946
================================= 2fold lightgbm =================================
vitamin_b logloss: 0.07042233801752608
=========================================================================================
len(train_index) : 952
len(valid_index) : 953
================================= 1fold lightgbm =================================
len(train_index) : 953
len(valid_index) : 952
================================= 2fold lightgbm =================================
vitamin_d_receptor_agonist logloss: 0.06867718937731952
=========================================================================================
len(train_index) : 948
len(valid_index) : 948
================================= 1fold lightgbm =================================
len(train_index) : 948
len(valid_index) : 948
================================= 2fold lightgbm =================================
wnt_inhibitor logloss: 0.07672455178094545
=========================================================================================
