len(trt) : 17
len(train_index) : 941
len(valid_index) : 942
================================= 1fold lightgbm =================================
len(train_index) : 942
len(valid_index) : 941
================================= 2fold lightgbm =================================
5-alpha_reductase_inhibitor logloss: 0.017965523638020304
=========================================================================================
len(trt) : 18
len(train_index) : 942
len(valid_index) : 942
================================= 1fold lightgbm =================================
len(train_index) : 942
len(valid_index) : 942
================================= 2fold lightgbm =================================
11-beta-hsd1_inhibitor logloss: 0.022579089166345476
=========================================================================================
len(trt) : 24
len(train_index) : 945
len(valid_index) : 945
================================= 1fold lightgbm =================================
len(train_index) : 945
len(valid_index) : 945
================================= 2fold lightgbm =================================
acat_inhibitor logloss: 0.05321603432977849
=========================================================================================
len(trt) : 190
len(train_index) : 1028
len(valid_index) : 1028
================================= 1fold lightgbm =================================
len(train_index) : 1028
len(valid_index) : 1028
================================= 2fold lightgbm =================================
acetylcholine_receptor_agonist logloss: 0.04555857439191136
=========================================================================================
len(trt) : 301
len(train_index) : 1083
len(valid_index) : 1084
================================= 1fold lightgbm =================================
len(train_index) : 1084
len(valid_index) : 1083
================================= 2fold lightgbm =================================
acetylcholine_receptor_antagonist logloss: 0.013320547545008624
=========================================================================================
len(trt) : 73
len(train_index) : 969
len(valid_index) : 970
================================= 1fold lightgbm =================================
len(train_index) : 970
len(valid_index) : 969
================================= 2fold lightgbm =================================
acetylcholinesterase_inhibitor logloss: 0.03893476703889938
=========================================================================================
len(trt) : 54
len(train_index) : 960
len(valid_index) : 960
================================= 1fold lightgbm =================================
len(train_index) : 960
len(valid_index) : 960
================================= 2fold lightgbm =================================
adenosine_receptor_agonist logloss: 0.06460195302283062
=========================================================================================
len(trt) : 96
len(train_index) : 981
len(valid_index) : 981
================================= 1fold lightgbm =================================
len(train_index) : 981
len(valid_index) : 981
================================= 2fold lightgbm =================================
adenosine_receptor_antagonist logloss: 0.05192013455014018
=========================================================================================
len(trt) : 12
len(train_index) : 939
len(valid_index) : 939
================================= 1fold lightgbm =================================
len(train_index) : 939
len(valid_index) : 939
================================= 2fold lightgbm =================================
adenylyl_cyclase_activator logloss: 0.021725674482650836
=========================================================================================
len(trt) : 270
len(train_index) : 1068
len(valid_index) : 1068
================================= 1fold lightgbm =================================
len(train_index) : 1068
len(valid_index) : 1068
================================= 2fold lightgbm =================================
adrenergic_receptor_agonist logloss: 0.026313460187128566
=========================================================================================
len(trt) : 360
len(train_index) : 1113
len(valid_index) : 1113
================================= 1fold lightgbm =================================
len(train_index) : 1113
len(valid_index) : 1113
================================= 2fold lightgbm =================================
adrenergic_receptor_antagonist logloss: 0.032142502967458145
=========================================================================================
len(trt) : 66
len(train_index) : 966
len(valid_index) : 966
================================= 1fold lightgbm =================================
len(train_index) : 966
len(valid_index) : 966
================================= 2fold lightgbm =================================
akt_inhibitor logloss: 0.041120070235164265
=========================================================================================
len(trt) : 7
len(train_index) : 936
len(valid_index) : 937
================================= 1fold lightgbm =================================
len(train_index) : 937
len(valid_index) : 936
================================= 2fold lightgbm =================================
aldehyde_dehydrogenase_inhibitor logloss: 0.006285582737304305
=========================================================================================
len(trt) : 42
len(train_index) : 954
len(valid_index) : 954
================================= 1fold lightgbm =================================
len(train_index) : 954
len(valid_index) : 954
================================= 2fold lightgbm =================================
alk_inhibitor logloss: 0.03974128128591717
=========================================================================================
len(trt) : 12
len(train_index) : 939
len(valid_index) : 939
================================= 1fold lightgbm =================================
len(train_index) : 939
len(valid_index) : 939
================================= 2fold lightgbm =================================
ampk_activator logloss: 0.03170110185349635
=========================================================================================
len(trt) : 12
len(train_index) : 939
len(valid_index) : 939
================================= 1fold lightgbm =================================
len(train_index) : 939
len(valid_index) : 939
================================= 2fold lightgbm =================================
analgesic logloss: 0.027970890849867976
=========================================================================================
len(trt) : 48
len(train_index) : 957
len(valid_index) : 957
================================= 1fold lightgbm =================================
len(train_index) : 957
len(valid_index) : 957
================================= 2fold lightgbm =================================
androgen_receptor_agonist logloss: 0.04602312019037998
=========================================================================================
len(trt) : 89
len(train_index) : 977
len(valid_index) : 978
================================= 1fold lightgbm =================================
len(train_index) : 978
len(valid_index) : 977
================================= 2fold lightgbm =================================
androgen_receptor_antagonist logloss: 0.04974045058961784
=========================================================================================
len(trt) : 80
len(train_index) : 973
len(valid_index) : 973
================================= 1fold lightgbm =================================
len(train_index) : 973
len(valid_index) : 973
================================= 2fold lightgbm =================================
anesthetic_-_local logloss: 0.043315528953261705
=========================================================================================
len(trt) : 36
len(train_index) : 951
len(valid_index) : 951
================================= 1fold lightgbm =================================
len(train_index) : 951
len(valid_index) : 951
================================= 2fold lightgbm =================================
angiogenesis_inhibitor logloss: 0.054041170886842085
=========================================================================================
len(trt) : 37
len(train_index) : 951
len(valid_index) : 952
================================= 1fold lightgbm =================================
len(train_index) : 952
len(valid_index) : 951
================================= 2fold lightgbm =================================
angiotensin_receptor_antagonist logloss: 0.03839783794696592
=========================================================================================
len(trt) : 73
len(train_index) : 969
len(valid_index) : 970
================================= 1fold lightgbm =================================
len(train_index) : 970
len(valid_index) : 969
================================= 2fold lightgbm =================================
anti-inflammatory logloss: 0.045998839878187994
=========================================================================================
len(trt) : 6
len(train_index) : 936
len(valid_index) : 936
================================= 1fold lightgbm =================================
len(train_index) : 936
len(valid_index) : 936
================================= 2fold lightgbm =================================
antiarrhythmic logloss: 0.015662493784286118
=========================================================================================
len(trt) : 43
len(train_index) : 954
len(valid_index) : 955
================================= 1fold lightgbm =================================
len(train_index) : 955
len(valid_index) : 954
================================= 2fold lightgbm =================================
antibiotic logloss: 0.05486713597641626
=========================================================================================
len(trt) : 12
len(train_index) : 939
len(valid_index) : 939
================================= 1fold lightgbm =================================
len(train_index) : 939
len(valid_index) : 939
================================= 2fold lightgbm =================================
anticonvulsant logloss: 0.025260268720646514
=========================================================================================
len(trt) : 13
len(train_index) : 939
len(valid_index) : 940
================================= 1fold lightgbm =================================
len(train_index) : 940
len(valid_index) : 939
================================= 2fold lightgbm =================================
antifungal logloss: 0.019621697154691073
=========================================================================================
len(trt) : 12
len(train_index) : 939
len(valid_index) : 939
================================= 1fold lightgbm =================================
len(train_index) : 939
len(valid_index) : 939
================================= 2fold lightgbm =================================
antihistamine logloss: 0.03520398038346468
=========================================================================================
len(trt) : 18
len(train_index) : 942
len(valid_index) : 942
================================= 1fold lightgbm =================================
len(train_index) : 942
len(valid_index) : 942
================================= 2fold lightgbm =================================
antimalarial logloss: 0.03256726410922148
=========================================================================================
len(trt) : 73
len(train_index) : 969
len(valid_index) : 970
================================= 1fold lightgbm =================================
len(train_index) : 970
len(valid_index) : 969
================================= 2fold lightgbm =================================
antioxidant logloss: 0.044391470833437974
=========================================================================================
len(trt) : 36
len(train_index) : 951
len(valid_index) : 951
================================= 1fold lightgbm =================================
len(train_index) : 951
len(valid_index) : 951
================================= 2fold lightgbm =================================
antiprotozoal logloss: 0.05199236700362859
=========================================================================================
len(trt) : 23
len(train_index) : 944
len(valid_index) : 945
================================= 1fold lightgbm =================================
len(train_index) : 945
len(valid_index) : 944
================================= 2fold lightgbm =================================
antiviral logloss: 0.04041262190597891
=========================================================================================
len(trt) : 49
len(train_index) : 957
len(valid_index) : 958
================================= 1fold lightgbm =================================
len(train_index) : 958
len(valid_index) : 957
================================= 2fold lightgbm =================================
apoptosis_stimulant logloss: 0.04984903995143181
=========================================================================================
len(trt) : 47
len(train_index) : 956
len(valid_index) : 957
================================= 1fold lightgbm =================================
len(train_index) : 957
len(valid_index) : 956
================================= 2fold lightgbm =================================
aromatase_inhibitor logloss: 0.06316806138815169
=========================================================================================
len(trt) : 6
len(train_index) : 936
len(valid_index) : 936
================================= 1fold lightgbm =================================
len(train_index) : 936
len(valid_index) : 936
================================= 2fold lightgbm =================================
atm_kinase_inhibitor logloss: 0.012640928329724216
=========================================================================================
len(trt) : 1
len(train_index) : 933
len(valid_index) : 934
================================= 1fold lightgbm =================================
len(train_index) : 934
len(valid_index) : 933
================================= 2fold lightgbm =================================
atp-sensitive_potassium_channel_antagonist logloss: 0.018500346369821605
=========================================================================================
len(trt) : 12
len(train_index) : 939
len(valid_index) : 939
================================= 1fold lightgbm =================================
len(train_index) : 939
len(valid_index) : 939
================================= 2fold lightgbm =================================
atp_synthase_inhibitor logloss: 5.59906131203129e-05
=========================================================================================
len(trt) : 97
len(train_index) : 981
len(valid_index) : 982
================================= 1fold lightgbm =================================
len(train_index) : 982
len(valid_index) : 981
================================= 2fold lightgbm =================================
atpase_inhibitor logloss: 0.037527040796813904
=========================================================================================
len(trt) : 19
len(train_index) : 942
len(valid_index) : 943
================================= 1fold lightgbm =================================
len(train_index) : 943
len(valid_index) : 942
================================= 2fold lightgbm =================================
atr_kinase_inhibitor logloss: 0.014748744818831913
=========================================================================================
len(trt) : 96
len(train_index) : 981
len(valid_index) : 981
================================= 1fold lightgbm =================================
len(train_index) : 981
len(valid_index) : 981
================================= 2fold lightgbm =================================
aurora_kinase_inhibitor logloss: 0.024445392642251436
=========================================================================================
len(trt) : 6
len(train_index) : 936
len(valid_index) : 936
================================= 1fold lightgbm =================================
len(train_index) : 936
len(valid_index) : 936
================================= 2fold lightgbm =================================
autotaxin_inhibitor logloss: 0.017257008596966418
=========================================================================================
len(trt) : 60
len(train_index) : 963
len(valid_index) : 963
================================= 1fold lightgbm =================================
len(train_index) : 963
len(valid_index) : 963
================================= 2fold lightgbm =================================
bacterial_30s_ribosomal_subunit_inhibitor logloss: 0.0717153840680506
=========================================================================================
len(trt) : 80
len(train_index) : 973
len(valid_index) : 973
================================= 1fold lightgbm =================================
len(train_index) : 973
len(valid_index) : 973
================================= 2fold lightgbm =================================
bacterial_50s_ribosomal_subunit_inhibitor logloss: 0.057647702994231866
=========================================================================================
len(trt) : 36
len(train_index) : 951
len(valid_index) : 951
================================= 1fold lightgbm =================================
len(train_index) : 951
len(valid_index) : 951
================================= 2fold lightgbm =================================
bacterial_antifolate logloss: 0.03807292801851837
=========================================================================================
len(trt) : 192
len(train_index) : 1029
len(valid_index) : 1029
================================= 1fold lightgbm =================================
len(train_index) : 1029
len(valid_index) : 1029
================================= 2fold lightgbm =================================
bacterial_cell_wall_synthesis_inhibitor logloss: 0.04600778231544378
=========================================================================================
len(trt) : 89
len(train_index) : 977
len(valid_index) : 978
================================= 1fold lightgbm =================================
len(train_index) : 978
len(valid_index) : 977
================================= 2fold lightgbm =================================
bacterial_dna_gyrase_inhibitor logloss: 0.04640581355091809
=========================================================================================
len(trt) : 115
len(train_index) : 990
len(valid_index) : 991
================================= 1fold lightgbm =================================
len(train_index) : 991
len(valid_index) : 990
================================= 2fold lightgbm =================================
bacterial_dna_inhibitor logloss: 0.04697034137884405
=========================================================================================
len(trt) : 7
len(train_index) : 936
len(valid_index) : 937
================================= 1fold lightgbm =================================
len(train_index) : 937
len(valid_index) : 936
================================= 2fold lightgbm =================================
bacterial_membrane_integrity_inhibitor logloss: 0.009645571061102448
=========================================================================================
len(trt) : 31
len(train_index) : 948
len(valid_index) : 949
================================= 1fold lightgbm =================================
len(train_index) : 949
len(valid_index) : 948
================================= 2fold lightgbm =================================
bcl_inhibitor logloss: 0.03142518353345435
=========================================================================================
len(trt) : 38
len(train_index) : 952
len(valid_index) : 952
================================= 1fold lightgbm =================================
len(train_index) : 952
len(valid_index) : 952
================================= 2fold lightgbm =================================
bcr-abl_inhibitor logloss: 0.025335095149433336
=========================================================================================
len(trt) : 67
len(train_index) : 966
len(valid_index) : 967
================================= 1fold lightgbm =================================
len(train_index) : 967
len(valid_index) : 966
================================= 2fold lightgbm =================================
benzodiazepine_receptor_agonist logloss: 0.06359167110160001
=========================================================================================
len(trt) : 24
len(train_index) : 945
len(valid_index) : 945
================================= 1fold lightgbm =================================
len(train_index) : 945
len(valid_index) : 945
================================= 2fold lightgbm =================================
beta_amyloid_inhibitor logloss: 0.04455594891090521
=========================================================================================
len(trt) : 68
len(train_index) : 967
len(valid_index) : 967
================================= 1fold lightgbm =================================
len(train_index) : 967
len(valid_index) : 967
================================= 2fold lightgbm =================================
bromodomain_inhibitor logloss: 0.03489426640320057
=========================================================================================
len(trt) : 29
len(train_index) : 947
len(valid_index) : 948
================================= 1fold lightgbm =================================
len(train_index) : 948
len(valid_index) : 947
================================= 2fold lightgbm =================================
btk_inhibitor logloss: 0.04439278259423937
=========================================================================================
len(trt) : 6
len(train_index) : 936
len(valid_index) : 936
================================= 1fold lightgbm =================================
len(train_index) : 936
len(valid_index) : 936
================================= 2fold lightgbm =================================
calcineurin_inhibitor logloss: 0.01898884830158562
=========================================================================================
len(trt) : 281
len(train_index) : 1073
len(valid_index) : 1074
================================= 1fold lightgbm =================================
len(train_index) : 1074
len(valid_index) : 1073
================================= 2fold lightgbm =================================
calcium_channel_blocker logloss: 0.04737184823487405
=========================================================================================
len(trt) : 42
len(train_index) : 954
len(valid_index) : 954
================================= 1fold lightgbm =================================
len(train_index) : 954
len(valid_index) : 954
================================= 2fold lightgbm =================================
cannabinoid_receptor_agonist logloss: 0.04159493468583247
=========================================================================================
len(trt) : 55
len(train_index) : 960
len(valid_index) : 961
================================= 1fold lightgbm =================================
len(train_index) : 961
len(valid_index) : 960
================================= 2fold lightgbm =================================
cannabinoid_receptor_antagonist logloss: 0.06136654748381051
=========================================================================================
len(trt) : 36
len(train_index) : 951
len(valid_index) : 951
================================= 1fold lightgbm =================================
len(train_index) : 951
len(valid_index) : 951
================================= 2fold lightgbm =================================
carbonic_anhydrase_inhibitor logloss: 0.05304724248864193
=========================================================================================
len(trt) : 36
len(train_index) : 951
len(valid_index) : 951
================================= 1fold lightgbm =================================
len(train_index) : 951
len(valid_index) : 951
================================= 2fold lightgbm =================================
casein_kinase_inhibitor logloss: 0.05228906886898693
=========================================================================================
len(trt) : 18
len(train_index) : 942
len(valid_index) : 942
================================= 1fold lightgbm =================================
len(train_index) : 942
len(valid_index) : 942
================================= 2fold lightgbm =================================
caspase_activator logloss: 0.042881202102945104
=========================================================================================
len(trt) : 12
len(train_index) : 939
len(valid_index) : 939
================================= 1fold lightgbm =================================
len(train_index) : 939
len(valid_index) : 939
================================= 2fold lightgbm =================================
catechol_o_methyltransferase_inhibitor logloss: 0.029734275355816117
=========================================================================================
len(trt) : 102
len(train_index) : 984
len(valid_index) : 984
================================= 1fold lightgbm =================================
len(train_index) : 984
len(valid_index) : 984
================================= 2fold lightgbm =================================
cc_chemokine_receptor_antagonist logloss: 0.062018371617571455
=========================================================================================
len(trt) : 18
len(train_index) : 942
len(valid_index) : 942
================================= 1fold lightgbm =================================
len(train_index) : 942
len(valid_index) : 942
================================= 2fold lightgbm =================================
cck_receptor_antagonist logloss: 0.03181699076936121
=========================================================================================
len(trt) : 340
len(train_index) : 1103
len(valid_index) : 1103
================================= 1fold lightgbm =================================
len(train_index) : 1103
len(valid_index) : 1103
================================= 2fold lightgbm =================================
cdk_inhibitor logloss: 0.023349585755797687
=========================================================================================
len(trt) : 54
len(train_index) : 960
len(valid_index) : 960
================================= 1fold lightgbm =================================
len(train_index) : 960
len(valid_index) : 960
================================= 2fold lightgbm =================================
chelating_agent logloss: 0.07131833779821999
=========================================================================================
len(trt) : 24
len(train_index) : 945
len(valid_index) : 945
================================= 1fold lightgbm =================================
len(train_index) : 945
len(valid_index) : 945
================================= 2fold lightgbm =================================
chk_inhibitor logloss: 0.010288954474439494
=========================================================================================
len(trt) : 42
len(train_index) : 954
len(valid_index) : 954
================================= 1fold lightgbm =================================
len(train_index) : 954
len(valid_index) : 954
================================= 2fold lightgbm =================================
chloride_channel_blocker logloss: 0.06691971251436193
=========================================================================================
len(trt) : 48
len(train_index) : 957
len(valid_index) : 957
================================= 1fold lightgbm =================================
len(train_index) : 957
len(valid_index) : 957
================================= 2fold lightgbm =================================
cholesterol_inhibitor logloss: 0.06387093725137968
=========================================================================================
len(trt) : 54
len(train_index) : 960
len(valid_index) : 960
================================= 1fold lightgbm =================================
len(train_index) : 960
len(valid_index) : 960
================================= 2fold lightgbm =================================
cholinergic_receptor_antagonist logloss: 0.0726276068740714
=========================================================================================
len(trt) : 6
len(train_index) : 936
len(valid_index) : 936
================================= 1fold lightgbm =================================
len(train_index) : 936
len(valid_index) : 936
================================= 2fold lightgbm =================================
coagulation_factor_inhibitor logloss: 0.015413769332824543
=========================================================================================
len(trt) : 36
len(train_index) : 951
len(valid_index) : 951
================================= 1fold lightgbm =================================
len(train_index) : 951
len(valid_index) : 951
================================= 2fold lightgbm =================================
corticosteroid_agonist logloss: 0.026772674627758643
=========================================================================================
len(trt) : 435
len(train_index) : 1150
len(valid_index) : 1151
================================= 1fold lightgbm =================================
len(train_index) : 1151
len(valid_index) : 1150
================================= 2fold lightgbm =================================
cyclooxygenase_inhibitor logloss: 0.018880397061716164
=========================================================================================
len(trt) : 104
len(train_index) : 985
len(valid_index) : 985
================================= 1fold lightgbm =================================
len(train_index) : 985
len(valid_index) : 985
================================= 2fold lightgbm =================================
cytochrome_p450_inhibitor logloss: 0.03476855288616651
=========================================================================================
len(trt) : 36
len(train_index) : 951
len(valid_index) : 951
================================= 1fold lightgbm =================================
len(train_index) : 951
len(valid_index) : 951
================================= 2fold lightgbm =================================
dihydrofolate_reductase_inhibitor logloss: 0.027289894349837147
=========================================================================================
len(trt) : 25
len(train_index) : 945
len(valid_index) : 946
================================= 1fold lightgbm =================================
len(train_index) : 946
len(valid_index) : 945
================================= 2fold lightgbm =================================
dipeptidyl_peptidase_inhibitor logloss: 0.03395426594781146
=========================================================================================
len(trt) : 6
len(train_index) : 936
len(valid_index) : 936
================================= 1fold lightgbm =================================
len(train_index) : 936
len(valid_index) : 936
================================= 2fold lightgbm =================================
diuretic logloss: 0.0117780423080985
=========================================================================================
len(trt) : 48
len(train_index) : 957
len(valid_index) : 957
================================= 1fold lightgbm =================================
len(train_index) : 957
len(valid_index) : 957
================================= 2fold lightgbm =================================
dna_alkylating_agent logloss: 0.06709168240731171
=========================================================================================
len(trt) : 402
len(train_index) : 1134
len(valid_index) : 1134
================================= 1fold lightgbm =================================
len(train_index) : 1134
len(valid_index) : 1134
================================= 2fold lightgbm =================================
dna_inhibitor logloss: 0.012832515237051043
=========================================================================================
len(trt) : 121
len(train_index) : 993
len(valid_index) : 994
================================= 1fold lightgbm =================================
len(train_index) : 994
len(valid_index) : 993
================================= 2fold lightgbm =================================
dopamine_receptor_agonist logloss: 0.051275746150800626
=========================================================================================
len(trt) : 424
len(train_index) : 1145
len(valid_index) : 1145
================================= 1fold lightgbm =================================
len(train_index) : 1145
len(valid_index) : 1145
================================= 2fold lightgbm =================================
dopamine_receptor_antagonist logloss: 0.031928317915241665
=========================================================================================
len(trt) : 336
len(train_index) : 1101
len(valid_index) : 1101
================================= 1fold lightgbm =================================
len(train_index) : 1101
len(valid_index) : 1101
================================= 2fold lightgbm =================================
egfr_inhibitor logloss: 0.01173633407600482
=========================================================================================
len(trt) : 6
len(train_index) : 936
len(valid_index) : 936
================================= 1fold lightgbm =================================
len(train_index) : 936
len(valid_index) : 936
================================= 2fold lightgbm =================================
elastase_inhibitor logloss: 0.014493600185473254
=========================================================================================
len(trt) : 1
len(train_index) : 933
len(valid_index) : 934
================================= 1fold lightgbm =================================
len(train_index) : 934
len(valid_index) : 933
================================= 2fold lightgbm =================================
erbb2_inhibitor logloss: 0.018500337072593125
=========================================================================================
len(trt) : 158
len(train_index) : 1012
len(valid_index) : 1012
================================= 1fold lightgbm =================================
len(train_index) : 1012
len(valid_index) : 1012
================================= 2fold lightgbm =================================
estrogen_receptor_agonist logloss: 0.04034790162230329
=========================================================================================
len(trt) : 48
len(train_index) : 957
len(valid_index) : 957
================================= 1fold lightgbm =================================
len(train_index) : 957
len(valid_index) : 957
================================= 2fold lightgbm =================================
estrogen_receptor_antagonist logloss: 0.05354675869785943
=========================================================================================
len(trt) : 36
len(train_index) : 951
len(valid_index) : 951
================================= 1fold lightgbm =================================
len(train_index) : 951
len(valid_index) : 951
================================= 2fold lightgbm =================================
faah_inhibitor logloss: 0.06055184874427831
=========================================================================================
len(trt) : 18
len(train_index) : 942
len(valid_index) : 942
================================= 1fold lightgbm =================================
len(train_index) : 942
len(valid_index) : 942
================================= 2fold lightgbm =================================
farnesyltransferase_inhibitor logloss: 0.015554111183106031
=========================================================================================
len(trt) : 25
len(train_index) : 945
len(valid_index) : 946
================================= 1fold lightgbm =================================
len(train_index) : 946
len(valid_index) : 945
================================= 2fold lightgbm =================================
fatty_acid_receptor_agonist logloss: 0.04600446033047004
=========================================================================================
len(trt) : 50
len(train_index) : 958
len(valid_index) : 958
================================= 1fold lightgbm =================================
len(train_index) : 958
len(valid_index) : 958
================================= 2fold lightgbm =================================
fgfr_inhibitor logloss: 0.019229052406976904
=========================================================================================
len(trt) : 279
len(train_index) : 1072
len(valid_index) : 1073
================================= 1fold lightgbm =================================
len(train_index) : 1073
len(valid_index) : 1072
================================= 2fold lightgbm =================================
flt3_inhibitor logloss: 0.032329304714561344
=========================================================================================
len(trt) : 18
len(train_index) : 942
len(valid_index) : 942
================================= 1fold lightgbm =================================
len(train_index) : 942
len(valid_index) : 942
================================= 2fold lightgbm =================================
focal_adhesion_kinase_inhibitor logloss: 0.011253766819459582
=========================================================================================
len(trt) : 18
len(train_index) : 942
len(valid_index) : 942
================================= 1fold lightgbm =================================
len(train_index) : 942
len(valid_index) : 942
================================= 2fold lightgbm =================================
free_radical_scavenger logloss: 0.03666687524213398
=========================================================================================
len(trt) : 23
len(train_index) : 944
len(valid_index) : 945
================================= 1fold lightgbm =================================
len(train_index) : 945
len(valid_index) : 944
================================= 2fold lightgbm =================================
fungal_squalene_epoxidase_inhibitor logloss: 0.030305527580126265
=========================================================================================
len(trt) : 106
len(train_index) : 986
len(valid_index) : 986
================================= 1fold lightgbm =================================
len(train_index) : 986
len(valid_index) : 986
================================= 2fold lightgbm =================================
gaba_receptor_agonist logloss: 0.03329582617598534
=========================================================================================
len(trt) : 165
len(train_index) : 1015
len(valid_index) : 1016
================================= 1fold lightgbm =================================
len(train_index) : 1016
len(valid_index) : 1015
================================= 2fold lightgbm =================================
gaba_receptor_antagonist logloss: 0.02519316067558491
=========================================================================================
len(trt) : 56
len(train_index) : 961
len(valid_index) : 961
================================= 1fold lightgbm =================================
len(train_index) : 961
len(valid_index) : 961
================================= 2fold lightgbm =================================
gamma_secretase_inhibitor logloss: 0.030000635228362174
=========================================================================================
len(trt) : 266
len(train_index) : 1066
len(valid_index) : 1066
================================= 1fold lightgbm =================================
len(train_index) : 1066
len(valid_index) : 1066
================================= 2fold lightgbm =================================
glucocorticoid_receptor_agonist logloss: 0.03012026729422227
=========================================================================================
len(trt) : 13
len(train_index) : 939
len(valid_index) : 940
================================= 1fold lightgbm =================================
len(train_index) : 940
len(valid_index) : 939
================================= 2fold lightgbm =================================
glutamate_inhibitor logloss: 0.02972231788184503
=========================================================================================
len(trt) : 74
len(train_index) : 970
len(valid_index) : 970
================================= 1fold lightgbm =================================
len(train_index) : 970
len(valid_index) : 970
================================= 2fold lightgbm =================================
glutamate_receptor_agonist logloss: 0.04437303020000329
=========================================================================================
len(trt) : 367
len(train_index) : 1116
len(valid_index) : 1117
================================= 1fold lightgbm =================================
len(train_index) : 1117
len(valid_index) : 1116
================================= 2fold lightgbm =================================
glutamate_receptor_antagonist logloss: 0.013917116553866933
=========================================================================================
len(trt) : 18
len(train_index) : 942
len(valid_index) : 942
================================= 1fold lightgbm =================================
len(train_index) : 942
len(valid_index) : 942
================================= 2fold lightgbm =================================
gonadotropin_receptor_agonist logloss: 0.04211213491977075
=========================================================================================
len(trt) : 60
len(train_index) : 963
len(valid_index) : 963
================================= 1fold lightgbm =================================
len(train_index) : 963
len(valid_index) : 963
================================= 2fold lightgbm =================================
gsk_inhibitor logloss: 0.035737871072541484
=========================================================================================
len(trt) : 72
len(train_index) : 969
len(valid_index) : 969
================================= 1fold lightgbm =================================
len(train_index) : 969
len(valid_index) : 969
================================= 2fold lightgbm =================================
hcv_inhibitor logloss: 0.0673108275691221
=========================================================================================
len(trt) : 106
len(train_index) : 986
len(valid_index) : 986
================================= 1fold lightgbm =================================
len(train_index) : 986
len(valid_index) : 986
================================= 2fold lightgbm =================================
hdac_inhibitor logloss: 0.03840890449591828
=========================================================================================
len(trt) : 59
len(train_index) : 962
len(valid_index) : 963
================================= 1fold lightgbm =================================
len(train_index) : 963
len(valid_index) : 962
================================= 2fold lightgbm =================================
histamine_receptor_agonist logloss: 0.05794258096160344
=========================================================================================
len(trt) : 241
len(train_index) : 1053
len(valid_index) : 1054
================================= 1fold lightgbm =================================
len(train_index) : 1054
len(valid_index) : 1053
================================= 2fold lightgbm =================================
histamine_receptor_antagonist logloss: 0.039475904234046004
=========================================================================================
len(trt) : 24
len(train_index) : 945
len(valid_index) : 945
================================= 1fold lightgbm =================================
len(train_index) : 945
len(valid_index) : 945
================================= 2fold lightgbm =================================
histone_lysine_demethylase_inhibitor logloss: 0.029636561221684184
=========================================================================================
len(trt) : 32
len(train_index) : 949
len(valid_index) : 949
================================= 1fold lightgbm =================================
len(train_index) : 949
len(valid_index) : 949
================================= 2fold lightgbm =================================
histone_lysine_methyltransferase_inhibitor logloss: 0.04762185522448092
=========================================================================================
len(trt) : 72
len(train_index) : 969
len(valid_index) : 969
================================= 1fold lightgbm =================================
len(train_index) : 969
len(valid_index) : 969
================================= 2fold lightgbm =================================
hiv_inhibitor logloss: 0.03201448649958376
=========================================================================================
len(trt) : 283
len(train_index) : 1074
len(valid_index) : 1075
================================= 1fold lightgbm =================================
len(train_index) : 1075
len(valid_index) : 1074
================================= 2fold lightgbm =================================
hmgcr_inhibitor logloss: 0.022095029563075748
=========================================================================================
len(trt) : 93
len(train_index) : 979
len(valid_index) : 980
================================= 1fold lightgbm =================================
len(train_index) : 980
len(valid_index) : 979
================================= 2fold lightgbm =================================
hsp_inhibitor logloss: 0.010465911902912923
=========================================================================================
len(trt) : 37
len(train_index) : 951
len(valid_index) : 952
================================= 1fold lightgbm =================================
len(train_index) : 952
len(valid_index) : 951
================================= 2fold lightgbm =================================
igf-1_inhibitor logloss: 0.024157037834829653
=========================================================================================
len(trt) : 30
len(train_index) : 948
len(valid_index) : 948
================================= 1fold lightgbm =================================
len(train_index) : 948
len(valid_index) : 948
================================= 2fold lightgbm =================================
ikk_inhibitor logloss: 0.02222170835131265
=========================================================================================
len(trt) : 31
len(train_index) : 948
len(valid_index) : 949
================================= 1fold lightgbm =================================
len(train_index) : 949
len(valid_index) : 948
================================= 2fold lightgbm =================================
imidazoline_receptor_agonist logloss: 0.0599690697243541
=========================================================================================
len(trt) : 73
len(train_index) : 969
len(valid_index) : 970
================================= 1fold lightgbm =================================
len(train_index) : 970
len(valid_index) : 969
================================= 2fold lightgbm =================================
immunosuppressant logloss: 0.05103078426453308
=========================================================================================
len(trt) : 30
len(train_index) : 948
len(valid_index) : 948
================================= 1fold lightgbm =================================
len(train_index) : 948
len(valid_index) : 948
================================= 2fold lightgbm =================================
insulin_secretagogue logloss: 0.05071683170598064
=========================================================================================
len(trt) : 51
len(train_index) : 958
len(valid_index) : 959
================================= 1fold lightgbm =================================
len(train_index) : 959
len(valid_index) : 958
================================= 2fold lightgbm =================================
insulin_sensitizer logloss: 0.056715800430491736
=========================================================================================
len(trt) : 42
len(train_index) : 954
len(valid_index) : 954
================================= 1fold lightgbm =================================
len(train_index) : 954
len(valid_index) : 954
================================= 2fold lightgbm =================================
integrin_inhibitor logloss: 0.05352750053282638
=========================================================================================
len(trt) : 92
len(train_index) : 979
len(valid_index) : 979
================================= 1fold lightgbm =================================
len(train_index) : 979
len(valid_index) : 979
================================= 2fold lightgbm =================================
jak_inhibitor logloss: 0.014534151857178542
=========================================================================================
len(trt) : 273
len(train_index) : 1069
len(valid_index) : 1070
================================= 1fold lightgbm =================================
len(train_index) : 1070
len(valid_index) : 1069
================================= 2fold lightgbm =================================
kit_inhibitor logloss: 0.02683159057221221
=========================================================================================
len(trt) : 6
len(train_index) : 936
len(valid_index) : 936
================================= 1fold lightgbm =================================
len(train_index) : 936
len(valid_index) : 936
================================= 2fold lightgbm =================================
laxative logloss: 0.016378714770640915
=========================================================================================
len(trt) : 6
len(train_index) : 936
len(valid_index) : 936
================================= 1fold lightgbm =================================
len(train_index) : 936
len(valid_index) : 936
================================= 2fold lightgbm =================================
leukotriene_inhibitor logloss: 0.018572811929555604
=========================================================================================
len(trt) : 62
len(train_index) : 964
len(valid_index) : 964
================================= 1fold lightgbm =================================
len(train_index) : 964
len(valid_index) : 964
================================= 2fold lightgbm =================================
leukotriene_receptor_antagonist logloss: 0.04592225547803524
=========================================================================================
len(trt) : 12
len(train_index) : 939
len(valid_index) : 939
================================= 1fold lightgbm =================================
len(train_index) : 939
len(valid_index) : 939
================================= 2fold lightgbm =================================
lipase_inhibitor logloss: 0.03485722916605827
=========================================================================================
len(trt) : 61
len(train_index) : 963
len(valid_index) : 964
================================= 1fold lightgbm =================================
len(train_index) : 964
len(valid_index) : 963
================================= 2fold lightgbm =================================
lipoxygenase_inhibitor logloss: 0.051608262149677966
=========================================================================================
len(trt) : 6
len(train_index) : 936
len(valid_index) : 936
================================= 1fold lightgbm =================================
len(train_index) : 936
len(valid_index) : 936
================================= 2fold lightgbm =================================
lxr_agonist logloss: 0.019419326036632073
=========================================================================================
len(trt) : 31
len(train_index) : 948
len(valid_index) : 949
================================= 1fold lightgbm =================================
len(train_index) : 949
len(valid_index) : 948
================================= 2fold lightgbm =================================
mdm_inhibitor logloss: 0.018387982826784763
=========================================================================================
len(trt) : 72
len(train_index) : 969
len(valid_index) : 969
================================= 1fold lightgbm =================================
len(train_index) : 969
len(valid_index) : 969
================================= 2fold lightgbm =================================
mek_inhibitor logloss: 0.021554706100606887
=========================================================================================
len(trt) : 74
len(train_index) : 970
len(valid_index) : 970
================================= 1fold lightgbm =================================
len(train_index) : 970
len(valid_index) : 970
================================= 2fold lightgbm =================================
membrane_integrity_inhibitor logloss: 0.07549690799205819
=========================================================================================
len(trt) : 25
len(train_index) : 945
len(valid_index) : 946
================================= 1fold lightgbm =================================
len(train_index) : 946
len(valid_index) : 945
================================= 2fold lightgbm =================================
mineralocorticoid_receptor_antagonist logloss: 0.043959108359641494
=========================================================================================
len(trt) : 12
len(train_index) : 939
len(valid_index) : 939
================================= 1fold lightgbm =================================
len(train_index) : 939
len(valid_index) : 939
================================= 2fold lightgbm =================================
monoacylglycerol_lipase_inhibitor logloss: 0.02301316053422296
=========================================================================================
len(trt) : 85
len(train_index) : 975
len(valid_index) : 976
================================= 1fold lightgbm =================================
len(train_index) : 976
len(valid_index) : 975
================================= 2fold lightgbm =================================
monoamine_oxidase_inhibitor logloss: 0.043279618601924814
=========================================================================================
len(trt) : 18
len(train_index) : 942
len(valid_index) : 942
================================= 1fold lightgbm =================================
len(train_index) : 942
len(valid_index) : 942
================================= 2fold lightgbm =================================
monopolar_spindle_1_kinase_inhibitor logloss: 0.0070262072359358425
=========================================================================================
len(trt) : 130
len(train_index) : 998
len(valid_index) : 998
================================= 1fold lightgbm =================================
len(train_index) : 998
len(valid_index) : 998
================================= 2fold lightgbm =================================
mtor_inhibitor logloss: 0.021192134125303085
=========================================================================================
len(trt) : 48
len(train_index) : 957
len(valid_index) : 957
================================= 1fold lightgbm =================================
len(train_index) : 957
len(valid_index) : 957
================================= 2fold lightgbm =================================
mucolytic_agent logloss: 0.043613575739590946
=========================================================================================
len(trt) : 37
len(train_index) : 951
len(valid_index) : 952
================================= 1fold lightgbm =================================
len(train_index) : 952
len(valid_index) : 951
================================= 2fold lightgbm =================================
neuropeptide_receptor_antagonist logloss: 0.052065540572913245
=========================================================================================
len(trt) : 832
len(train_index) : 1349
len(valid_index) : 1349
================================= 1fold lightgbm =================================
len(train_index) : 1349
len(valid_index) : 1349
================================= 2fold lightgbm =================================
nfkb_inhibitor logloss: 0.025139285084490853
=========================================================================================
len(trt) : 6
len(train_index) : 936
len(valid_index) : 936
================================= 1fold lightgbm =================================
len(train_index) : 936
len(valid_index) : 936
================================= 2fold lightgbm =================================
nicotinic_receptor_agonist logloss: 0.015854992191483536
=========================================================================================
len(trt) : 26
len(train_index) : 946
len(valid_index) : 946
================================= 1fold lightgbm =================================
len(train_index) : 946
len(valid_index) : 946
================================= 2fold lightgbm =================================
nitric_oxide_donor logloss: 0.04226840274578837
=========================================================================================
len(trt) : 12
len(train_index) : 939
len(valid_index) : 939
================================= 1fold lightgbm =================================
len(train_index) : 939
len(valid_index) : 939
================================= 2fold lightgbm =================================
nitric_oxide_production_inhibitor logloss: 0.027417633833265252
=========================================================================================
len(trt) : 26
len(train_index) : 946
len(valid_index) : 946
================================= 1fold lightgbm =================================
len(train_index) : 946
len(valid_index) : 946
================================= 2fold lightgbm =================================
nitric_oxide_synthase_inhibitor logloss: 0.03374869907729464
=========================================================================================
len(trt) : 7
len(train_index) : 936
len(valid_index) : 937
================================= 1fold lightgbm =================================
len(train_index) : 937
len(valid_index) : 936
================================= 2fold lightgbm =================================
norepinephrine_reuptake_inhibitor logloss: 0.01986103900254505
=========================================================================================
len(trt) : 18
len(train_index) : 942
len(valid_index) : 942
================================= 1fold lightgbm =================================
len(train_index) : 942
len(valid_index) : 942
================================= 2fold lightgbm =================================
nrf2_activator logloss: 0.023796673497892728
=========================================================================================
len(trt) : 61
len(train_index) : 963
len(valid_index) : 964
================================= 1fold lightgbm =================================
len(train_index) : 964
len(valid_index) : 963
================================= 2fold lightgbm =================================
opioid_receptor_agonist logloss: 0.03171785264409482
=========================================================================================
len(trt) : 96
len(train_index) : 981
len(valid_index) : 981
================================= 1fold lightgbm =================================
len(train_index) : 981
len(valid_index) : 981
================================= 2fold lightgbm =================================
opioid_receptor_antagonist logloss: 0.03771127803234207
=========================================================================================
len(trt) : 37
len(train_index) : 951
len(valid_index) : 952
================================= 1fold lightgbm =================================
len(train_index) : 952
len(valid_index) : 951
================================= 2fold lightgbm =================================
orexin_receptor_antagonist logloss: 0.043848430653641426
=========================================================================================
len(trt) : 62
len(train_index) : 964
len(valid_index) : 964
================================= 1fold lightgbm =================================
len(train_index) : 964
len(valid_index) : 964
================================= 2fold lightgbm =================================
p38_mapk_inhibitor logloss: 0.03606623844873302
=========================================================================================
len(trt) : 24
len(train_index) : 945
len(valid_index) : 945
================================= 1fold lightgbm =================================
len(train_index) : 945
len(valid_index) : 945
================================= 2fold lightgbm =================================
p-glycoprotein_inhibitor logloss: 0.03956929603012219
=========================================================================================
len(trt) : 61
len(train_index) : 963
len(valid_index) : 964
================================= 1fold lightgbm =================================
len(train_index) : 964
len(valid_index) : 963
================================= 2fold lightgbm =================================
parp_inhibitor logloss: 0.04099938109541862
=========================================================================================
len(trt) : 297
len(train_index) : 1081
len(valid_index) : 1082
================================= 1fold lightgbm =================================
len(train_index) : 1082
len(valid_index) : 1081
================================= 2fold lightgbm =================================
pdgfr_inhibitor logloss: 0.026842966138320594
=========================================================================================
len(trt) : 18
len(train_index) : 942
len(valid_index) : 942
================================= 1fold lightgbm =================================
len(train_index) : 942
len(valid_index) : 942
================================= 2fold lightgbm =================================
pdk_inhibitor logloss: 0.03892829997107834
=========================================================================================
len(trt) : 264
len(train_index) : 1065
len(valid_index) : 1065
================================= 1fold lightgbm =================================
len(train_index) : 1065
len(valid_index) : 1065
================================= 2fold lightgbm =================================
phosphodiesterase_inhibitor logloss: 0.03181483870103099
=========================================================================================
len(trt) : 25
len(train_index) : 945
len(valid_index) : 946
================================= 1fold lightgbm =================================
len(train_index) : 946
len(valid_index) : 945
================================= 2fold lightgbm =================================
phospholipase_inhibitor logloss: 0.05290361841645554
=========================================================================================
len(trt) : 151
len(train_index) : 1008
len(valid_index) : 1009
================================= 1fold lightgbm =================================
len(train_index) : 1009
len(valid_index) : 1008
================================= 2fold lightgbm =================================
pi3k_inhibitor logloss: 0.03908248416327909
=========================================================================================
len(trt) : 31
len(train_index) : 948
len(valid_index) : 949
================================= 1fold lightgbm =================================
len(train_index) : 949
len(valid_index) : 948
================================= 2fold lightgbm =================================
pkc_inhibitor logloss: 0.04998011855914899
=========================================================================================
len(trt) : 55
len(train_index) : 960
len(valid_index) : 961
================================= 1fold lightgbm =================================
len(train_index) : 961
len(valid_index) : 960
================================= 2fold lightgbm =================================
potassium_channel_activator logloss: 0.07361704102776047
=========================================================================================
len(trt) : 98
len(train_index) : 982
len(valid_index) : 982
================================= 1fold lightgbm =================================
len(train_index) : 982
len(valid_index) : 982
================================= 2fold lightgbm =================================
potassium_channel_antagonist logloss: 0.042881066749346566
=========================================================================================
len(trt) : 115
len(train_index) : 990
len(valid_index) : 991
================================= 1fold lightgbm =================================
len(train_index) : 991
len(valid_index) : 990
================================= 2fold lightgbm =================================
ppar_receptor_agonist logloss: 0.038019005409652994
=========================================================================================
len(trt) : 30
len(train_index) : 948
len(valid_index) : 948
================================= 1fold lightgbm =================================
len(train_index) : 948
len(valid_index) : 948
================================= 2fold lightgbm =================================
ppar_receptor_antagonist logloss: 0.04943315961315413
=========================================================================================
len(trt) : 119
len(train_index) : 992
len(valid_index) : 993
================================= 1fold lightgbm =================================
len(train_index) : 993
len(valid_index) : 992
================================= 2fold lightgbm =================================
progesterone_receptor_agonist logloss: 0.04145707285787331
=========================================================================================
len(trt) : 18
len(train_index) : 942
len(valid_index) : 942
================================= 1fold lightgbm =================================
len(train_index) : 942
len(valid_index) : 942
================================= 2fold lightgbm =================================
progesterone_receptor_antagonist logloss: 0.03838143381300198
=========================================================================================
len(trt) : 36
len(train_index) : 951
len(valid_index) : 951
================================= 1fold lightgbm =================================
len(train_index) : 951
len(valid_index) : 951
================================= 2fold lightgbm =================================
prostaglandin_inhibitor logloss: 0.06782838547838937
=========================================================================================
len(trt) : 84
len(train_index) : 975
len(valid_index) : 975
================================= 1fold lightgbm =================================
len(train_index) : 975
len(valid_index) : 975
================================= 2fold lightgbm =================================
prostanoid_receptor_antagonist logloss: 0.050031631022248585
=========================================================================================
len(trt) : 726
len(train_index) : 1296
len(valid_index) : 1296
================================= 1fold lightgbm =================================
len(train_index) : 1296
len(valid_index) : 1296
================================= 2fold lightgbm =================================
proteasome_inhibitor logloss: 1.51510551108395e-06
=========================================================================================
len(trt) : 48
len(train_index) : 957
len(valid_index) : 957
================================= 1fold lightgbm =================================
len(train_index) : 957
len(valid_index) : 957
================================= 2fold lightgbm =================================
protein_kinase_inhibitor logloss: 0.06806517475198717
=========================================================================================
len(trt) : 6
len(train_index) : 936
len(valid_index) : 936
================================= 1fold lightgbm =================================
len(train_index) : 936
len(valid_index) : 936
================================= 2fold lightgbm =================================
protein_phosphatase_inhibitor logloss: 0.012321846132862111
=========================================================================================
len(trt) : 103
len(train_index) : 984
len(valid_index) : 985
================================= 1fold lightgbm =================================
len(train_index) : 985
len(valid_index) : 984
================================= 2fold lightgbm =================================
protein_synthesis_inhibitor logloss: 0.04730556401352997
=========================================================================================
len(trt) : 19
len(train_index) : 942
len(valid_index) : 943
================================= 1fold lightgbm =================================
len(train_index) : 943
len(valid_index) : 942
================================= 2fold lightgbm =================================
protein_tyrosine_kinase_inhibitor logloss: 0.04186469045783155
=========================================================================================
len(trt) : 56
len(train_index) : 961
len(valid_index) : 961
================================= 1fold lightgbm =================================
len(train_index) : 961
len(valid_index) : 961
================================= 2fold lightgbm =================================
radiopaque_medium logloss: 0.06440033574440689
=========================================================================================
len(trt) : 223
len(train_index) : 1044
len(valid_index) : 1045
================================= 1fold lightgbm =================================
len(train_index) : 1045
len(valid_index) : 1044
================================= 2fold lightgbm =================================
raf_inhibitor logloss: 0.015840955839190273
=========================================================================================
len(trt) : 12
len(train_index) : 939
len(valid_index) : 939
================================= 1fold lightgbm =================================
len(train_index) : 939
len(valid_index) : 939
================================= 2fold lightgbm =================================
ras_gtpase_inhibitor logloss: 0.029515107972880057
=========================================================================================
len(trt) : 67
len(train_index) : 966
len(valid_index) : 967
================================= 1fold lightgbm =================================
len(train_index) : 967
len(valid_index) : 966
================================= 2fold lightgbm =================================
retinoid_receptor_agonist logloss: 0.026711386213592134
=========================================================================================
len(trt) : 6
len(train_index) : 936
len(valid_index) : 936
================================= 1fold lightgbm =================================
len(train_index) : 936
len(valid_index) : 936
================================= 2fold lightgbm =================================
retinoid_receptor_antagonist logloss: 0.016447149300139647
=========================================================================================
len(trt) : 35
len(train_index) : 950
len(valid_index) : 951
================================= 1fold lightgbm =================================
len(train_index) : 951
len(valid_index) : 950
================================= 2fold lightgbm =================================
rho_associated_kinase_inhibitor logloss: 0.04270710902683854
=========================================================================================
len(trt) : 37
len(train_index) : 951
len(valid_index) : 952
================================= 1fold lightgbm =================================
len(train_index) : 952
len(valid_index) : 951
================================= 2fold lightgbm =================================
ribonucleoside_reductase_inhibitor logloss: 0.04312411585975672
=========================================================================================
len(trt) : 25
len(train_index) : 945
len(valid_index) : 946
================================= 1fold lightgbm =================================
len(train_index) : 946
len(valid_index) : 945
================================= 2fold lightgbm =================================
rna_polymerase_inhibitor logloss: 0.044747693610137286
=========================================================================================
len(trt) : 236
len(train_index) : 1051
len(valid_index) : 1051
================================= 1fold lightgbm =================================
len(train_index) : 1051
len(valid_index) : 1051
================================= 2fold lightgbm =================================
serotonin_receptor_agonist logloss: 0.02985694322427008
=========================================================================================
len(trt) : 404
len(train_index) : 1135
len(valid_index) : 1135
================================= 1fold lightgbm =================================
len(train_index) : 1135
len(valid_index) : 1135
================================= 2fold lightgbm =================================
serotonin_receptor_antagonist logloss: 0.016161957315591217
=========================================================================================
len(trt) : 44
len(train_index) : 955
len(valid_index) : 955
================================= 1fold lightgbm =================================
len(train_index) : 955
len(valid_index) : 955
================================= 2fold lightgbm =================================
serotonin_reuptake_inhibitor logloss: 0.0582329594119041
=========================================================================================
len(trt) : 36
len(train_index) : 951
len(valid_index) : 951
================================= 1fold lightgbm =================================
len(train_index) : 951
len(valid_index) : 951
================================= 2fold lightgbm =================================
sigma_receptor_agonist logloss: 0.05961954825641853
=========================================================================================
len(trt) : 36
len(train_index) : 951
len(valid_index) : 951
================================= 1fold lightgbm =================================
len(train_index) : 951
len(valid_index) : 951
================================= 2fold lightgbm =================================
sigma_receptor_antagonist logloss: 0.04956835415453686
=========================================================================================
len(trt) : 25
len(train_index) : 945
len(valid_index) : 946
================================= 1fold lightgbm =================================
len(train_index) : 946
len(valid_index) : 945
================================= 2fold lightgbm =================================
smoothened_receptor_antagonist logloss: 0.05569451172786115
=========================================================================================
len(trt) : 267
len(train_index) : 1066
len(valid_index) : 1067
================================= 1fold lightgbm =================================
len(train_index) : 1067
len(valid_index) : 1066
================================= 2fold lightgbm =================================
sodium_channel_inhibitor logloss: 0.020072692476382097
=========================================================================================
len(trt) : 25
len(train_index) : 945
len(valid_index) : 946
================================= 1fold lightgbm =================================
len(train_index) : 946
len(valid_index) : 945
================================= 2fold lightgbm =================================
sphingosine_receptor_agonist logloss: 0.05651151624995255
=========================================================================================
len(trt) : 71
len(train_index) : 968
len(valid_index) : 969
================================= 1fold lightgbm =================================
len(train_index) : 969
len(valid_index) : 968
================================= 2fold lightgbm =================================
src_inhibitor logloss: 0.030730353184110517
=========================================================================================
len(trt) : 6
len(train_index) : 936
len(valid_index) : 936
================================= 1fold lightgbm =================================
len(train_index) : 936
len(valid_index) : 936
================================= 2fold lightgbm =================================
steroid logloss: 0.019814824825902837
=========================================================================================
len(trt) : 19
len(train_index) : 942
len(valid_index) : 943
================================= 1fold lightgbm =================================
len(train_index) : 943
len(valid_index) : 942
================================= 2fold lightgbm =================================
syk_inhibitor logloss: 0.020773047236477684
=========================================================================================
len(trt) : 60
len(train_index) : 963
len(valid_index) : 963
================================= 1fold lightgbm =================================
len(train_index) : 963
len(valid_index) : 963
================================= 2fold lightgbm =================================
tachykinin_antagonist logloss: 0.05838692504047677
=========================================================================================
len(trt) : 30
len(train_index) : 948
len(valid_index) : 948
================================= 1fold lightgbm =================================
len(train_index) : 948
len(valid_index) : 948
================================= 2fold lightgbm =================================
tgf-beta_receptor_inhibitor logloss: 0.0011668613819360476
=========================================================================================
len(trt) : 19
len(train_index) : 942
len(valid_index) : 943
================================= 1fold lightgbm =================================
len(train_index) : 943
len(valid_index) : 942
================================= 2fold lightgbm =================================
thrombin_inhibitor logloss: 0.023426719874598895
=========================================================================================
len(trt) : 37
len(train_index) : 951
len(valid_index) : 952
================================= 1fold lightgbm =================================
len(train_index) : 952
len(valid_index) : 951
================================= 2fold lightgbm =================================
thymidylate_synthase_inhibitor logloss: 0.036479617526326745
=========================================================================================
len(trt) : 30
len(train_index) : 948
len(valid_index) : 948
================================= 1fold lightgbm =================================
len(train_index) : 948
len(valid_index) : 948
================================= 2fold lightgbm =================================
tlr_agonist logloss: 0.054362499153647305
=========================================================================================
len(trt) : 7
len(train_index) : 936
len(valid_index) : 937
================================= 1fold lightgbm =================================
len(train_index) : 937
len(valid_index) : 936
================================= 2fold lightgbm =================================
tlr_antagonist logloss: 0.022949848712685045
=========================================================================================
len(trt) : 36
len(train_index) : 951
len(valid_index) : 951
================================= 1fold lightgbm =================================
len(train_index) : 951
len(valid_index) : 951
================================= 2fold lightgbm =================================
tnf_inhibitor logloss: 0.048337920956235986
=========================================================================================
len(trt) : 127
len(train_index) : 996
len(valid_index) : 997
================================= 1fold lightgbm =================================
len(train_index) : 997
len(valid_index) : 996
================================= 2fold lightgbm =================================
topoisomerase_inhibitor logloss: 0.018113506397271387
=========================================================================================
len(trt) : 18
len(train_index) : 942
len(valid_index) : 942
================================= 1fold lightgbm =================================
len(train_index) : 942
len(valid_index) : 942
================================= 2fold lightgbm =================================
transient_receptor_potential_channel_antagonist logloss: 0.03770099915435096
=========================================================================================
len(trt) : 6
len(train_index) : 936
len(valid_index) : 936
================================= 1fold lightgbm =================================
len(train_index) : 936
len(valid_index) : 936
================================= 2fold lightgbm =================================
tropomyosin_receptor_kinase_inhibitor logloss: 0.01978104082929339
=========================================================================================
len(trt) : 25
len(train_index) : 945
len(valid_index) : 946
================================= 1fold lightgbm =================================
len(train_index) : 946
len(valid_index) : 945
================================= 2fold lightgbm =================================
trpv_agonist logloss: 0.037492665402646536
=========================================================================================
len(trt) : 48
len(train_index) : 957
len(valid_index) : 957
================================= 1fold lightgbm =================================
len(train_index) : 957
len(valid_index) : 957
================================= 2fold lightgbm =================================
trpv_antagonist logloss: 0.06776592468467414
=========================================================================================
len(trt) : 316
len(train_index) : 1091
len(valid_index) : 1091
================================= 1fold lightgbm =================================
len(train_index) : 1091
len(valid_index) : 1091
================================= 2fold lightgbm =================================
tubulin_inhibitor logloss: 0.018783806206910805
=========================================================================================
len(trt) : 73
len(train_index) : 969
len(valid_index) : 970
================================= 1fold lightgbm =================================
len(train_index) : 970
len(valid_index) : 969
================================= 2fold lightgbm =================================
tyrosine_kinase_inhibitor logloss: 0.03771696260952769
=========================================================================================
len(trt) : 6
len(train_index) : 936
len(valid_index) : 936
================================= 1fold lightgbm =================================
len(train_index) : 936
len(valid_index) : 936
================================= 2fold lightgbm =================================
ubiquitin_specific_protease_inhibitor logloss: 0.017358458424195252
=========================================================================================
len(trt) : 170
len(train_index) : 1018
len(valid_index) : 1018
================================= 1fold lightgbm =================================
len(train_index) : 1018
len(valid_index) : 1018
================================= 2fold lightgbm =================================
vegfr_inhibitor logloss: 0.039007256632471614
=========================================================================================
len(trt) : 26
len(train_index) : 946
len(valid_index) : 946
================================= 1fold lightgbm =================================
len(train_index) : 946
len(valid_index) : 946
================================= 2fold lightgbm =================================
vitamin_b logloss: 0.05812429712051816
=========================================================================================
len(trt) : 39
len(train_index) : 952
len(valid_index) : 953
================================= 1fold lightgbm =================================
len(train_index) : 953
len(valid_index) : 952
================================= 2fold lightgbm =================================
vitamin_d_receptor_agonist logloss: 0.03845732325187606
=========================================================================================
len(trt) : 30
len(train_index) : 948
len(valid_index) : 948
================================= 1fold lightgbm =================================
len(train_index) : 948
len(valid_index) : 948
================================= 2fold lightgbm =================================
wnt_inhibitor logloss: 0.05982108608995593
=========================================================================================
