================================= fold 1/2 5-alpha_reductase_inhibitor=================================
================================= fold 2/2 5-alpha_reductase_inhibitor=================================
=========================================================================================
================================= fold 1/2 11-beta-hsd1_inhibitor=================================
================================= fold 2/2 11-beta-hsd1_inhibitor=================================
=========================================================================================
================================= fold 1/2 acat_inhibitor=================================
================================= fold 2/2 acat_inhibitor=================================
=========================================================================================
================================= fold 1/2 acetylcholine_receptor_agonist=================================
================================= fold 2/2 acetylcholine_receptor_agonist=================================
=========================================================================================
================================= fold 1/2 acetylcholine_receptor_antagonist=================================
================================= fold 2/2 acetylcholine_receptor_antagonist=================================
=========================================================================================
================================= fold 1/2 acetylcholinesterase_inhibitor=================================
================================= fold 2/2 acetylcholinesterase_inhibitor=================================
=========================================================================================
================================= fold 1/2 adenosine_receptor_agonist=================================
================================= fold 2/2 adenosine_receptor_agonist=================================
=========================================================================================
================================= fold 1/2 adenosine_receptor_antagonist=================================
================================= fold 2/2 adenosine_receptor_antagonist=================================
=========================================================================================
================================= fold 1/2 adenylyl_cyclase_activator=================================
================================= fold 2/2 adenylyl_cyclase_activator=================================
=========================================================================================
================================= fold 1/2 adrenergic_receptor_agonist=================================
================================= fold 2/2 adrenergic_receptor_agonist=================================
=========================================================================================
================================= fold 1/2 adrenergic_receptor_antagonist=================================
================================= fold 2/2 adrenergic_receptor_antagonist=================================
=========================================================================================
================================= fold 1/2 akt_inhibitor=================================
================================= fold 2/2 akt_inhibitor=================================
=========================================================================================
================================= fold 1/2 aldehyde_dehydrogenase_inhibitor=================================
================================= fold 2/2 aldehyde_dehydrogenase_inhibitor=================================
=========================================================================================
================================= fold 1/2 alk_inhibitor=================================
================================= fold 2/2 alk_inhibitor=================================
=========================================================================================
================================= fold 1/2 ampk_activator=================================
================================= fold 2/2 ampk_activator=================================
=========================================================================================
================================= fold 1/2 analgesic=================================
================================= fold 2/2 analgesic=================================
=========================================================================================
================================= fold 1/2 androgen_receptor_agonist=================================
================================= fold 2/2 androgen_receptor_agonist=================================
=========================================================================================
================================= fold 1/2 androgen_receptor_antagonist=================================
================================= fold 2/2 androgen_receptor_antagonist=================================
=========================================================================================
================================= fold 1/2 anesthetic_-_local=================================
================================= fold 2/2 anesthetic_-_local=================================
=========================================================================================
================================= fold 1/2 angiogenesis_inhibitor=================================
================================= fold 2/2 angiogenesis_inhibitor=================================
=========================================================================================
================================= fold 1/2 angiotensin_receptor_antagonist=================================
================================= fold 2/2 angiotensin_receptor_antagonist=================================
=========================================================================================
================================= fold 1/2 anti-inflammatory=================================
================================= fold 2/2 anti-inflammatory=================================
=========================================================================================
================================= fold 1/2 antiarrhythmic=================================
================================= fold 2/2 antiarrhythmic=================================
=========================================================================================
================================= fold 1/2 antibiotic=================================
================================= fold 2/2 antibiotic=================================
=========================================================================================
================================= fold 1/2 anticonvulsant=================================
================================= fold 2/2 anticonvulsant=================================
=========================================================================================
================================= fold 1/2 antifungal=================================
================================= fold 2/2 antifungal=================================
=========================================================================================
================================= fold 1/2 antihistamine=================================
================================= fold 2/2 antihistamine=================================
=========================================================================================
================================= fold 1/2 antimalarial=================================
================================= fold 2/2 antimalarial=================================
=========================================================================================
================================= fold 1/2 antioxidant=================================
================================= fold 2/2 antioxidant=================================
=========================================================================================
================================= fold 1/2 antiprotozoal=================================
================================= fold 2/2 antiprotozoal=================================
=========================================================================================
================================= fold 1/2 antiviral=================================
================================= fold 2/2 antiviral=================================
=========================================================================================
================================= fold 1/2 apoptosis_stimulant=================================
================================= fold 2/2 apoptosis_stimulant=================================
=========================================================================================
================================= fold 1/2 aromatase_inhibitor=================================
================================= fold 2/2 aromatase_inhibitor=================================
=========================================================================================
================================= fold 1/2 atm_kinase_inhibitor=================================
================================= fold 2/2 atm_kinase_inhibitor=================================
=========================================================================================
================================= fold 1/2 atp-sensitive_potassium_channel_antagonist=================================
================================= fold 2/2 atp-sensitive_potassium_channel_antagonist=================================
=========================================================================================
================================= fold 1/2 atp_synthase_inhibitor=================================
================================= fold 2/2 atp_synthase_inhibitor=================================
=========================================================================================
================================= fold 1/2 atpase_inhibitor=================================
================================= fold 2/2 atpase_inhibitor=================================
=========================================================================================
================================= fold 1/2 atr_kinase_inhibitor=================================
================================= fold 2/2 atr_kinase_inhibitor=================================
=========================================================================================
================================= fold 1/2 aurora_kinase_inhibitor=================================
================================= fold 2/2 aurora_kinase_inhibitor=================================
=========================================================================================
================================= fold 1/2 autotaxin_inhibitor=================================
================================= fold 2/2 autotaxin_inhibitor=================================
=========================================================================================
================================= fold 1/2 bacterial_30s_ribosomal_subunit_inhibitor=================================
================================= fold 2/2 bacterial_30s_ribosomal_subunit_inhibitor=================================
=========================================================================================
================================= fold 1/2 bacterial_50s_ribosomal_subunit_inhibitor=================================
================================= fold 2/2 bacterial_50s_ribosomal_subunit_inhibitor=================================
=========================================================================================
================================= fold 1/2 bacterial_antifolate=================================
================================= fold 2/2 bacterial_antifolate=================================
=========================================================================================
================================= fold 1/2 bacterial_cell_wall_synthesis_inhibitor=================================
================================= fold 2/2 bacterial_cell_wall_synthesis_inhibitor=================================
=========================================================================================
================================= fold 1/2 bacterial_dna_gyrase_inhibitor=================================
================================= fold 2/2 bacterial_dna_gyrase_inhibitor=================================
=========================================================================================
================================= fold 1/2 bacterial_dna_inhibitor=================================
================================= fold 2/2 bacterial_dna_inhibitor=================================
=========================================================================================
================================= fold 1/2 bacterial_membrane_integrity_inhibitor=================================
================================= fold 2/2 bacterial_membrane_integrity_inhibitor=================================
=========================================================================================
================================= fold 1/2 bcl_inhibitor=================================
================================= fold 2/2 bcl_inhibitor=================================
=========================================================================================
================================= fold 1/2 bcr-abl_inhibitor=================================
================================= fold 2/2 bcr-abl_inhibitor=================================
=========================================================================================
================================= fold 1/2 benzodiazepine_receptor_agonist=================================
================================= fold 2/2 benzodiazepine_receptor_agonist=================================
=========================================================================================
================================= fold 1/2 beta_amyloid_inhibitor=================================
================================= fold 2/2 beta_amyloid_inhibitor=================================
=========================================================================================
================================= fold 1/2 bromodomain_inhibitor=================================
================================= fold 2/2 bromodomain_inhibitor=================================
=========================================================================================
================================= fold 1/2 btk_inhibitor=================================
================================= fold 2/2 btk_inhibitor=================================
=========================================================================================
================================= fold 1/2 calcineurin_inhibitor=================================
================================= fold 2/2 calcineurin_inhibitor=================================
=========================================================================================
================================= fold 1/2 calcium_channel_blocker=================================
================================= fold 2/2 calcium_channel_blocker=================================
=========================================================================================
================================= fold 1/2 cannabinoid_receptor_agonist=================================
================================= fold 2/2 cannabinoid_receptor_agonist=================================
=========================================================================================
================================= fold 1/2 cannabinoid_receptor_antagonist=================================
================================= fold 2/2 cannabinoid_receptor_antagonist=================================
=========================================================================================
================================= fold 1/2 carbonic_anhydrase_inhibitor=================================
================================= fold 2/2 carbonic_anhydrase_inhibitor=================================
=========================================================================================
================================= fold 1/2 casein_kinase_inhibitor=================================
================================= fold 2/2 casein_kinase_inhibitor=================================
=========================================================================================
================================= fold 1/2 caspase_activator=================================
================================= fold 2/2 caspase_activator=================================
=========================================================================================
================================= fold 1/2 catechol_o_methyltransferase_inhibitor=================================
================================= fold 2/2 catechol_o_methyltransferase_inhibitor=================================
=========================================================================================
================================= fold 1/2 cc_chemokine_receptor_antagonist=================================
================================= fold 2/2 cc_chemokine_receptor_antagonist=================================
=========================================================================================
================================= fold 1/2 cck_receptor_antagonist=================================
================================= fold 2/2 cck_receptor_antagonist=================================
=========================================================================================
================================= fold 1/2 cdk_inhibitor=================================
================================= fold 2/2 cdk_inhibitor=================================
=========================================================================================
================================= fold 1/2 chelating_agent=================================
================================= fold 2/2 chelating_agent=================================
=========================================================================================
================================= fold 1/2 chk_inhibitor=================================
================================= fold 2/2 chk_inhibitor=================================
=========================================================================================
================================= fold 1/2 chloride_channel_blocker=================================
================================= fold 2/2 chloride_channel_blocker=================================
=========================================================================================
================================= fold 1/2 cholesterol_inhibitor=================================
================================= fold 2/2 cholesterol_inhibitor=================================
=========================================================================================
================================= fold 1/2 cholinergic_receptor_antagonist=================================
================================= fold 2/2 cholinergic_receptor_antagonist=================================
=========================================================================================
================================= fold 1/2 coagulation_factor_inhibitor=================================
================================= fold 2/2 coagulation_factor_inhibitor=================================
=========================================================================================
================================= fold 1/2 corticosteroid_agonist=================================
================================= fold 2/2 corticosteroid_agonist=================================
=========================================================================================
================================= fold 1/2 cyclooxygenase_inhibitor=================================
================================= fold 2/2 cyclooxygenase_inhibitor=================================
=========================================================================================
================================= fold 1/2 cytochrome_p450_inhibitor=================================
================================= fold 2/2 cytochrome_p450_inhibitor=================================
=========================================================================================
================================= fold 1/2 dihydrofolate_reductase_inhibitor=================================
================================= fold 2/2 dihydrofolate_reductase_inhibitor=================================
=========================================================================================
================================= fold 1/2 dipeptidyl_peptidase_inhibitor=================================
================================= fold 2/2 dipeptidyl_peptidase_inhibitor=================================
=========================================================================================
================================= fold 1/2 diuretic=================================
================================= fold 2/2 diuretic=================================
=========================================================================================
================================= fold 1/2 dna_alkylating_agent=================================
================================= fold 2/2 dna_alkylating_agent=================================
=========================================================================================
================================= fold 1/2 dna_inhibitor=================================
================================= fold 2/2 dna_inhibitor=================================
=========================================================================================
================================= fold 1/2 dopamine_receptor_agonist=================================
================================= fold 2/2 dopamine_receptor_agonist=================================
=========================================================================================
================================= fold 1/2 dopamine_receptor_antagonist=================================
================================= fold 2/2 dopamine_receptor_antagonist=================================
=========================================================================================
================================= fold 1/2 egfr_inhibitor=================================
================================= fold 2/2 egfr_inhibitor=================================
=========================================================================================
================================= fold 1/2 elastase_inhibitor=================================
================================= fold 2/2 elastase_inhibitor=================================
=========================================================================================
================================= fold 1/2 erbb2_inhibitor=================================
================================= fold 2/2 erbb2_inhibitor=================================
=========================================================================================
================================= fold 1/2 estrogen_receptor_agonist=================================
================================= fold 2/2 estrogen_receptor_agonist=================================
=========================================================================================
================================= fold 1/2 estrogen_receptor_antagonist=================================
================================= fold 2/2 estrogen_receptor_antagonist=================================
=========================================================================================
================================= fold 1/2 faah_inhibitor=================================
================================= fold 2/2 faah_inhibitor=================================
=========================================================================================
================================= fold 1/2 farnesyltransferase_inhibitor=================================
================================= fold 2/2 farnesyltransferase_inhibitor=================================
=========================================================================================
================================= fold 1/2 fatty_acid_receptor_agonist=================================
================================= fold 2/2 fatty_acid_receptor_agonist=================================
=========================================================================================
================================= fold 1/2 fgfr_inhibitor=================================
================================= fold 2/2 fgfr_inhibitor=================================
=========================================================================================
================================= fold 1/2 flt3_inhibitor=================================
================================= fold 2/2 flt3_inhibitor=================================
=========================================================================================
================================= fold 1/2 focal_adhesion_kinase_inhibitor=================================
================================= fold 2/2 focal_adhesion_kinase_inhibitor=================================
=========================================================================================
================================= fold 1/2 free_radical_scavenger=================================
================================= fold 2/2 free_radical_scavenger=================================
=========================================================================================
================================= fold 1/2 fungal_squalene_epoxidase_inhibitor=================================
================================= fold 2/2 fungal_squalene_epoxidase_inhibitor=================================
=========================================================================================
================================= fold 1/2 gaba_receptor_agonist=================================
================================= fold 2/2 gaba_receptor_agonist=================================
=========================================================================================
================================= fold 1/2 gaba_receptor_antagonist=================================
================================= fold 2/2 gaba_receptor_antagonist=================================
=========================================================================================
================================= fold 1/2 gamma_secretase_inhibitor=================================
================================= fold 2/2 gamma_secretase_inhibitor=================================
=========================================================================================
================================= fold 1/2 glucocorticoid_receptor_agonist=================================
================================= fold 2/2 glucocorticoid_receptor_agonist=================================
=========================================================================================
================================= fold 1/2 glutamate_inhibitor=================================
================================= fold 2/2 glutamate_inhibitor=================================
=========================================================================================
================================= fold 1/2 glutamate_receptor_agonist=================================
================================= fold 2/2 glutamate_receptor_agonist=================================
=========================================================================================
================================= fold 1/2 glutamate_receptor_antagonist=================================
================================= fold 2/2 glutamate_receptor_antagonist=================================
=========================================================================================
================================= fold 1/2 gonadotropin_receptor_agonist=================================
================================= fold 2/2 gonadotropin_receptor_agonist=================================
=========================================================================================
================================= fold 1/2 gsk_inhibitor=================================
================================= fold 2/2 gsk_inhibitor=================================
=========================================================================================
================================= fold 1/2 hcv_inhibitor=================================
================================= fold 2/2 hcv_inhibitor=================================
=========================================================================================
================================= fold 1/2 hdac_inhibitor=================================
================================= fold 2/2 hdac_inhibitor=================================
=========================================================================================
================================= fold 1/2 histamine_receptor_agonist=================================
================================= fold 2/2 histamine_receptor_agonist=================================
=========================================================================================
================================= fold 1/2 histamine_receptor_antagonist=================================
================================= fold 2/2 histamine_receptor_antagonist=================================
=========================================================================================
================================= fold 1/2 histone_lysine_demethylase_inhibitor=================================
================================= fold 2/2 histone_lysine_demethylase_inhibitor=================================
=========================================================================================
================================= fold 1/2 histone_lysine_methyltransferase_inhibitor=================================
================================= fold 2/2 histone_lysine_methyltransferase_inhibitor=================================
=========================================================================================
================================= fold 1/2 hiv_inhibitor=================================
================================= fold 2/2 hiv_inhibitor=================================
=========================================================================================
================================= fold 1/2 hmgcr_inhibitor=================================
================================= fold 2/2 hmgcr_inhibitor=================================
=========================================================================================
================================= fold 1/2 hsp_inhibitor=================================
================================= fold 2/2 hsp_inhibitor=================================
=========================================================================================
================================= fold 1/2 igf-1_inhibitor=================================
================================= fold 2/2 igf-1_inhibitor=================================
=========================================================================================
================================= fold 1/2 ikk_inhibitor=================================
================================= fold 2/2 ikk_inhibitor=================================
=========================================================================================
================================= fold 1/2 imidazoline_receptor_agonist=================================
================================= fold 2/2 imidazoline_receptor_agonist=================================
=========================================================================================
================================= fold 1/2 immunosuppressant=================================
================================= fold 2/2 immunosuppressant=================================
=========================================================================================
================================= fold 1/2 insulin_secretagogue=================================
================================= fold 2/2 insulin_secretagogue=================================
=========================================================================================
================================= fold 1/2 insulin_sensitizer=================================
================================= fold 2/2 insulin_sensitizer=================================
=========================================================================================
================================= fold 1/2 integrin_inhibitor=================================
================================= fold 2/2 integrin_inhibitor=================================
=========================================================================================
================================= fold 1/2 jak_inhibitor=================================
================================= fold 2/2 jak_inhibitor=================================
=========================================================================================
================================= fold 1/2 kit_inhibitor=================================
================================= fold 2/2 kit_inhibitor=================================
=========================================================================================
================================= fold 1/2 laxative=================================
================================= fold 2/2 laxative=================================
=========================================================================================
================================= fold 1/2 leukotriene_inhibitor=================================
================================= fold 2/2 leukotriene_inhibitor=================================
=========================================================================================
================================= fold 1/2 leukotriene_receptor_antagonist=================================
================================= fold 2/2 leukotriene_receptor_antagonist=================================
=========================================================================================
================================= fold 1/2 lipase_inhibitor=================================
================================= fold 2/2 lipase_inhibitor=================================
=========================================================================================
================================= fold 1/2 lipoxygenase_inhibitor=================================
================================= fold 2/2 lipoxygenase_inhibitor=================================
=========================================================================================
================================= fold 1/2 lxr_agonist=================================
================================= fold 2/2 lxr_agonist=================================
=========================================================================================
================================= fold 1/2 mdm_inhibitor=================================
================================= fold 2/2 mdm_inhibitor=================================
=========================================================================================
================================= fold 1/2 mek_inhibitor=================================
================================= fold 2/2 mek_inhibitor=================================
=========================================================================================
================================= fold 1/2 membrane_integrity_inhibitor=================================
================================= fold 2/2 membrane_integrity_inhibitor=================================
=========================================================================================
================================= fold 1/2 mineralocorticoid_receptor_antagonist=================================
================================= fold 2/2 mineralocorticoid_receptor_antagonist=================================
=========================================================================================
================================= fold 1/2 monoacylglycerol_lipase_inhibitor=================================
================================= fold 2/2 monoacylglycerol_lipase_inhibitor=================================
=========================================================================================
================================= fold 1/2 monoamine_oxidase_inhibitor=================================
================================= fold 2/2 monoamine_oxidase_inhibitor=================================
=========================================================================================
================================= fold 1/2 monopolar_spindle_1_kinase_inhibitor=================================
================================= fold 2/2 monopolar_spindle_1_kinase_inhibitor=================================
=========================================================================================
================================= fold 1/2 mtor_inhibitor=================================
================================= fold 2/2 mtor_inhibitor=================================
=========================================================================================
================================= fold 1/2 mucolytic_agent=================================
================================= fold 2/2 mucolytic_agent=================================
=========================================================================================
================================= fold 1/2 neuropeptide_receptor_antagonist=================================
================================= fold 2/2 neuropeptide_receptor_antagonist=================================
=========================================================================================
================================= fold 1/2 nfkb_inhibitor=================================
================================= fold 2/2 nfkb_inhibitor=================================
=========================================================================================
================================= fold 1/2 nicotinic_receptor_agonist=================================
================================= fold 2/2 nicotinic_receptor_agonist=================================
=========================================================================================
================================= fold 1/2 nitric_oxide_donor=================================
================================= fold 2/2 nitric_oxide_donor=================================
=========================================================================================
================================= fold 1/2 nitric_oxide_production_inhibitor=================================
================================= fold 2/2 nitric_oxide_production_inhibitor=================================
=========================================================================================
================================= fold 1/2 nitric_oxide_synthase_inhibitor=================================
================================= fold 2/2 nitric_oxide_synthase_inhibitor=================================
=========================================================================================
================================= fold 1/2 norepinephrine_reuptake_inhibitor=================================
================================= fold 2/2 norepinephrine_reuptake_inhibitor=================================
=========================================================================================
================================= fold 1/2 nrf2_activator=================================
================================= fold 2/2 nrf2_activator=================================
=========================================================================================
================================= fold 1/2 opioid_receptor_agonist=================================
================================= fold 2/2 opioid_receptor_agonist=================================
=========================================================================================
================================= fold 1/2 opioid_receptor_antagonist=================================
================================= fold 2/2 opioid_receptor_antagonist=================================
=========================================================================================
================================= fold 1/2 orexin_receptor_antagonist=================================
================================= fold 2/2 orexin_receptor_antagonist=================================
=========================================================================================
================================= fold 1/2 p38_mapk_inhibitor=================================
================================= fold 2/2 p38_mapk_inhibitor=================================
=========================================================================================
================================= fold 1/2 p-glycoprotein_inhibitor=================================
================================= fold 2/2 p-glycoprotein_inhibitor=================================
=========================================================================================
================================= fold 1/2 parp_inhibitor=================================
================================= fold 2/2 parp_inhibitor=================================
=========================================================================================
================================= fold 1/2 pdgfr_inhibitor=================================
================================= fold 2/2 pdgfr_inhibitor=================================
=========================================================================================
================================= fold 1/2 pdk_inhibitor=================================
================================= fold 2/2 pdk_inhibitor=================================
=========================================================================================
================================= fold 1/2 phosphodiesterase_inhibitor=================================
================================= fold 2/2 phosphodiesterase_inhibitor=================================
=========================================================================================
================================= fold 1/2 phospholipase_inhibitor=================================
================================= fold 2/2 phospholipase_inhibitor=================================
=========================================================================================
================================= fold 1/2 pi3k_inhibitor=================================
================================= fold 2/2 pi3k_inhibitor=================================
=========================================================================================
================================= fold 1/2 pkc_inhibitor=================================
================================= fold 2/2 pkc_inhibitor=================================
=========================================================================================
================================= fold 1/2 potassium_channel_activator=================================
================================= fold 2/2 potassium_channel_activator=================================
=========================================================================================
================================= fold 1/2 potassium_channel_antagonist=================================
================================= fold 2/2 potassium_channel_antagonist=================================
=========================================================================================
================================= fold 1/2 ppar_receptor_agonist=================================
================================= fold 2/2 ppar_receptor_agonist=================================
=========================================================================================
================================= fold 1/2 ppar_receptor_antagonist=================================
================================= fold 2/2 ppar_receptor_antagonist=================================
=========================================================================================
================================= fold 1/2 progesterone_receptor_agonist=================================
================================= fold 2/2 progesterone_receptor_agonist=================================
=========================================================================================
================================= fold 1/2 progesterone_receptor_antagonist=================================
================================= fold 2/2 progesterone_receptor_antagonist=================================
=========================================================================================
================================= fold 1/2 prostaglandin_inhibitor=================================
================================= fold 2/2 prostaglandin_inhibitor=================================
=========================================================================================
================================= fold 1/2 prostanoid_receptor_antagonist=================================
================================= fold 2/2 prostanoid_receptor_antagonist=================================
=========================================================================================
================================= fold 1/2 proteasome_inhibitor=================================
================================= fold 2/2 proteasome_inhibitor=================================
=========================================================================================
================================= fold 1/2 protein_kinase_inhibitor=================================
================================= fold 2/2 protein_kinase_inhibitor=================================
=========================================================================================
================================= fold 1/2 protein_phosphatase_inhibitor=================================
================================= fold 2/2 protein_phosphatase_inhibitor=================================
=========================================================================================
================================= fold 1/2 protein_synthesis_inhibitor=================================
================================= fold 2/2 protein_synthesis_inhibitor=================================
=========================================================================================
================================= fold 1/2 protein_tyrosine_kinase_inhibitor=================================
================================= fold 2/2 protein_tyrosine_kinase_inhibitor=================================
=========================================================================================
================================= fold 1/2 radiopaque_medium=================================
================================= fold 2/2 radiopaque_medium=================================
=========================================================================================
================================= fold 1/2 raf_inhibitor=================================
================================= fold 2/2 raf_inhibitor=================================
=========================================================================================
================================= fold 1/2 ras_gtpase_inhibitor=================================
================================= fold 2/2 ras_gtpase_inhibitor=================================
=========================================================================================
================================= fold 1/2 retinoid_receptor_agonist=================================
================================= fold 2/2 retinoid_receptor_agonist=================================
=========================================================================================
================================= fold 1/2 retinoid_receptor_antagonist=================================
================================= fold 2/2 retinoid_receptor_antagonist=================================
=========================================================================================
================================= fold 1/2 rho_associated_kinase_inhibitor=================================
================================= fold 2/2 rho_associated_kinase_inhibitor=================================
=========================================================================================
================================= fold 1/2 ribonucleoside_reductase_inhibitor=================================
================================= fold 2/2 ribonucleoside_reductase_inhibitor=================================
=========================================================================================
================================= fold 1/2 rna_polymerase_inhibitor=================================
================================= fold 2/2 rna_polymerase_inhibitor=================================
=========================================================================================
================================= fold 1/2 serotonin_receptor_agonist=================================
================================= fold 2/2 serotonin_receptor_agonist=================================
=========================================================================================
================================= fold 1/2 serotonin_receptor_antagonist=================================
================================= fold 2/2 serotonin_receptor_antagonist=================================
=========================================================================================
================================= fold 1/2 serotonin_reuptake_inhibitor=================================
================================= fold 2/2 serotonin_reuptake_inhibitor=================================
=========================================================================================
================================= fold 1/2 sigma_receptor_agonist=================================
================================= fold 2/2 sigma_receptor_agonist=================================
=========================================================================================
================================= fold 1/2 sigma_receptor_antagonist=================================
================================= fold 2/2 sigma_receptor_antagonist=================================
=========================================================================================
================================= fold 1/2 smoothened_receptor_antagonist=================================
================================= fold 2/2 smoothened_receptor_antagonist=================================
=========================================================================================
================================= fold 1/2 sodium_channel_inhibitor=================================
================================= fold 2/2 sodium_channel_inhibitor=================================
=========================================================================================
================================= fold 1/2 sphingosine_receptor_agonist=================================
================================= fold 2/2 sphingosine_receptor_agonist=================================
=========================================================================================
================================= fold 1/2 src_inhibitor=================================
================================= fold 2/2 src_inhibitor=================================
=========================================================================================
================================= fold 1/2 steroid=================================
================================= fold 2/2 steroid=================================
=========================================================================================
================================= fold 1/2 syk_inhibitor=================================
================================= fold 2/2 syk_inhibitor=================================
=========================================================================================
================================= fold 1/2 tachykinin_antagonist=================================
================================= fold 2/2 tachykinin_antagonist=================================
=========================================================================================
================================= fold 1/2 tgf-beta_receptor_inhibitor=================================
================================= fold 2/2 tgf-beta_receptor_inhibitor=================================
=========================================================================================
================================= fold 1/2 thrombin_inhibitor=================================
================================= fold 2/2 thrombin_inhibitor=================================
=========================================================================================
================================= fold 1/2 thymidylate_synthase_inhibitor=================================
================================= fold 2/2 thymidylate_synthase_inhibitor=================================
=========================================================================================
================================= fold 1/2 tlr_agonist=================================
================================= fold 2/2 tlr_agonist=================================
=========================================================================================
================================= fold 1/2 tlr_antagonist=================================
================================= fold 2/2 tlr_antagonist=================================
=========================================================================================
================================= fold 1/2 tnf_inhibitor=================================
================================= fold 2/2 tnf_inhibitor=================================
=========================================================================================
================================= fold 1/2 topoisomerase_inhibitor=================================
================================= fold 2/2 topoisomerase_inhibitor=================================
=========================================================================================
================================= fold 1/2 transient_receptor_potential_channel_antagonist=================================
================================= fold 2/2 transient_receptor_potential_channel_antagonist=================================
=========================================================================================
================================= fold 1/2 tropomyosin_receptor_kinase_inhibitor=================================
================================= fold 2/2 tropomyosin_receptor_kinase_inhibitor=================================
=========================================================================================
================================= fold 1/2 trpv_agonist=================================
================================= fold 2/2 trpv_agonist=================================
=========================================================================================
================================= fold 1/2 trpv_antagonist=================================
================================= fold 2/2 trpv_antagonist=================================
=========================================================================================
================================= fold 1/2 tubulin_inhibitor=================================
================================= fold 2/2 tubulin_inhibitor=================================
=========================================================================================
================================= fold 1/2 tyrosine_kinase_inhibitor=================================
================================= fold 2/2 tyrosine_kinase_inhibitor=================================
=========================================================================================
================================= fold 1/2 ubiquitin_specific_protease_inhibitor=================================
================================= fold 2/2 ubiquitin_specific_protease_inhibitor=================================
=========================================================================================
================================= fold 1/2 vegfr_inhibitor=================================
================================= fold 2/2 vegfr_inhibitor=================================
=========================================================================================
================================= fold 1/2 vitamin_b=================================
================================= fold 2/2 vitamin_b=================================
=========================================================================================
================================= fold 1/2 vitamin_d_receptor_agonist=================================
================================= fold 2/2 vitamin_d_receptor_agonist=================================
=========================================================================================
================================= fold 1/2 wnt_inhibitor=================================
================================= fold 2/2 wnt_inhibitor=================================
=========================================================================================
