================================= fold 1/2 5-alpha_reductase_inhibitor=================================
================================= fold 2/2 5-alpha_reductase_inhibitor=================================
5-alpha_reductase_inhibitor logloss: 0.005892282737485706
=========================================================================================
================================= fold 1/2 11-beta-hsd1_inhibitor=================================
================================= fold 2/2 11-beta-hsd1_inhibitor=================================
11-beta-hsd1_inhibitor logloss: 0.006194670339008325
=========================================================================================
================================= fold 1/2 acat_inhibitor=================================
================================= fold 2/2 acat_inhibitor=================================
acat_inhibitor logloss: 0.007917034852462748
=========================================================================================
================================= fold 1/2 acetylcholine_receptor_agonist=================================
================================= fold 2/2 acetylcholine_receptor_agonist=================================
acetylcholine_receptor_agonist logloss: 0.047675812257817085
=========================================================================================
================================= fold 1/2 acetylcholine_receptor_antagonist=================================
================================= fold 2/2 acetylcholine_receptor_antagonist=================================
acetylcholine_receptor_antagonist logloss: 0.06813470181370242
=========================================================================================
================================= fold 1/2 acetylcholinesterase_inhibitor=================================
================================= fold 2/2 acetylcholinesterase_inhibitor=================================
acetylcholinesterase_inhibitor logloss: 0.020774536719624443
=========================================================================================
================================= fold 1/2 adenosine_receptor_agonist=================================
================================= fold 2/2 adenosine_receptor_agonist=================================
adenosine_receptor_agonist logloss: 0.016052306486671438
=========================================================================================
================================= fold 1/2 adenosine_receptor_antagonist=================================
================================= fold 2/2 adenosine_receptor_antagonist=================================
adenosine_receptor_antagonist logloss: 0.026308079801988526
=========================================================================================
================================= fold 1/2 adenylyl_cyclase_activator=================================
================================= fold 2/2 adenylyl_cyclase_activator=================================
adenylyl_cyclase_activator logloss: 0.005852634292197096
=========================================================================================
================================= fold 1/2 adrenergic_receptor_agonist=================================
================================= fold 2/2 adrenergic_receptor_agonist=================================
adrenergic_receptor_agonist logloss: 0.06015979312067918
=========================================================================================
================================= fold 1/2 adrenergic_receptor_antagonist=================================
================================= fold 2/2 adrenergic_receptor_antagonist=================================
adrenergic_receptor_antagonist logloss: 0.0770183314440831
=========================================================================================
================================= fold 1/2 akt_inhibitor=================================
================================= fold 2/2 akt_inhibitor=================================
akt_inhibitor logloss: 0.016422175774056313
=========================================================================================
================================= fold 1/2 aldehyde_dehydrogenase_inhibitor=================================
================================= fold 2/2 aldehyde_dehydrogenase_inhibitor=================================
aldehyde_dehydrogenase_inhibitor logloss: 0.006340707174817939
=========================================================================================
================================= fold 1/2 alk_inhibitor=================================
================================= fold 2/2 alk_inhibitor=================================
alk_inhibitor logloss: 0.012300783650208013
=========================================================================================
================================= fold 1/2 ampk_activator=================================
================================= fold 2/2 ampk_activator=================================
ampk_activator logloss: 0.004297861215790056
=========================================================================================
================================= fold 1/2 analgesic=================================
================================= fold 2/2 analgesic=================================
analgesic logloss: 0.004309624974805149
=========================================================================================
================================= fold 1/2 androgen_receptor_agonist=================================
================================= fold 2/2 androgen_receptor_agonist=================================
androgen_receptor_agonist logloss: 0.01449649420939636
=========================================================================================
================================= fold 1/2 androgen_receptor_antagonist=================================
================================= fold 2/2 androgen_receptor_antagonist=================================
androgen_receptor_antagonist logloss: 0.024665633310435142
=========================================================================================
================================= fold 1/2 anesthetic_-_local=================================
================================= fold 2/2 anesthetic_-_local=================================
anesthetic_-_local logloss: 0.02252833934158737
=========================================================================================
================================= fold 1/2 angiogenesis_inhibitor=================================
================================= fold 2/2 angiogenesis_inhibitor=================================
angiogenesis_inhibitor logloss: 0.01130735256770238
=========================================================================================
================================= fold 1/2 angiotensin_receptor_antagonist=================================
================================= fold 2/2 angiotensin_receptor_antagonist=================================
angiotensin_receptor_antagonist logloss: 0.033478317794098184
=========================================================================================
================================= fold 1/2 anti-inflammatory=================================
================================= fold 2/2 anti-inflammatory=================================
anti-inflammatory logloss: 0.03660274671590815
=========================================================================================
================================= fold 1/2 antiarrhythmic=================================
================================= fold 2/2 antiarrhythmic=================================
antiarrhythmic logloss: 0.028052365198262073
=========================================================================================
================================= fold 1/2 antibiotic=================================
================================= fold 2/2 antibiotic=================================
antibiotic logloss: 0.012870800606129277
=========================================================================================
================================= fold 1/2 anticonvulsant=================================
================================= fold 2/2 anticonvulsant=================================
anticonvulsant logloss: 0.0061718790669182235
=========================================================================================
================================= fold 1/2 antifungal=================================
================================= fold 2/2 antifungal=================================
antifungal logloss: 0.008547938497388722
=========================================================================================
================================= fold 1/2 antihistamine=================================
================================= fold 2/2 antihistamine=================================
antihistamine logloss: 0.006193374960413548
=========================================================================================
================================= fold 1/2 antimalarial=================================
================================= fold 2/2 antimalarial=================================
antimalarial logloss: 0.006162492641929111
=========================================================================================
================================= fold 1/2 antioxidant=================================
================================= fold 2/2 antioxidant=================================
antioxidant logloss: 0.020732870403740413
=========================================================================================
================================= fold 1/2 antiprotozoal=================================
================================= fold 2/2 antiprotozoal=================================
antiprotozoal logloss: 0.011319572384161654
=========================================================================================
================================= fold 1/2 antiviral=================================
================================= fold 2/2 antiviral=================================
antiviral logloss: 0.007668096658162331
=========================================================================================
================================= fold 1/2 apoptosis_stimulant=================================
================================= fold 2/2 apoptosis_stimulant=================================
apoptosis_stimulant logloss: 0.028231266044327713
=========================================================================================
================================= fold 1/2 aromatase_inhibitor=================================
================================= fold 2/2 aromatase_inhibitor=================================
aromatase_inhibitor logloss: 0.014292247113290748
=========================================================================================
================================= fold 1/2 atm_kinase_inhibitor=================================
================================= fold 2/2 atm_kinase_inhibitor=================================
atm_kinase_inhibitor logloss: 0.032794242863811454
=========================================================================================
================================= fold 1/2 atp-sensitive_potassium_channel_antagonist=================================
================================= fold 2/2 atp-sensitive_potassium_channel_antagonist=================================
atp-sensitive_potassium_channel_antagonist logloss: 0.00262058496527707
=========================================================================================
================================= fold 1/2 atp_synthase_inhibitor=================================
================================= fold 2/2 atp_synthase_inhibitor=================================
atp_synthase_inhibitor logloss: 0.003909248952740205
=========================================================================================
================================= fold 1/2 atpase_inhibitor=================================
================================= fold 2/2 atpase_inhibitor=================================
atpase_inhibitor logloss: 0.023008307517397898
=========================================================================================
================================= fold 1/2 atr_kinase_inhibitor=================================
================================= fold 2/2 atr_kinase_inhibitor=================================
atr_kinase_inhibitor logloss: 0.009431785469434701
=========================================================================================
================================= fold 1/2 aurora_kinase_inhibitor=================================
================================= fold 2/2 aurora_kinase_inhibitor=================================
aurora_kinase_inhibitor logloss: 0.01744343722274507
=========================================================================================
================================= fold 1/2 autotaxin_inhibitor=================================
================================= fold 2/2 autotaxin_inhibitor=================================
autotaxin_inhibitor logloss: 0.011286524887426878
=========================================================================================
================================= fold 1/2 bacterial_30s_ribosomal_subunit_inhibitor=================================
================================= fold 2/2 bacterial_30s_ribosomal_subunit_inhibitor=================================
bacterial_30s_ribosomal_subunit_inhibitor logloss: 0.017640254205821455
=========================================================================================
================================= fold 1/2 bacterial_50s_ribosomal_subunit_inhibitor=================================
================================= fold 2/2 bacterial_50s_ribosomal_subunit_inhibitor=================================
bacterial_50s_ribosomal_subunit_inhibitor logloss: 0.02255262181187911
=========================================================================================
================================= fold 1/2 bacterial_antifolate=================================
================================= fold 2/2 bacterial_antifolate=================================
bacterial_antifolate logloss: 0.011227976615939687
=========================================================================================
================================= fold 1/2 bacterial_cell_wall_synthesis_inhibitor=================================
================================= fold 2/2 bacterial_cell_wall_synthesis_inhibitor=================================
bacterial_cell_wall_synthesis_inhibitor logloss: 0.04685418241837757
=========================================================================================
================================= fold 1/2 bacterial_dna_gyrase_inhibitor=================================
================================= fold 2/2 bacterial_dna_gyrase_inhibitor=================================
bacterial_dna_gyrase_inhibitor logloss: 0.024597895452436954
=========================================================================================
================================= fold 1/2 bacterial_dna_inhibitor=================================
================================= fold 2/2 bacterial_dna_inhibitor=================================
bacterial_dna_inhibitor logloss: 0.030478936270792244
=========================================================================================
================================= fold 1/2 bacterial_membrane_integrity_inhibitor=================================
================================= fold 2/2 bacterial_membrane_integrity_inhibitor=================================
bacterial_membrane_integrity_inhibitor logloss: 0.006040322772749651
=========================================================================================
================================= fold 1/2 bcl_inhibitor=================================
================================= fold 2/2 bcl_inhibitor=================================
bcl_inhibitor logloss: 0.009680126694340702
=========================================================================================
================================= fold 1/2 bcr-abl_inhibitor=================================
================================= fold 2/2 bcr-abl_inhibitor=================================
bcr-abl_inhibitor logloss: 0.01788654013001385
=========================================================================================
================================= fold 1/2 benzodiazepine_receptor_agonist=================================
================================= fold 2/2 benzodiazepine_receptor_agonist=================================
benzodiazepine_receptor_agonist logloss: 0.01929764884321491
=========================================================================================
================================= fold 1/2 beta_amyloid_inhibitor=================================
================================= fold 2/2 beta_amyloid_inhibitor=================================
beta_amyloid_inhibitor logloss: 0.007968051935789226
=========================================================================================
================================= fold 1/2 bromodomain_inhibitor=================================
================================= fold 2/2 bromodomain_inhibitor=================================
bromodomain_inhibitor logloss: 0.015115476717376241
=========================================================================================
================================= fold 1/2 btk_inhibitor=================================
================================= fold 2/2 btk_inhibitor=================================
btk_inhibitor logloss: 0.009344278347779577
=========================================================================================
================================= fold 1/2 calcineurin_inhibitor=================================
================================= fold 2/2 calcineurin_inhibitor=================================
calcineurin_inhibitor logloss: 0.004327267240299035
=========================================================================================
================================= fold 1/2 calcium_channel_blocker=================================
================================= fold 2/2 calcium_channel_blocker=================================
calcium_channel_blocker logloss: 0.06383009951110849
=========================================================================================
================================= fold 1/2 cannabinoid_receptor_agonist=================================
================================= fold 2/2 cannabinoid_receptor_agonist=================================
cannabinoid_receptor_agonist logloss: 0.012945444318071734
=========================================================================================
================================= fold 1/2 cannabinoid_receptor_antagonist=================================
================================= fold 2/2 cannabinoid_receptor_antagonist=================================
cannabinoid_receptor_antagonist logloss: 0.016297509248371256
=========================================================================================
================================= fold 1/2 carbonic_anhydrase_inhibitor=================================
================================= fold 2/2 carbonic_anhydrase_inhibitor=================================
carbonic_anhydrase_inhibitor logloss: 0.011347058281062198
=========================================================================================
================================= fold 1/2 casein_kinase_inhibitor=================================
================================= fold 2/2 casein_kinase_inhibitor=================================
casein_kinase_inhibitor logloss: 0.011178452548636903
=========================================================================================
================================= fold 1/2 caspase_activator=================================
================================= fold 2/2 caspase_activator=================================
caspase_activator logloss: 0.01621181863465925
=========================================================================================
================================= fold 1/2 catechol_o_methyltransferase_inhibitor=================================
================================= fold 2/2 catechol_o_methyltransferase_inhibitor=================================
catechol_o_methyltransferase_inhibitor logloss: 0.006191424154064015
=========================================================================================
================================= fold 1/2 cc_chemokine_receptor_antagonist=================================
================================= fold 2/2 cc_chemokine_receptor_antagonist=================================
cc_chemokine_receptor_antagonist logloss: 0.02761604891883328
=========================================================================================
================================= fold 1/2 cck_receptor_antagonist=================================
================================= fold 2/2 cck_receptor_antagonist=================================
cck_receptor_antagonist logloss: 0.006165959446845941
=========================================================================================
================================= fold 1/2 cdk_inhibitor=================================
================================= fold 2/2 cdk_inhibitor=================================
cdk_inhibitor logloss: 0.026871381284676643
=========================================================================================
================================= fold 1/2 chelating_agent=================================
================================= fold 2/2 chelating_agent=================================
chelating_agent logloss: 0.016099239421804704
=========================================================================================
================================= fold 1/2 chk_inhibitor=================================
================================= fold 2/2 chk_inhibitor=================================
chk_inhibitor logloss: 0.009431785469434701
=========================================================================================
================================= fold 1/2 chloride_channel_blocker=================================
================================= fold 2/2 chloride_channel_blocker=================================
chloride_channel_blocker logloss: 0.012952910654667681
=========================================================================================
================================= fold 1/2 cholesterol_inhibitor=================================
================================= fold 2/2 cholesterol_inhibitor=================================
cholesterol_inhibitor logloss: 0.014444965761380575
=========================================================================================
================================= fold 1/2 cholinergic_receptor_antagonist=================================
================================= fold 2/2 cholinergic_receptor_antagonist=================================
cholinergic_receptor_antagonist logloss: 0.01605395750988471
=========================================================================================
================================= fold 1/2 coagulation_factor_inhibitor=================================
================================= fold 2/2 coagulation_factor_inhibitor=================================
coagulation_factor_inhibitor logloss: 0.007939635122982163
=========================================================================================
================================= fold 1/2 corticosteroid_agonist=================================
================================= fold 2/2 corticosteroid_agonist=================================
corticosteroid_agonist logloss: 0.009861942076034575
=========================================================================================
================================= fold 1/2 cyclooxygenase_inhibitor=================================
================================= fold 2/2 cyclooxygenase_inhibitor=================================
cyclooxygenase_inhibitor logloss: 0.08934026536444911
=========================================================================================
================================= fold 1/2 cytochrome_p450_inhibitor=================================
================================= fold 2/2 cytochrome_p450_inhibitor=================================
cytochrome_p450_inhibitor logloss: 0.027806080046012194
=========================================================================================
================================= fold 1/2 dihydrofolate_reductase_inhibitor=================================
================================= fold 2/2 dihydrofolate_reductase_inhibitor=================================
dihydrofolate_reductase_inhibitor logloss: 0.01016085318136573
=========================================================================================
================================= fold 1/2 dipeptidyl_peptidase_inhibitor=================================
================================= fold 2/2 dipeptidyl_peptidase_inhibitor=================================
dipeptidyl_peptidase_inhibitor logloss: 0.00826017811241838
=========================================================================================
================================= fold 1/2 diuretic=================================
================================= fold 2/2 diuretic=================================
diuretic logloss: 0.0023405862227867625
=========================================================================================
================================= fold 1/2 dna_alkylating_agent=================================
================================= fold 2/2 dna_alkylating_agent=================================
dna_alkylating_agent logloss: 0.014313036020714882
=========================================================================================
================================= fold 1/2 dna_inhibitor=================================
================================= fold 2/2 dna_inhibitor=================================
dna_inhibitor logloss: 0.08156394225758942
=========================================================================================
================================= fold 1/2 dopamine_receptor_agonist=================================
================================= fold 2/2 dopamine_receptor_agonist=================================
dopamine_receptor_agonist logloss: 0.03303132208567574
=========================================================================================
================================= fold 1/2 dopamine_receptor_antagonist=================================
================================= fold 2/2 dopamine_receptor_antagonist=================================
dopamine_receptor_antagonist logloss: 0.08622434960125258
=========================================================================================
================================= fold 1/2 egfr_inhibitor=================================
================================= fold 2/2 egfr_inhibitor=================================
egfr_inhibitor logloss: 0.033143428954662546
=========================================================================================
================================= fold 1/2 elastase_inhibitor=================================
================================= fold 2/2 elastase_inhibitor=================================
elastase_inhibitor logloss: 0.004332849401389945
=========================================================================================
================================= fold 1/2 erbb2_inhibitor=================================
================================= fold 2/2 erbb2_inhibitor=================================
erbb2_inhibitor logloss: 0.006701055704152678
=========================================================================================
================================= fold 1/2 estrogen_receptor_agonist=================================
================================= fold 2/2 estrogen_receptor_agonist=================================
estrogen_receptor_agonist logloss: 0.03975199971740233
=========================================================================================
================================= fold 1/2 estrogen_receptor_antagonist=================================
================================= fold 2/2 estrogen_receptor_antagonist=================================
estrogen_receptor_antagonist logloss: 0.01438138588426076
=========================================================================================
================================= fold 1/2 faah_inhibitor=================================
================================= fold 2/2 faah_inhibitor=================================
faah_inhibitor logloss: 0.011240438246257605
=========================================================================================
================================= fold 1/2 farnesyltransferase_inhibitor=================================
================================= fold 2/2 farnesyltransferase_inhibitor=================================
farnesyltransferase_inhibitor logloss: 0.005776364802029367
=========================================================================================
================================= fold 1/2 fatty_acid_receptor_agonist=================================
================================= fold 2/2 fatty_acid_receptor_agonist=================================
fatty_acid_receptor_agonist logloss: 0.008244769960789804
=========================================================================================
================================= fold 1/2 fgfr_inhibitor=================================
================================= fold 2/2 fgfr_inhibitor=================================
fgfr_inhibitor logloss: 0.013506828298729418
=========================================================================================
================================= fold 1/2 flt3_inhibitor=================================
================================= fold 2/2 flt3_inhibitor=================================
flt3_inhibitor logloss: 0.031089124789870106
=========================================================================================
================================= fold 1/2 focal_adhesion_kinase_inhibitor=================================
================================= fold 2/2 focal_adhesion_kinase_inhibitor=================================
focal_adhesion_kinase_inhibitor logloss: 0.005169487529955707
=========================================================================================
================================= fold 1/2 free_radical_scavenger=================================
================================= fold 2/2 free_radical_scavenger=================================
free_radical_scavenger logloss: 0.02502575698609168
=========================================================================================
================================= fold 1/2 fungal_squalene_epoxidase_inhibitor=================================
================================= fold 2/2 fungal_squalene_epoxidase_inhibitor=================================
fungal_squalene_epoxidase_inhibitor logloss: 0.00936814013490865
=========================================================================================
================================= fold 1/2 gaba_receptor_agonist=================================
================================= fold 2/2 gaba_receptor_agonist=================================
gaba_receptor_agonist logloss: 0.03350999472715868
=========================================================================================
================================= fold 1/2 gaba_receptor_antagonist=================================
================================= fold 2/2 gaba_receptor_antagonist=================================
gaba_receptor_antagonist logloss: 0.04259907125128645
=========================================================================================
================================= fold 1/2 gamma_secretase_inhibitor=================================
================================= fold 2/2 gamma_secretase_inhibitor=================================
gamma_secretase_inhibitor logloss: 0.013968284337062889
=========================================================================================
================================= fold 1/2 glucocorticoid_receptor_agonist=================================
================================= fold 2/2 glucocorticoid_receptor_agonist=================================
glucocorticoid_receptor_agonist logloss: 0.014510751114679418
=========================================================================================
================================= fold 1/2 glutamate_inhibitor=================================
================================= fold 2/2 glutamate_inhibitor=================================
glutamate_inhibitor logloss: 0.004624038739520439
=========================================================================================
================================= fold 1/2 glutamate_receptor_agonist=================================
================================= fold 2/2 glutamate_receptor_agonist=================================
glutamate_receptor_agonist logloss: 0.02245561980722395
=========================================================================================
================================= fold 1/2 glutamate_receptor_antagonist=================================
================================= fold 2/2 glutamate_receptor_antagonist=================================
glutamate_receptor_antagonist logloss: 0.07863906946863576
=========================================================================================
================================= fold 1/2 gonadotropin_receptor_agonist=================================
================================= fold 2/2 gonadotropin_receptor_agonist=================================
gonadotropin_receptor_agonist logloss: 0.006133217127432438
=========================================================================================
================================= fold 1/2 gsk_inhibitor=================================
================================= fold 2/2 gsk_inhibitor=================================
gsk_inhibitor logloss: 0.013699307973354424
=========================================================================================
================================= fold 1/2 hcv_inhibitor=================================
================================= fold 2/2 hcv_inhibitor=================================
hcv_inhibitor logloss: 0.020572557798241145
=========================================================================================
================================= fold 1/2 hdac_inhibitor=================================
================================= fold 2/2 hdac_inhibitor=================================
hdac_inhibitor logloss: 0.015058971756890154
=========================================================================================
================================= fold 1/2 histamine_receptor_agonist=================================
================================= fold 2/2 histamine_receptor_agonist=================================
histamine_receptor_agonist logloss: 0.01737586913394994
=========================================================================================
================================= fold 1/2 histamine_receptor_antagonist=================================
================================= fold 2/2 histamine_receptor_antagonist=================================
histamine_receptor_antagonist logloss: 0.057740751828326144
=========================================================================================
================================= fold 1/2 histone_lysine_demethylase_inhibitor=================================
================================= fold 2/2 histone_lysine_demethylase_inhibitor=================================
histone_lysine_demethylase_inhibitor logloss: 0.01451709175629772
=========================================================================================
================================= fold 1/2 histone_lysine_methyltransferase_inhibitor=================================
================================= fold 2/2 histone_lysine_methyltransferase_inhibitor=================================
histone_lysine_methyltransferase_inhibitor logloss: 0.010062428810353232
=========================================================================================
================================= fold 1/2 hiv_inhibitor=================================
================================= fold 2/2 hiv_inhibitor=================================
hiv_inhibitor logloss: 0.02206726675389038
=========================================================================================
================================= fold 1/2 hmgcr_inhibitor=================================
================================= fold 2/2 hmgcr_inhibitor=================================
hmgcr_inhibitor logloss: 0.017284524648460902
=========================================================================================
================================= fold 1/2 hsp_inhibitor=================================
================================= fold 2/2 hsp_inhibitor=================================
hsp_inhibitor logloss: 0.008126091800629362
=========================================================================================
================================= fold 1/2 igf-1_inhibitor=================================
================================= fold 2/2 igf-1_inhibitor=================================
igf-1_inhibitor logloss: 0.011085488833227398
=========================================================================================
================================= fold 1/2 ikk_inhibitor=================================
================================= fold 2/2 ikk_inhibitor=================================
ikk_inhibitor logloss: 0.008483067903370377
=========================================================================================
================================= fold 1/2 imidazoline_receptor_agonist=================================
================================= fold 2/2 imidazoline_receptor_agonist=================================
imidazoline_receptor_agonist logloss: 0.011620805767438208
=========================================================================================
================================= fold 1/2 immunosuppressant=================================
================================= fold 2/2 immunosuppressant=================================
immunosuppressant logloss: 0.019892020129127486
=========================================================================================
================================= fold 1/2 insulin_secretagogue=================================
================================= fold 2/2 insulin_secretagogue=================================
insulin_secretagogue logloss: 0.009683066010807605
=========================================================================================
================================= fold 1/2 insulin_sensitizer=================================
================================= fold 2/2 insulin_sensitizer=================================
insulin_sensitizer logloss: 0.014560706462052962
=========================================================================================
================================= fold 1/2 integrin_inhibitor=================================
================================= fold 2/2 integrin_inhibitor=================================
integrin_inhibitor logloss: 0.012951166576967751
=========================================================================================
================================= fold 1/2 jak_inhibitor=================================
================================= fold 2/2 jak_inhibitor=================================
jak_inhibitor logloss: 0.01947915991372929
=========================================================================================
================================= fold 1/2 kit_inhibitor=================================
================================= fold 2/2 kit_inhibitor=================================
kit_inhibitor logloss: 0.023997957491429425
=========================================================================================
================================= fold 1/2 laxative=================================
================================= fold 2/2 laxative=================================
laxative logloss: 0.0022898899986191243
=========================================================================================
================================= fold 1/2 leukotriene_inhibitor=================================
================================= fold 2/2 leukotriene_inhibitor=================================
leukotriene_inhibitor logloss: 0.01916202455866134
=========================================================================================
================================= fold 1/2 leukotriene_receptor_antagonist=================================
================================= fold 2/2 leukotriene_receptor_antagonist=================================
leukotriene_receptor_antagonist logloss: 0.018022154205457164
=========================================================================================
================================= fold 1/2 lipase_inhibitor=================================
================================= fold 2/2 lipase_inhibitor=================================
lipase_inhibitor logloss: 0.004333092097120686
=========================================================================================
================================= fold 1/2 lipoxygenase_inhibitor=================================
================================= fold 2/2 lipoxygenase_inhibitor=================================
lipoxygenase_inhibitor logloss: 0.017794294287271487
=========================================================================================
================================= fold 1/2 lxr_agonist=================================
================================= fold 2/2 lxr_agonist=================================
lxr_agonist logloss: 0.0022197102239271877
=========================================================================================
================================= fold 1/2 mdm_inhibitor=================================
================================= fold 2/2 mdm_inhibitor=================================
mdm_inhibitor logloss: 0.007482845310826336
=========================================================================================
================================= fold 1/2 mek_inhibitor=================================
================================= fold 2/2 mek_inhibitor=================================
mek_inhibitor logloss: 0.023982430437190328
=========================================================================================
================================= fold 1/2 membrane_integrity_inhibitor=================================
================================= fold 2/2 membrane_integrity_inhibitor=================================
membrane_integrity_inhibitor logloss: 0.021022629120005108
=========================================================================================
================================= fold 1/2 mineralocorticoid_receptor_antagonist=================================
================================= fold 2/2 mineralocorticoid_receptor_antagonist=================================
mineralocorticoid_receptor_antagonist logloss: 0.008264131739780974
=========================================================================================
================================= fold 1/2 monoacylglycerol_lipase_inhibitor=================================
================================= fold 2/2 monoacylglycerol_lipase_inhibitor=================================
monoacylglycerol_lipase_inhibitor logloss: 0.004333317389036853
=========================================================================================
================================= fold 1/2 monoamine_oxidase_inhibitor=================================
================================= fold 2/2 monoamine_oxidase_inhibitor=================================
monoamine_oxidase_inhibitor logloss: 0.023759677339807182
=========================================================================================
================================= fold 1/2 monopolar_spindle_1_kinase_inhibitor=================================
================================= fold 2/2 monopolar_spindle_1_kinase_inhibitor=================================
monopolar_spindle_1_kinase_inhibitor logloss: 0.006179434800729468
=========================================================================================
================================= fold 1/2 mtor_inhibitor=================================
================================= fold 2/2 mtor_inhibitor=================================
mtor_inhibitor logloss: 0.02025336342727003
=========================================================================================
================================= fold 1/2 mucolytic_agent=================================
================================= fold 2/2 mucolytic_agent=================================
mucolytic_agent logloss: 0.014483219086244723
=========================================================================================
================================= fold 1/2 neuropeptide_receptor_antagonist=================================
================================= fold 2/2 neuropeptide_receptor_antagonist=================================
neuropeptide_receptor_antagonist logloss: 0.011595440354350003
=========================================================================================
================================= fold 1/2 nfkb_inhibitor=================================
================================= fold 2/2 nfkb_inhibitor=================================
nfkb_inhibitor logloss: 0.0323285307032466
=========================================================================================
================================= fold 1/2 nicotinic_receptor_agonist=================================
================================= fold 2/2 nicotinic_receptor_agonist=================================
nicotinic_receptor_agonist logloss: 0.004333654326519547
=========================================================================================
================================= fold 1/2 nitric_oxide_donor=================================
================================= fold 2/2 nitric_oxide_donor=================================
nitric_oxide_donor logloss: 0.008549573211138126
=========================================================================================
================================= fold 1/2 nitric_oxide_production_inhibitor=================================
================================= fold 2/2 nitric_oxide_production_inhibitor=================================
nitric_oxide_production_inhibitor logloss: 0.009361175421055199
=========================================================================================
================================= fold 1/2 nitric_oxide_synthase_inhibitor=================================
================================= fold 2/2 nitric_oxide_synthase_inhibitor=================================
nitric_oxide_synthase_inhibitor logloss: 0.008547053596029962
=========================================================================================
================================= fold 1/2 norepinephrine_reuptake_inhibitor=================================
================================= fold 2/2 norepinephrine_reuptake_inhibitor=================================
norepinephrine_reuptake_inhibitor logloss: 0.013113027636625958
=========================================================================================
================================= fold 1/2 nrf2_activator=================================
================================= fold 2/2 nrf2_activator=================================
nrf2_activator logloss: 0.005338885553046958
=========================================================================================
================================= fold 1/2 opioid_receptor_agonist=================================
================================= fold 2/2 opioid_receptor_agonist=================================
opioid_receptor_agonist logloss: 0.017809503696455294
=========================================================================================
================================= fold 1/2 opioid_receptor_antagonist=================================
================================= fold 2/2 opioid_receptor_antagonist=================================
opioid_receptor_antagonist logloss: 0.026197430266453794
=========================================================================================
================================= fold 1/2 orexin_receptor_antagonist=================================
================================= fold 2/2 orexin_receptor_antagonist=================================
orexin_receptor_antagonist logloss: 0.011572011348237812
=========================================================================================
================================= fold 1/2 p38_mapk_inhibitor=================================
================================= fold 2/2 p38_mapk_inhibitor=================================
p38_mapk_inhibitor logloss: 0.013561612659533425
=========================================================================================
================================= fold 1/2 p-glycoprotein_inhibitor=================================
================================= fold 2/2 p-glycoprotein_inhibitor=================================
p-glycoprotein_inhibitor logloss: 0.009685740017606323
=========================================================================================
================================= fold 1/2 parp_inhibitor=================================
================================= fold 2/2 parp_inhibitor=================================
parp_inhibitor logloss: 0.017767016178769145
=========================================================================================
================================= fold 1/2 pdgfr_inhibitor=================================
================================= fold 2/2 pdgfr_inhibitor=================================
pdgfr_inhibitor logloss: 0.026564677883405993
=========================================================================================
================================= fold 1/2 pdk_inhibitor=================================
================================= fold 2/2 pdk_inhibitor=================================
pdk_inhibitor logloss: 0.010909506402654683
=========================================================================================
================================= fold 1/2 phosphodiesterase_inhibitor=================================
================================= fold 2/2 phosphodiesterase_inhibitor=================================
phosphodiesterase_inhibitor logloss: 0.06021099921365256
=========================================================================================
================================= fold 1/2 phospholipase_inhibitor=================================
================================= fold 2/2 phospholipase_inhibitor=================================
phospholipase_inhibitor logloss: 0.008263780482593873
=========================================================================================
================================= fold 1/2 pi3k_inhibitor=================================
================================= fold 2/2 pi3k_inhibitor=================================
pi3k_inhibitor logloss: 0.031218527398102467
=========================================================================================
================================= fold 1/2 pkc_inhibitor=================================
================================= fold 2/2 pkc_inhibitor=================================
pkc_inhibitor logloss: 0.009739739237089479
=========================================================================================
================================= fold 1/2 potassium_channel_activator=================================
================================= fold 2/2 potassium_channel_activator=================================
potassium_channel_activator logloss: 0.019307405742267927
=========================================================================================
================================= fold 1/2 potassium_channel_antagonist=================================
================================= fold 2/2 potassium_channel_antagonist=================================
potassium_channel_antagonist logloss: 0.029397620980122118
=========================================================================================
================================= fold 1/2 ppar_receptor_agonist=================================
================================= fold 2/2 ppar_receptor_agonist=================================
ppar_receptor_agonist logloss: 0.027110786912566916
=========================================================================================
================================= fold 1/2 ppar_receptor_antagonist=================================
================================= fold 2/2 ppar_receptor_antagonist=================================
ppar_receptor_antagonist logloss: 0.009604286837330606
=========================================================================================
================================= fold 1/2 progesterone_receptor_agonist=================================
================================= fold 2/2 progesterone_receptor_agonist=================================
progesterone_receptor_agonist logloss: 0.03451662963304392
=========================================================================================
================================= fold 1/2 progesterone_receptor_antagonist=================================
================================= fold 2/2 progesterone_receptor_antagonist=================================
progesterone_receptor_antagonist logloss: 0.006194242838996398
=========================================================================================
================================= fold 1/2 prostaglandin_inhibitor=================================
================================= fold 2/2 prostaglandin_inhibitor=================================
prostaglandin_inhibitor logloss: 0.011312837070012625
=========================================================================================
================================= fold 1/2 prostanoid_receptor_antagonist=================================
================================= fold 2/2 prostanoid_receptor_antagonist=================================
prostanoid_receptor_antagonist logloss: 0.023437302088562467
=========================================================================================
================================= fold 1/2 proteasome_inhibitor=================================
================================= fold 2/2 proteasome_inhibitor=================================
proteasome_inhibitor logloss: 0.0010667997909376214
=========================================================================================
================================= fold 1/2 protein_kinase_inhibitor=================================
================================= fold 2/2 protein_kinase_inhibitor=================================
protein_kinase_inhibitor logloss: 0.01441783540500838
=========================================================================================
================================= fold 1/2 protein_phosphatase_inhibitor=================================
================================= fold 2/2 protein_phosphatase_inhibitor=================================
protein_phosphatase_inhibitor logloss: 0.007740497359178868
=========================================================================================
================================= fold 1/2 protein_synthesis_inhibitor=================================
================================= fold 2/2 protein_synthesis_inhibitor=================================
protein_synthesis_inhibitor logloss: 0.024830602917232446
=========================================================================================
================================= fold 1/2 protein_tyrosine_kinase_inhibitor=================================
================================= fold 2/2 protein_tyrosine_kinase_inhibitor=================================
protein_tyrosine_kinase_inhibitor logloss: 0.012922343389297524
=========================================================================================
================================= fold 1/2 radiopaque_medium=================================
================================= fold 2/2 radiopaque_medium=================================
radiopaque_medium logloss: 0.016533668667142697
=========================================================================================
================================= fold 1/2 raf_inhibitor=================================
================================= fold 2/2 raf_inhibitor=================================
raf_inhibitor logloss: 0.010303526094726253
=========================================================================================
================================= fold 1/2 ras_gtpase_inhibitor=================================
================================= fold 2/2 ras_gtpase_inhibitor=================================
ras_gtpase_inhibitor logloss: 0.014806170046227356
=========================================================================================
================================= fold 1/2 retinoid_receptor_agonist=================================
================================= fold 2/2 retinoid_receptor_agonist=================================
retinoid_receptor_agonist logloss: 0.014108729709519582
=========================================================================================
================================= fold 1/2 retinoid_receptor_antagonist=================================
================================= fold 2/2 retinoid_receptor_antagonist=================================
retinoid_receptor_antagonist logloss: 0.0023410866409864493
=========================================================================================
================================= fold 1/2 rho_associated_kinase_inhibitor=================================
================================= fold 2/2 rho_associated_kinase_inhibitor=================================
rho_associated_kinase_inhibitor logloss: 0.010712841498357818
=========================================================================================
================================= fold 1/2 ribonucleoside_reductase_inhibitor=================================
================================= fold 2/2 ribonucleoside_reductase_inhibitor=================================
ribonucleoside_reductase_inhibitor logloss: 0.009654741351040724
=========================================================================================
================================= fold 1/2 rna_polymerase_inhibitor=================================
================================= fold 2/2 rna_polymerase_inhibitor=================================
rna_polymerase_inhibitor logloss: 0.008232469452696905
=========================================================================================
================================= fold 1/2 serotonin_receptor_agonist=================================
================================= fold 2/2 serotonin_receptor_agonist=================================
serotonin_receptor_agonist logloss: 0.055539264096916376
=========================================================================================
================================= fold 1/2 serotonin_receptor_antagonist=================================
================================= fold 2/2 serotonin_receptor_antagonist=================================
serotonin_receptor_antagonist logloss: 0.08371137976871938
=========================================================================================
================================= fold 1/2 serotonin_reuptake_inhibitor=================================
================================= fold 2/2 serotonin_reuptake_inhibitor=================================
serotonin_reuptake_inhibitor logloss: 0.022494524322947018
=========================================================================================
================================= fold 1/2 sigma_receptor_agonist=================================
================================= fold 2/2 sigma_receptor_agonist=================================
sigma_receptor_agonist logloss: 0.011326719533542466
=========================================================================================
================================= fold 1/2 sigma_receptor_antagonist=================================
================================= fold 2/2 sigma_receptor_antagonist=================================
sigma_receptor_antagonist logloss: 0.011292325657224506
=========================================================================================
================================= fold 1/2 smoothened_receptor_antagonist=================================
================================= fold 2/2 smoothened_receptor_antagonist=================================
smoothened_receptor_antagonist logloss: 0.008185589622516344
=========================================================================================
================================= fold 1/2 sodium_channel_inhibitor=================================
================================= fold 2/2 sodium_channel_inhibitor=================================
sodium_channel_inhibitor logloss: 0.06245941092336127
=========================================================================================
================================= fold 1/2 sphingosine_receptor_agonist=================================
================================= fold 2/2 sphingosine_receptor_agonist=================================
sphingosine_receptor_agonist logloss: 0.010191294116246205
=========================================================================================
================================= fold 1/2 src_inhibitor=================================
================================= fold 2/2 src_inhibitor=================================
src_inhibitor logloss: 0.01799610820294439
=========================================================================================
================================= fold 1/2 steroid=================================
================================= fold 2/2 steroid=================================
steroid logloss: 0.025953257235201376
=========================================================================================
================================= fold 1/2 syk_inhibitor=================================
================================= fold 2/2 syk_inhibitor=================================
syk_inhibitor logloss: 0.006043189677288337
=========================================================================================
================================= fold 1/2 tachykinin_antagonist=================================
================================= fold 2/2 tachykinin_antagonist=================================
tachykinin_antagonist logloss: 0.017543647768342625
=========================================================================================
================================= fold 1/2 tgf-beta_receptor_inhibitor=================================
================================= fold 2/2 tgf-beta_receptor_inhibitor=================================
tgf-beta_receptor_inhibitor logloss: 0.0034849166020424786
=========================================================================================
================================= fold 1/2 thrombin_inhibitor=================================
================================= fold 2/2 thrombin_inhibitor=================================
thrombin_inhibitor logloss: 0.006498538563854541
=========================================================================================
================================= fold 1/2 thymidylate_synthase_inhibitor=================================
================================= fold 2/2 thymidylate_synthase_inhibitor=================================
thymidylate_synthase_inhibitor logloss: 0.011237299252122452
=========================================================================================
================================= fold 1/2 tlr_agonist=================================
================================= fold 2/2 tlr_agonist=================================
tlr_agonist logloss: 0.009680498224733639
=========================================================================================
================================= fold 1/2 tlr_antagonist=================================
================================= fold 2/2 tlr_antagonist=================================
tlr_antagonist logloss: 0.0026936757664202775
=========================================================================================
================================= fold 1/2 tnf_inhibitor=================================
================================= fold 2/2 tnf_inhibitor=================================
tnf_inhibitor logloss: 0.011279693107324558
=========================================================================================
================================= fold 1/2 topoisomerase_inhibitor=================================
================================= fold 2/2 topoisomerase_inhibitor=================================
topoisomerase_inhibitor logloss: 0.019787702288880493
=========================================================================================
================================= fold 1/2 transient_receptor_potential_channel_antagonist=================================
================================= fold 2/2 transient_receptor_potential_channel_antagonist=================================
transient_receptor_potential_channel_antagonist logloss: 0.006195908269521626
=========================================================================================
================================= fold 1/2 tropomyosin_receptor_kinase_inhibitor=================================
================================= fold 2/2 tropomyosin_receptor_kinase_inhibitor=================================
tropomyosin_receptor_kinase_inhibitor logloss: 0.05098310747123657
=========================================================================================
================================= fold 1/2 trpv_agonist=================================
================================= fold 2/2 trpv_agonist=================================
trpv_agonist logloss: 0.007391552647668102
=========================================================================================
================================= fold 1/2 trpv_antagonist=================================
================================= fold 2/2 trpv_antagonist=================================
trpv_antagonist logloss: 0.01443248415313893
=========================================================================================
================================= fold 1/2 tubulin_inhibitor=================================
================================= fold 2/2 tubulin_inhibitor=================================
tubulin_inhibitor logloss: 0.029580597925965155
=========================================================================================
================================= fold 1/2 tyrosine_kinase_inhibitor=================================
================================= fold 2/2 tyrosine_kinase_inhibitor=================================
tyrosine_kinase_inhibitor logloss: 0.02058700517464445
=========================================================================================
================================= fold 1/2 ubiquitin_specific_protease_inhibitor=================================
================================= fold 2/2 ubiquitin_specific_protease_inhibitor=================================
ubiquitin_specific_protease_inhibitor logloss: 0.004238561311790022
=========================================================================================
================================= fold 1/2 vegfr_inhibitor=================================
================================= fold 2/2 vegfr_inhibitor=================================
vegfr_inhibitor logloss: 0.031008201185204764
=========================================================================================
================================= fold 1/2 vitamin_b=================================
================================= fold 2/2 vitamin_b=================================
vitamin_b logloss: 0.008501320289735118
=========================================================================================
================================= fold 1/2 vitamin_d_receptor_agonist=================================
================================= fold 2/2 vitamin_d_receptor_agonist=================================
vitamin_d_receptor_agonist logloss: 0.008310162236236832
=========================================================================================
================================= fold 1/2 wnt_inhibitor=================================
================================= fold 2/2 wnt_inhibitor=================================
wnt_inhibitor logloss: 0.009658176104676848
=========================================================================================
