len(trt) : 17
len(train_index) : 941
len(valid_index) : 942
================================= 1fold lightgbm =================================
len(train_index) : 942
len(valid_index) : 941
================================= 2fold lightgbm =================================
5-alpha_reductase_inhibitor logloss: 0.023716958762848114
=========================================================================================
len(trt) : 18
len(train_index) : 942
len(valid_index) : 942
================================= 1fold lightgbm =================================
len(train_index) : 942
len(valid_index) : 942
================================= 2fold lightgbm =================================
11-beta-hsd1_inhibitor logloss: 0.030742966810432818
=========================================================================================
len(trt) : 24
len(train_index) : 945
len(valid_index) : 945
================================= 1fold lightgbm =================================
len(train_index) : 945
len(valid_index) : 945
================================= 2fold lightgbm =================================
acat_inhibitor logloss: 0.05520889453941809
=========================================================================================
len(trt) : 190
len(train_index) : 1028
len(valid_index) : 1028
================================= 1fold lightgbm =================================
len(train_index) : 1028
len(valid_index) : 1028
================================= 2fold lightgbm =================================
acetylcholine_receptor_agonist logloss: 0.0699104544509147
=========================================================================================
len(trt) : 301
len(train_index) : 1083
len(valid_index) : 1084
================================= 1fold lightgbm =================================
len(train_index) : 1084
len(valid_index) : 1083
================================= 2fold lightgbm =================================
acetylcholine_receptor_antagonist logloss: 0.024790906392415036
=========================================================================================
len(trt) : 73
len(train_index) : 969
len(valid_index) : 970
================================= 1fold lightgbm =================================
len(train_index) : 970
len(valid_index) : 969
================================= 2fold lightgbm =================================
acetylcholinesterase_inhibitor logloss: 0.05834280092041864
=========================================================================================
len(trt) : 54
len(train_index) : 960
len(valid_index) : 960
================================= 1fold lightgbm =================================
len(train_index) : 960
len(valid_index) : 960
================================= 2fold lightgbm =================================
adenosine_receptor_agonist logloss: 0.0747531541127683
=========================================================================================
len(trt) : 96
len(train_index) : 981
len(valid_index) : 981
================================= 1fold lightgbm =================================
len(train_index) : 981
len(valid_index) : 981
================================= 2fold lightgbm =================================
adenosine_receptor_antagonist logloss: 0.052478438512039975
=========================================================================================
len(trt) : 12
len(train_index) : 939
len(valid_index) : 939
================================= 1fold lightgbm =================================
len(train_index) : 939
len(valid_index) : 939
================================= 2fold lightgbm =================================
adenylyl_cyclase_activator logloss: 0.019449902730760107
=========================================================================================
len(trt) : 270
len(train_index) : 1068
len(valid_index) : 1068
================================= 1fold lightgbm =================================
len(train_index) : 1068
len(valid_index) : 1068
================================= 2fold lightgbm =================================
adrenergic_receptor_agonist logloss: 0.03269769340804146
=========================================================================================
len(trt) : 360
len(train_index) : 1113
len(valid_index) : 1113
================================= 1fold lightgbm =================================
len(train_index) : 1113
len(valid_index) : 1113
================================= 2fold lightgbm =================================
adrenergic_receptor_antagonist logloss: 0.038821055198589145
=========================================================================================
len(trt) : 66
len(train_index) : 966
len(valid_index) : 966
================================= 1fold lightgbm =================================
len(train_index) : 966
len(valid_index) : 966
================================= 2fold lightgbm =================================
akt_inhibitor logloss: 0.04076306820585183
=========================================================================================
len(trt) : 7
len(train_index) : 936
len(valid_index) : 937
================================= 1fold lightgbm =================================
len(train_index) : 937
len(valid_index) : 936
================================= 2fold lightgbm =================================
aldehyde_dehydrogenase_inhibitor logloss: 0.0017060289712231631
=========================================================================================
len(trt) : 42
len(train_index) : 954
len(valid_index) : 954
================================= 1fold lightgbm =================================
len(train_index) : 954
len(valid_index) : 954
================================= 2fold lightgbm =================================
alk_inhibitor logloss: 0.04003484080392474
=========================================================================================
len(trt) : 12
len(train_index) : 939
len(valid_index) : 939
================================= 1fold lightgbm =================================
len(train_index) : 939
len(valid_index) : 939
================================= 2fold lightgbm =================================
ampk_activator logloss: 0.03082716890763393
=========================================================================================
len(trt) : 12
len(train_index) : 939
len(valid_index) : 939
================================= 1fold lightgbm =================================
len(train_index) : 939
len(valid_index) : 939
================================= 2fold lightgbm =================================
analgesic logloss: 0.02889926848004001
=========================================================================================
len(trt) : 48
len(train_index) : 957
len(valid_index) : 957
================================= 1fold lightgbm =================================
len(train_index) : 957
len(valid_index) : 957
================================= 2fold lightgbm =================================
androgen_receptor_agonist logloss: 0.04805022086131807
=========================================================================================
len(trt) : 89
len(train_index) : 977
len(valid_index) : 978
================================= 1fold lightgbm =================================
len(train_index) : 978
len(valid_index) : 977
================================= 2fold lightgbm =================================
androgen_receptor_antagonist logloss: 0.056720683240738146
=========================================================================================
len(trt) : 80
len(train_index) : 973
len(valid_index) : 973
================================= 1fold lightgbm =================================
len(train_index) : 973
len(valid_index) : 973
================================= 2fold lightgbm =================================
anesthetic_-_local logloss: 0.0632367714638596
=========================================================================================
len(trt) : 36
len(train_index) : 951
len(valid_index) : 951
================================= 1fold lightgbm =================================
len(train_index) : 951
len(valid_index) : 951
================================= 2fold lightgbm =================================
angiogenesis_inhibitor logloss: 0.0597080460172088
=========================================================================================
len(trt) : 37
len(train_index) : 951
len(valid_index) : 952
================================= 1fold lightgbm =================================
len(train_index) : 952
len(valid_index) : 951
================================= 2fold lightgbm =================================
angiotensin_receptor_antagonist logloss: 0.04723562357225363
=========================================================================================
len(trt) : 73
len(train_index) : 969
len(valid_index) : 970
================================= 1fold lightgbm =================================
len(train_index) : 970
len(valid_index) : 969
================================= 2fold lightgbm =================================
anti-inflammatory logloss: 0.06574362338774518
=========================================================================================
len(trt) : 6
len(train_index) : 936
len(valid_index) : 936
================================= 1fold lightgbm =================================
len(train_index) : 936
len(valid_index) : 936
================================= 2fold lightgbm =================================
antiarrhythmic logloss: 0.013766500371606046
=========================================================================================
len(trt) : 43
len(train_index) : 954
len(valid_index) : 955
================================= 1fold lightgbm =================================
len(train_index) : 955
len(valid_index) : 954
================================= 2fold lightgbm =================================
antibiotic logloss: 0.058451187969049606
=========================================================================================
len(trt) : 12
len(train_index) : 939
len(valid_index) : 939
================================= 1fold lightgbm =================================
len(train_index) : 939
len(valid_index) : 939
================================= 2fold lightgbm =================================
anticonvulsant logloss: 0.028408681659932003
=========================================================================================
len(trt) : 13
len(train_index) : 939
len(valid_index) : 940
================================= 1fold lightgbm =================================
len(train_index) : 940
len(valid_index) : 939
================================= 2fold lightgbm =================================
antifungal logloss: 0.018129815229616895
=========================================================================================
len(trt) : 12
len(train_index) : 939
len(valid_index) : 939
================================= 1fold lightgbm =================================
len(train_index) : 939
len(valid_index) : 939
================================= 2fold lightgbm =================================
antihistamine logloss: 0.033386868281085204
=========================================================================================
len(trt) : 18
len(train_index) : 942
len(valid_index) : 942
================================= 1fold lightgbm =================================
len(train_index) : 942
len(valid_index) : 942
================================= 2fold lightgbm =================================
antimalarial logloss: 0.03614482207057782
=========================================================================================
len(trt) : 73
len(train_index) : 969
len(valid_index) : 970
================================= 1fold lightgbm =================================
len(train_index) : 970
len(valid_index) : 969
================================= 2fold lightgbm =================================
antioxidant logloss: 0.06746533194650842
=========================================================================================
len(trt) : 36
len(train_index) : 951
len(valid_index) : 951
================================= 1fold lightgbm =================================
len(train_index) : 951
len(valid_index) : 951
================================= 2fold lightgbm =================================
antiprotozoal logloss: 0.046962480732492734
=========================================================================================
len(trt) : 23
len(train_index) : 944
len(valid_index) : 945
================================= 1fold lightgbm =================================
len(train_index) : 945
len(valid_index) : 944
================================= 2fold lightgbm =================================
antiviral logloss: 0.045063597229320025
=========================================================================================
len(trt) : 49
len(train_index) : 957
len(valid_index) : 958
================================= 1fold lightgbm =================================
len(train_index) : 958
len(valid_index) : 957
================================= 2fold lightgbm =================================
apoptosis_stimulant logloss: 0.06055373253139235
=========================================================================================
len(trt) : 47
len(train_index) : 956
len(valid_index) : 957
================================= 1fold lightgbm =================================
len(train_index) : 957
len(valid_index) : 956
================================= 2fold lightgbm =================================
aromatase_inhibitor logloss: 0.06705678476553766
=========================================================================================
len(trt) : 6
len(train_index) : 936
len(valid_index) : 936
================================= 1fold lightgbm =================================
len(train_index) : 936
len(valid_index) : 936
================================= 2fold lightgbm =================================
atm_kinase_inhibitor logloss: 0.010652025757470306
=========================================================================================
len(trt) : 1
len(train_index) : 933
len(valid_index) : 934
================================= 1fold lightgbm =================================
len(train_index) : 934
len(valid_index) : 933
================================= 2fold lightgbm =================================
atp-sensitive_potassium_channel_antagonist logloss: 0.018500325048734518
=========================================================================================
len(trt) : 12
len(train_index) : 939
len(valid_index) : 939
================================= 1fold lightgbm =================================
len(train_index) : 939
len(valid_index) : 939
================================= 2fold lightgbm =================================
atp_synthase_inhibitor logloss: 9.286082709934492e-05
=========================================================================================
len(trt) : 97
len(train_index) : 981
len(valid_index) : 982
================================= 1fold lightgbm =================================
len(train_index) : 982
len(valid_index) : 981
================================= 2fold lightgbm =================================
atpase_inhibitor logloss: 0.050400728562099685
=========================================================================================
len(trt) : 19
len(train_index) : 942
len(valid_index) : 943
================================= 1fold lightgbm =================================
len(train_index) : 943
len(valid_index) : 942
================================= 2fold lightgbm =================================
atr_kinase_inhibitor logloss: 0.013168105298547629
=========================================================================================
len(trt) : 96
len(train_index) : 981
len(valid_index) : 981
================================= 1fold lightgbm =================================
len(train_index) : 981
len(valid_index) : 981
================================= 2fold lightgbm =================================
aurora_kinase_inhibitor logloss: 0.028043445431720028
=========================================================================================
len(trt) : 6
len(train_index) : 936
len(valid_index) : 936
================================= 1fold lightgbm =================================
len(train_index) : 936
len(valid_index) : 936
================================= 2fold lightgbm =================================
autotaxin_inhibitor logloss: 0.01823082241819052
=========================================================================================
len(trt) : 60
len(train_index) : 963
len(valid_index) : 963
================================= 1fold lightgbm =================================
len(train_index) : 963
len(valid_index) : 963
================================= 2fold lightgbm =================================
bacterial_30s_ribosomal_subunit_inhibitor logloss: 0.06740061951382485
=========================================================================================
len(trt) : 80
len(train_index) : 973
len(valid_index) : 973
================================= 1fold lightgbm =================================
len(train_index) : 973
len(valid_index) : 973
================================= 2fold lightgbm =================================
bacterial_50s_ribosomal_subunit_inhibitor logloss: 0.08305098879744488
=========================================================================================
len(trt) : 36
len(train_index) : 951
len(valid_index) : 951
================================= 1fold lightgbm =================================
len(train_index) : 951
len(valid_index) : 951
================================= 2fold lightgbm =================================
bacterial_antifolate logloss: 0.04795407842173221
=========================================================================================
len(trt) : 192
len(train_index) : 1029
len(valid_index) : 1029
================================= 1fold lightgbm =================================
len(train_index) : 1029
len(valid_index) : 1029
================================= 2fold lightgbm =================================
bacterial_cell_wall_synthesis_inhibitor logloss: 0.043469661145383934
=========================================================================================
len(trt) : 89
len(train_index) : 977
len(valid_index) : 978
================================= 1fold lightgbm =================================
len(train_index) : 978
len(valid_index) : 977
================================= 2fold lightgbm =================================
bacterial_dna_gyrase_inhibitor logloss: 0.06068582670480377
=========================================================================================
len(trt) : 115
len(train_index) : 990
len(valid_index) : 991
================================= 1fold lightgbm =================================
len(train_index) : 991
len(valid_index) : 990
================================= 2fold lightgbm =================================
bacterial_dna_inhibitor logloss: 0.060200867034124195
=========================================================================================
len(trt) : 7
len(train_index) : 936
len(valid_index) : 937
================================= 1fold lightgbm =================================
len(train_index) : 937
len(valid_index) : 936
================================= 2fold lightgbm =================================
bacterial_membrane_integrity_inhibitor logloss: 0.006244688470954974
=========================================================================================
len(trt) : 31
len(train_index) : 948
len(valid_index) : 949
================================= 1fold lightgbm =================================
len(train_index) : 949
len(valid_index) : 948
================================= 2fold lightgbm =================================
bcl_inhibitor logloss: 0.02829707167315624
=========================================================================================
len(trt) : 38
len(train_index) : 952
len(valid_index) : 952
================================= 1fold lightgbm =================================
len(train_index) : 952
len(valid_index) : 952
================================= 2fold lightgbm =================================
bcr-abl_inhibitor logloss: 0.0353554965987637
=========================================================================================
len(trt) : 67
len(train_index) : 966
len(valid_index) : 967
================================= 1fold lightgbm =================================
len(train_index) : 967
len(valid_index) : 966
================================= 2fold lightgbm =================================
benzodiazepine_receptor_agonist logloss: 0.0603297827429197
=========================================================================================
len(trt) : 24
len(train_index) : 945
len(valid_index) : 945
================================= 1fold lightgbm =================================
len(train_index) : 945
len(valid_index) : 945
================================= 2fold lightgbm =================================
beta_amyloid_inhibitor logloss: 0.05061640797213764
=========================================================================================
len(trt) : 68
len(train_index) : 967
len(valid_index) : 967
================================= 1fold lightgbm =================================
len(train_index) : 967
len(valid_index) : 967
================================= 2fold lightgbm =================================
bromodomain_inhibitor logloss: 0.03998992208291404
=========================================================================================
len(trt) : 29
len(train_index) : 947
len(valid_index) : 948
================================= 1fold lightgbm =================================
len(train_index) : 948
len(valid_index) : 947
================================= 2fold lightgbm =================================
btk_inhibitor logloss: 0.04318400272541474
=========================================================================================
len(trt) : 6
len(train_index) : 936
len(valid_index) : 936
================================= 1fold lightgbm =================================
len(train_index) : 936
len(valid_index) : 936
================================= 2fold lightgbm =================================
calcineurin_inhibitor logloss: 0.02091817295215606
=========================================================================================
len(trt) : 281
len(train_index) : 1073
len(valid_index) : 1074
================================= 1fold lightgbm =================================
len(train_index) : 1074
len(valid_index) : 1073
================================= 2fold lightgbm =================================
calcium_channel_blocker logloss: 0.0560894182122458
=========================================================================================
len(trt) : 42
len(train_index) : 954
len(valid_index) : 954
================================= 1fold lightgbm =================================
len(train_index) : 954
len(valid_index) : 954
================================= 2fold lightgbm =================================
cannabinoid_receptor_agonist logloss: 0.045607056496088275
=========================================================================================
len(trt) : 55
len(train_index) : 960
len(valid_index) : 961
================================= 1fold lightgbm =================================
len(train_index) : 961
len(valid_index) : 960
================================= 2fold lightgbm =================================
cannabinoid_receptor_antagonist logloss: 0.06486619313222784
=========================================================================================
len(trt) : 36
len(train_index) : 951
len(valid_index) : 951
================================= 1fold lightgbm =================================
len(train_index) : 951
len(valid_index) : 951
================================= 2fold lightgbm =================================
carbonic_anhydrase_inhibitor logloss: 0.05286393720629807
=========================================================================================
len(trt) : 36
len(train_index) : 951
len(valid_index) : 951
================================= 1fold lightgbm =================================
len(train_index) : 951
len(valid_index) : 951
================================= 2fold lightgbm =================================
casein_kinase_inhibitor logloss: 0.06104939043285035
=========================================================================================
len(trt) : 18
len(train_index) : 942
len(valid_index) : 942
================================= 1fold lightgbm =================================
len(train_index) : 942
len(valid_index) : 942
================================= 2fold lightgbm =================================
caspase_activator logloss: 0.04104337324120872
=========================================================================================
len(trt) : 12
len(train_index) : 939
len(valid_index) : 939
================================= 1fold lightgbm =================================
len(train_index) : 939
len(valid_index) : 939
================================= 2fold lightgbm =================================
catechol_o_methyltransferase_inhibitor logloss: 0.026398231750133044
=========================================================================================
len(trt) : 102
len(train_index) : 984
len(valid_index) : 984
================================= 1fold lightgbm =================================
len(train_index) : 984
len(valid_index) : 984
================================= 2fold lightgbm =================================
cc_chemokine_receptor_antagonist logloss: 0.07553326295980906
=========================================================================================
len(trt) : 18
len(train_index) : 942
len(valid_index) : 942
================================= 1fold lightgbm =================================
len(train_index) : 942
len(valid_index) : 942
================================= 2fold lightgbm =================================
cck_receptor_antagonist logloss: 0.029261174314130292
=========================================================================================
len(trt) : 340
len(train_index) : 1103
len(valid_index) : 1103
================================= 1fold lightgbm =================================
len(train_index) : 1103
len(valid_index) : 1103
================================= 2fold lightgbm =================================
cdk_inhibitor logloss: 0.022597664332111196
=========================================================================================
len(trt) : 54
len(train_index) : 960
len(valid_index) : 960
================================= 1fold lightgbm =================================
len(train_index) : 960
len(valid_index) : 960
================================= 2fold lightgbm =================================
chelating_agent logloss: 0.07637108111118264
=========================================================================================
len(trt) : 24
len(train_index) : 945
len(valid_index) : 945
================================= 1fold lightgbm =================================
len(train_index) : 945
len(valid_index) : 945
================================= 2fold lightgbm =================================
chk_inhibitor logloss: 0.011349716430100656
=========================================================================================
len(trt) : 42
len(train_index) : 954
len(valid_index) : 954
================================= 1fold lightgbm =================================
len(train_index) : 954
len(valid_index) : 954
================================= 2fold lightgbm =================================
chloride_channel_blocker logloss: 0.07322076855446683
=========================================================================================
len(trt) : 48
len(train_index) : 957
len(valid_index) : 957
================================= 1fold lightgbm =================================
len(train_index) : 957
len(valid_index) : 957
================================= 2fold lightgbm =================================
cholesterol_inhibitor logloss: 0.07165225041759772
=========================================================================================
len(trt) : 54
len(train_index) : 960
len(valid_index) : 960
================================= 1fold lightgbm =================================
len(train_index) : 960
len(valid_index) : 960
================================= 2fold lightgbm =================================
cholinergic_receptor_antagonist logloss: 0.08596076830076399
=========================================================================================
len(trt) : 6
len(train_index) : 936
len(valid_index) : 936
================================= 1fold lightgbm =================================
len(train_index) : 936
len(valid_index) : 936
================================= 2fold lightgbm =================================
coagulation_factor_inhibitor logloss: 0.015318063880978406
=========================================================================================
len(trt) : 36
len(train_index) : 951
len(valid_index) : 951
================================= 1fold lightgbm =================================
len(train_index) : 951
len(valid_index) : 951
================================= 2fold lightgbm =================================
corticosteroid_agonist logloss: 0.03147500644866898
=========================================================================================
len(trt) : 435
len(train_index) : 1150
len(valid_index) : 1151
================================= 1fold lightgbm =================================
len(train_index) : 1151
len(valid_index) : 1150
================================= 2fold lightgbm =================================
cyclooxygenase_inhibitor logloss: 0.036625017979238166
=========================================================================================
len(trt) : 104
len(train_index) : 985
len(valid_index) : 985
================================= 1fold lightgbm =================================
len(train_index) : 985
len(valid_index) : 985
================================= 2fold lightgbm =================================
cytochrome_p450_inhibitor logloss: 0.04342042527003725
=========================================================================================
len(trt) : 36
len(train_index) : 951
len(valid_index) : 951
================================= 1fold lightgbm =================================
len(train_index) : 951
len(valid_index) : 951
================================= 2fold lightgbm =================================
dihydrofolate_reductase_inhibitor logloss: 0.03543884343854806
=========================================================================================
len(trt) : 25
len(train_index) : 945
len(valid_index) : 946
================================= 1fold lightgbm =================================
len(train_index) : 946
len(valid_index) : 945
================================= 2fold lightgbm =================================
dipeptidyl_peptidase_inhibitor logloss: 0.035912366086067966
=========================================================================================
len(trt) : 6
len(train_index) : 936
len(valid_index) : 936
================================= 1fold lightgbm =================================
len(train_index) : 936
len(valid_index) : 936
================================= 2fold lightgbm =================================
diuretic logloss: 0.010790746066341518
=========================================================================================
len(trt) : 48
len(train_index) : 957
len(valid_index) : 957
================================= 1fold lightgbm =================================
len(train_index) : 957
len(valid_index) : 957
================================= 2fold lightgbm =================================
dna_alkylating_agent logloss: 0.06410571720995643
=========================================================================================
len(trt) : 402
len(train_index) : 1134
len(valid_index) : 1134
================================= 1fold lightgbm =================================
len(train_index) : 1134
len(valid_index) : 1134
================================= 2fold lightgbm =================================
dna_inhibitor logloss: 0.028969024725358596
=========================================================================================
len(trt) : 121
len(train_index) : 993
len(valid_index) : 994
================================= 1fold lightgbm =================================
len(train_index) : 994
len(valid_index) : 993
================================= 2fold lightgbm =================================
dopamine_receptor_agonist logloss: 0.06688105832196892
=========================================================================================
len(trt) : 424
len(train_index) : 1145
len(valid_index) : 1145
================================= 1fold lightgbm =================================
len(train_index) : 1145
len(valid_index) : 1145
================================= 2fold lightgbm =================================
dopamine_receptor_antagonist logloss: 0.026802630179098147
=========================================================================================
len(trt) : 336
len(train_index) : 1101
len(valid_index) : 1101
================================= 1fold lightgbm =================================
len(train_index) : 1101
len(valid_index) : 1101
================================= 2fold lightgbm =================================
egfr_inhibitor logloss: 0.014113415862593185
=========================================================================================
len(trt) : 6
len(train_index) : 936
len(valid_index) : 936
================================= 1fold lightgbm =================================
len(train_index) : 936
len(valid_index) : 936
================================= 2fold lightgbm =================================
elastase_inhibitor logloss: 0.01471284091327119
=========================================================================================
len(trt) : 1
len(train_index) : 933
len(valid_index) : 934
================================= 1fold lightgbm =================================
len(train_index) : 934
len(valid_index) : 933
================================= 2fold lightgbm =================================
erbb2_inhibitor logloss: 0.018500356793871908
=========================================================================================
len(trt) : 158
len(train_index) : 1012
len(valid_index) : 1012
================================= 1fold lightgbm =================================
len(train_index) : 1012
len(valid_index) : 1012
================================= 2fold lightgbm =================================
estrogen_receptor_agonist logloss: 0.06584599820400681
=========================================================================================
len(trt) : 48
len(train_index) : 957
len(valid_index) : 957
================================= 1fold lightgbm =================================
len(train_index) : 957
len(valid_index) : 957
================================= 2fold lightgbm =================================
estrogen_receptor_antagonist logloss: 0.05721403264722716
=========================================================================================
len(trt) : 36
len(train_index) : 951
len(valid_index) : 951
================================= 1fold lightgbm =================================
len(train_index) : 951
len(valid_index) : 951
================================= 2fold lightgbm =================================
faah_inhibitor logloss: 0.06432179470439825
=========================================================================================
len(trt) : 18
len(train_index) : 942
len(valid_index) : 942
================================= 1fold lightgbm =================================
len(train_index) : 942
len(valid_index) : 942
================================= 2fold lightgbm =================================
farnesyltransferase_inhibitor logloss: 0.013475936332843242
=========================================================================================
len(trt) : 25
len(train_index) : 945
len(valid_index) : 946
================================= 1fold lightgbm =================================
len(train_index) : 946
len(valid_index) : 945
================================= 2fold lightgbm =================================
fatty_acid_receptor_agonist logloss: 0.04730053690037181
=========================================================================================
len(trt) : 50
len(train_index) : 958
len(valid_index) : 958
================================= 1fold lightgbm =================================
len(train_index) : 958
len(valid_index) : 958
================================= 2fold lightgbm =================================
fgfr_inhibitor logloss: 0.02339656079242814
=========================================================================================
len(trt) : 279
len(train_index) : 1072
len(valid_index) : 1073
================================= 1fold lightgbm =================================
len(train_index) : 1073
len(valid_index) : 1072
================================= 2fold lightgbm =================================
flt3_inhibitor logloss: 0.0366312363452866
=========================================================================================
len(trt) : 18
len(train_index) : 942
len(valid_index) : 942
================================= 1fold lightgbm =================================
len(train_index) : 942
len(valid_index) : 942
================================= 2fold lightgbm =================================
focal_adhesion_kinase_inhibitor logloss: 0.00975705958013004
=========================================================================================
len(trt) : 18
len(train_index) : 942
len(valid_index) : 942
================================= 1fold lightgbm =================================
len(train_index) : 942
len(valid_index) : 942
================================= 2fold lightgbm =================================
free_radical_scavenger logloss: 0.034441332703760597
=========================================================================================
len(trt) : 23
len(train_index) : 944
len(valid_index) : 945
================================= 1fold lightgbm =================================
len(train_index) : 945
len(valid_index) : 944
================================= 2fold lightgbm =================================
fungal_squalene_epoxidase_inhibitor logloss: 0.038660489510121916
=========================================================================================
len(trt) : 106
len(train_index) : 986
len(valid_index) : 986
================================= 1fold lightgbm =================================
len(train_index) : 986
len(valid_index) : 986
================================= 2fold lightgbm =================================
gaba_receptor_agonist logloss: 0.05559191381047578
=========================================================================================
len(trt) : 165
len(train_index) : 1015
len(valid_index) : 1016
================================= 1fold lightgbm =================================
len(train_index) : 1016
len(valid_index) : 1015
================================= 2fold lightgbm =================================
gaba_receptor_antagonist logloss: 0.03638490335178946
=========================================================================================
len(trt) : 56
len(train_index) : 961
len(valid_index) : 961
================================= 1fold lightgbm =================================
len(train_index) : 961
len(valid_index) : 961
================================= 2fold lightgbm =================================
gamma_secretase_inhibitor logloss: 0.02657119274055985
=========================================================================================
len(trt) : 266
len(train_index) : 1066
len(valid_index) : 1066
================================= 1fold lightgbm =================================
len(train_index) : 1066
len(valid_index) : 1066
================================= 2fold lightgbm =================================
glucocorticoid_receptor_agonist logloss: 0.03387149875463747
=========================================================================================
len(trt) : 13
len(train_index) : 939
len(valid_index) : 940
================================= 1fold lightgbm =================================
len(train_index) : 940
len(valid_index) : 939
================================= 2fold lightgbm =================================
glutamate_inhibitor logloss: 0.03333650778006038
=========================================================================================
len(trt) : 74
len(train_index) : 970
len(valid_index) : 970
================================= 1fold lightgbm =================================
len(train_index) : 970
len(valid_index) : 970
================================= 2fold lightgbm =================================
glutamate_receptor_agonist logloss: 0.061539778120792366
=========================================================================================
len(trt) : 367
len(train_index) : 1116
len(valid_index) : 1117
================================= 1fold lightgbm =================================
len(train_index) : 1117
len(valid_index) : 1116
================================= 2fold lightgbm =================================
glutamate_receptor_antagonist logloss: 0.026304128176183862
=========================================================================================
len(trt) : 18
len(train_index) : 942
len(valid_index) : 942
================================= 1fold lightgbm =================================
len(train_index) : 942
len(valid_index) : 942
================================= 2fold lightgbm =================================
gonadotropin_receptor_agonist logloss: 0.040008960983994306
=========================================================================================
len(trt) : 60
len(train_index) : 963
len(valid_index) : 963
================================= 1fold lightgbm =================================
len(train_index) : 963
len(valid_index) : 963
================================= 2fold lightgbm =================================
gsk_inhibitor logloss: 0.040552178409948715
=========================================================================================
len(trt) : 72
len(train_index) : 969
len(valid_index) : 969
================================= 1fold lightgbm =================================
len(train_index) : 969
len(valid_index) : 969
================================= 2fold lightgbm =================================
hcv_inhibitor logloss: 0.07323988796860952
=========================================================================================
len(trt) : 106
len(train_index) : 986
len(valid_index) : 986
================================= 1fold lightgbm =================================
len(train_index) : 986
len(valid_index) : 986
================================= 2fold lightgbm =================================
hdac_inhibitor logloss: 0.0422060427502393
=========================================================================================
len(trt) : 59
len(train_index) : 962
len(valid_index) : 963
================================= 1fold lightgbm =================================
len(train_index) : 963
len(valid_index) : 962
================================= 2fold lightgbm =================================
histamine_receptor_agonist logloss: 0.06319900318079567
=========================================================================================
len(trt) : 241
len(train_index) : 1053
len(valid_index) : 1054
================================= 1fold lightgbm =================================
len(train_index) : 1054
len(valid_index) : 1053
================================= 2fold lightgbm =================================
histamine_receptor_antagonist logloss: 0.05275321977398667
=========================================================================================
len(trt) : 24
len(train_index) : 945
len(valid_index) : 945
================================= 1fold lightgbm =================================
len(train_index) : 945
len(valid_index) : 945
================================= 2fold lightgbm =================================
histone_lysine_demethylase_inhibitor logloss: 0.03159050609954775
=========================================================================================
len(trt) : 32
len(train_index) : 949
len(valid_index) : 949
================================= 1fold lightgbm =================================
len(train_index) : 949
len(valid_index) : 949
================================= 2fold lightgbm =================================
histone_lysine_methyltransferase_inhibitor logloss: 0.050533329300396876
=========================================================================================
len(trt) : 72
len(train_index) : 969
len(valid_index) : 969
================================= 1fold lightgbm =================================
len(train_index) : 969
len(valid_index) : 969
================================= 2fold lightgbm =================================
hiv_inhibitor logloss: 0.04460963147488605
=========================================================================================
len(trt) : 283
len(train_index) : 1074
len(valid_index) : 1075
================================= 1fold lightgbm =================================
len(train_index) : 1075
len(valid_index) : 1074
================================= 2fold lightgbm =================================
hmgcr_inhibitor logloss: 0.023098104217929752
=========================================================================================
len(trt) : 93
len(train_index) : 979
len(valid_index) : 980
================================= 1fold lightgbm =================================
len(train_index) : 980
len(valid_index) : 979
================================= 2fold lightgbm =================================
hsp_inhibitor logloss: 0.023757526628540353
=========================================================================================
len(trt) : 37
len(train_index) : 951
len(valid_index) : 952
================================= 1fold lightgbm =================================
len(train_index) : 952
len(valid_index) : 951
================================= 2fold lightgbm =================================
igf-1_inhibitor logloss: 0.029916200144809287
=========================================================================================
len(trt) : 30
len(train_index) : 948
len(valid_index) : 948
================================= 1fold lightgbm =================================
len(train_index) : 948
len(valid_index) : 948
================================= 2fold lightgbm =================================
ikk_inhibitor logloss: 0.02747127905366118
=========================================================================================
len(trt) : 31
len(train_index) : 948
len(valid_index) : 949
================================= 1fold lightgbm =================================
len(train_index) : 949
len(valid_index) : 948
================================= 2fold lightgbm =================================
imidazoline_receptor_agonist logloss: 0.06092985519658321
=========================================================================================
len(trt) : 73
len(train_index) : 969
len(valid_index) : 970
================================= 1fold lightgbm =================================
len(train_index) : 970
len(valid_index) : 969
================================= 2fold lightgbm =================================
immunosuppressant logloss: 0.05788735070544168
=========================================================================================
len(trt) : 30
len(train_index) : 948
len(valid_index) : 948
================================= 1fold lightgbm =================================
len(train_index) : 948
len(valid_index) : 948
================================= 2fold lightgbm =================================
insulin_secretagogue logloss: 0.052264131234006354
=========================================================================================
len(trt) : 51
len(train_index) : 958
len(valid_index) : 959
================================= 1fold lightgbm =================================
len(train_index) : 959
len(valid_index) : 958
================================= 2fold lightgbm =================================
insulin_sensitizer logloss: 0.06227398301402082
=========================================================================================
len(trt) : 42
len(train_index) : 954
len(valid_index) : 954
================================= 1fold lightgbm =================================
len(train_index) : 954
len(valid_index) : 954
================================= 2fold lightgbm =================================
integrin_inhibitor logloss: 0.05623462270503485
=========================================================================================
len(trt) : 92
len(train_index) : 979
len(valid_index) : 979
================================= 1fold lightgbm =================================
len(train_index) : 979
len(valid_index) : 979
================================= 2fold lightgbm =================================
jak_inhibitor logloss: 0.018476491383999684
=========================================================================================
len(trt) : 273
len(train_index) : 1069
len(valid_index) : 1070
================================= 1fold lightgbm =================================
len(train_index) : 1070
len(valid_index) : 1069
================================= 2fold lightgbm =================================
kit_inhibitor logloss: 0.029578576576243888
=========================================================================================
len(trt) : 6
len(train_index) : 936
len(valid_index) : 936
================================= 1fold lightgbm =================================
len(train_index) : 936
len(valid_index) : 936
================================= 2fold lightgbm =================================
laxative logloss: 0.013731727956761985
=========================================================================================
len(trt) : 6
len(train_index) : 936
len(valid_index) : 936
================================= 1fold lightgbm =================================
len(train_index) : 936
len(valid_index) : 936
================================= 2fold lightgbm =================================
leukotriene_inhibitor logloss: 0.017742013661895605
=========================================================================================
len(trt) : 62
len(train_index) : 964
len(valid_index) : 964
================================= 1fold lightgbm =================================
len(train_index) : 964
len(valid_index) : 964
================================= 2fold lightgbm =================================
leukotriene_receptor_antagonist logloss: 0.06076886630186591
=========================================================================================
len(trt) : 12
len(train_index) : 939
len(valid_index) : 939
================================= 1fold lightgbm =================================
len(train_index) : 939
len(valid_index) : 939
================================= 2fold lightgbm =================================
lipase_inhibitor logloss: 0.032894661913448885
=========================================================================================
len(trt) : 61
len(train_index) : 963
len(valid_index) : 964
================================= 1fold lightgbm =================================
len(train_index) : 964
len(valid_index) : 963
================================= 2fold lightgbm =================================
lipoxygenase_inhibitor logloss: 0.059124067790670864
=========================================================================================
len(trt) : 6
len(train_index) : 936
len(valid_index) : 936
================================= 1fold lightgbm =================================
len(train_index) : 936
len(valid_index) : 936
================================= 2fold lightgbm =================================
lxr_agonist logloss: 0.01510737263526386
=========================================================================================
len(trt) : 31
len(train_index) : 948
len(valid_index) : 949
================================= 1fold lightgbm =================================
len(train_index) : 949
len(valid_index) : 948
================================= 2fold lightgbm =================================
mdm_inhibitor logloss: 0.0188465143239633
=========================================================================================
len(trt) : 72
len(train_index) : 969
len(valid_index) : 969
================================= 1fold lightgbm =================================
len(train_index) : 969
len(valid_index) : 969
================================= 2fold lightgbm =================================
mek_inhibitor logloss: 0.02657737878513832
=========================================================================================
len(trt) : 74
len(train_index) : 970
len(valid_index) : 970
================================= 1fold lightgbm =================================
len(train_index) : 970
len(valid_index) : 970
================================= 2fold lightgbm =================================
membrane_integrity_inhibitor logloss: 0.08003259125892254
=========================================================================================
len(trt) : 25
len(train_index) : 945
len(valid_index) : 946
================================= 1fold lightgbm =================================
len(train_index) : 946
len(valid_index) : 945
================================= 2fold lightgbm =================================
mineralocorticoid_receptor_antagonist logloss: 0.04883124358699035
=========================================================================================
len(trt) : 12
len(train_index) : 939
len(valid_index) : 939
================================= 1fold lightgbm =================================
len(train_index) : 939
len(valid_index) : 939
================================= 2fold lightgbm =================================
monoacylglycerol_lipase_inhibitor logloss: 0.026283648602988593
=========================================================================================
len(trt) : 85
len(train_index) : 975
len(valid_index) : 976
================================= 1fold lightgbm =================================
len(train_index) : 976
len(valid_index) : 975
================================= 2fold lightgbm =================================
monoamine_oxidase_inhibitor logloss: 0.06384563730711572
=========================================================================================
len(trt) : 18
len(train_index) : 942
len(valid_index) : 942
================================= 1fold lightgbm =================================
len(train_index) : 942
len(valid_index) : 942
================================= 2fold lightgbm =================================
monopolar_spindle_1_kinase_inhibitor logloss: 0.011196854766901961
=========================================================================================
len(trt) : 130
len(train_index) : 998
len(valid_index) : 998
================================= 1fold lightgbm =================================
len(train_index) : 998
len(valid_index) : 998
================================= 2fold lightgbm =================================
mtor_inhibitor logloss: 0.025375375405619065
=========================================================================================
len(trt) : 48
len(train_index) : 957
len(valid_index) : 957
================================= 1fold lightgbm =================================
len(train_index) : 957
len(valid_index) : 957
================================= 2fold lightgbm =================================
mucolytic_agent logloss: 0.04640356459512226
=========================================================================================
len(trt) : 37
len(train_index) : 951
len(valid_index) : 952
================================= 1fold lightgbm =================================
len(train_index) : 952
len(valid_index) : 951
================================= 2fold lightgbm =================================
neuropeptide_receptor_antagonist logloss: 0.050925377962037936
=========================================================================================
len(trt) : 832
len(train_index) : 1349
len(valid_index) : 1349
================================= 1fold lightgbm =================================
len(train_index) : 1349
len(valid_index) : 1349
================================= 2fold lightgbm =================================
nfkb_inhibitor logloss: 0.032122985533639896
=========================================================================================
len(trt) : 6
len(train_index) : 936
len(valid_index) : 936
================================= 1fold lightgbm =================================
len(train_index) : 936
len(valid_index) : 936
================================= 2fold lightgbm =================================
nicotinic_receptor_agonist logloss: 0.015218225311229882
=========================================================================================
len(trt) : 26
len(train_index) : 946
len(valid_index) : 946
================================= 1fold lightgbm =================================
len(train_index) : 946
len(valid_index) : 946
================================= 2fold lightgbm =================================
nitric_oxide_donor logloss: 0.039602930455961555
=========================================================================================
len(trt) : 12
len(train_index) : 939
len(valid_index) : 939
================================= 1fold lightgbm =================================
len(train_index) : 939
len(valid_index) : 939
================================= 2fold lightgbm =================================
nitric_oxide_production_inhibitor logloss: 0.025249775331051653
=========================================================================================
len(trt) : 26
len(train_index) : 946
len(valid_index) : 946
================================= 1fold lightgbm =================================
len(train_index) : 946
len(valid_index) : 946
================================= 2fold lightgbm =================================
nitric_oxide_synthase_inhibitor logloss: 0.035628892898655284
=========================================================================================
len(trt) : 7
len(train_index) : 936
len(valid_index) : 937
================================= 1fold lightgbm =================================
len(train_index) : 937
len(valid_index) : 936
================================= 2fold lightgbm =================================
norepinephrine_reuptake_inhibitor logloss: 0.01715338786742071
=========================================================================================
len(trt) : 18
len(train_index) : 942
len(valid_index) : 942
================================= 1fold lightgbm =================================
len(train_index) : 942
len(valid_index) : 942
================================= 2fold lightgbm =================================
nrf2_activator logloss: 0.026434692005659437
=========================================================================================
len(trt) : 61
len(train_index) : 963
len(valid_index) : 964
================================= 1fold lightgbm =================================
len(train_index) : 964
len(valid_index) : 963
================================= 2fold lightgbm =================================
opioid_receptor_agonist logloss: 0.05173010901385988
=========================================================================================
len(trt) : 96
len(train_index) : 981
len(valid_index) : 981
================================= 1fold lightgbm =================================
len(train_index) : 981
len(valid_index) : 981
================================= 2fold lightgbm =================================
opioid_receptor_antagonist logloss: 0.04385302394382327
=========================================================================================
len(trt) : 37
len(train_index) : 951
len(valid_index) : 952
================================= 1fold lightgbm =================================
len(train_index) : 952
len(valid_index) : 951
================================= 2fold lightgbm =================================
orexin_receptor_antagonist logloss: 0.047977134931554095
=========================================================================================
len(trt) : 62
len(train_index) : 964
len(valid_index) : 964
================================= 1fold lightgbm =================================
len(train_index) : 964
len(valid_index) : 964
================================= 2fold lightgbm =================================
p38_mapk_inhibitor logloss: 0.03276186845735583
=========================================================================================
len(trt) : 24
len(train_index) : 945
len(valid_index) : 945
================================= 1fold lightgbm =================================
len(train_index) : 945
len(valid_index) : 945
================================= 2fold lightgbm =================================
p-glycoprotein_inhibitor logloss: 0.040658048397278775
=========================================================================================
len(trt) : 61
len(train_index) : 963
len(valid_index) : 964
================================= 1fold lightgbm =================================
len(train_index) : 964
len(valid_index) : 963
================================= 2fold lightgbm =================================
parp_inhibitor logloss: 0.049897478071127814
=========================================================================================
len(trt) : 297
len(train_index) : 1081
len(valid_index) : 1082
================================= 1fold lightgbm =================================
len(train_index) : 1082
len(valid_index) : 1081
================================= 2fold lightgbm =================================
pdgfr_inhibitor logloss: 0.029594333554388143
=========================================================================================
len(trt) : 18
len(train_index) : 942
len(valid_index) : 942
================================= 1fold lightgbm =================================
len(train_index) : 942
len(valid_index) : 942
================================= 2fold lightgbm =================================
pdk_inhibitor logloss: 0.03540798510905704
=========================================================================================
len(trt) : 264
len(train_index) : 1065
len(valid_index) : 1065
================================= 1fold lightgbm =================================
len(train_index) : 1065
len(valid_index) : 1065
================================= 2fold lightgbm =================================
phosphodiesterase_inhibitor logloss: 0.043839782130758016
=========================================================================================
len(trt) : 25
len(train_index) : 945
len(valid_index) : 946
================================= 1fold lightgbm =================================
len(train_index) : 946
len(valid_index) : 945
================================= 2fold lightgbm =================================
phospholipase_inhibitor logloss: 0.050531193259275485
=========================================================================================
len(trt) : 151
len(train_index) : 1008
len(valid_index) : 1009
================================= 1fold lightgbm =================================
len(train_index) : 1009
len(valid_index) : 1008
================================= 2fold lightgbm =================================
pi3k_inhibitor logloss: 0.0523924512686542
=========================================================================================
len(trt) : 31
len(train_index) : 948
len(valid_index) : 949
================================= 1fold lightgbm =================================
len(train_index) : 949
len(valid_index) : 948
================================= 2fold lightgbm =================================
pkc_inhibitor logloss: 0.05104886726206757
=========================================================================================
len(trt) : 55
len(train_index) : 960
len(valid_index) : 961
================================= 1fold lightgbm =================================
len(train_index) : 961
len(valid_index) : 960
================================= 2fold lightgbm =================================
potassium_channel_activator logloss: 0.07484428444467103
=========================================================================================
len(trt) : 98
len(train_index) : 982
len(valid_index) : 982
================================= 1fold lightgbm =================================
len(train_index) : 982
len(valid_index) : 982
================================= 2fold lightgbm =================================
potassium_channel_antagonist logloss: 0.07001145902483648
=========================================================================================
len(trt) : 115
len(train_index) : 990
len(valid_index) : 991
================================= 1fold lightgbm =================================
len(train_index) : 991
len(valid_index) : 990
================================= 2fold lightgbm =================================
ppar_receptor_agonist logloss: 0.04252524802863077
=========================================================================================
len(trt) : 30
len(train_index) : 948
len(valid_index) : 948
================================= 1fold lightgbm =================================
len(train_index) : 948
len(valid_index) : 948
================================= 2fold lightgbm =================================
ppar_receptor_antagonist logloss: 0.05040676973144254
=========================================================================================
len(trt) : 119
len(train_index) : 992
len(valid_index) : 993
================================= 1fold lightgbm =================================
len(train_index) : 993
len(valid_index) : 992
================================= 2fold lightgbm =================================
progesterone_receptor_agonist logloss: 0.05185918034824255
=========================================================================================
len(trt) : 18
len(train_index) : 942
len(valid_index) : 942
================================= 1fold lightgbm =================================
len(train_index) : 942
len(valid_index) : 942
================================= 2fold lightgbm =================================
progesterone_receptor_antagonist logloss: 0.03995383733096133
=========================================================================================
len(trt) : 36
len(train_index) : 951
len(valid_index) : 951
================================= 1fold lightgbm =================================
len(train_index) : 951
len(valid_index) : 951
================================= 2fold lightgbm =================================
prostaglandin_inhibitor logloss: 0.06290572892204113
=========================================================================================
len(trt) : 84
len(train_index) : 975
len(valid_index) : 975
================================= 1fold lightgbm =================================
len(train_index) : 975
len(valid_index) : 975
================================= 2fold lightgbm =================================
prostanoid_receptor_antagonist logloss: 0.06987629523617733
=========================================================================================
len(trt) : 726
len(train_index) : 1296
len(valid_index) : 1296
================================= 1fold lightgbm =================================
len(train_index) : 1296
len(valid_index) : 1296
================================= 2fold lightgbm =================================
proteasome_inhibitor logloss: 0.0031713901075623332
=========================================================================================
len(trt) : 48
len(train_index) : 957
len(valid_index) : 957
================================= 1fold lightgbm =================================
len(train_index) : 957
len(valid_index) : 957
================================= 2fold lightgbm =================================
protein_kinase_inhibitor logloss: 0.07056719307061637
=========================================================================================
len(trt) : 6
len(train_index) : 936
len(valid_index) : 936
================================= 1fold lightgbm =================================
len(train_index) : 936
len(valid_index) : 936
================================= 2fold lightgbm =================================
protein_phosphatase_inhibitor logloss: 0.011610592374583823
=========================================================================================
len(trt) : 103
len(train_index) : 984
len(valid_index) : 985
================================= 1fold lightgbm =================================
len(train_index) : 985
len(valid_index) : 984
================================= 2fold lightgbm =================================
protein_synthesis_inhibitor logloss: 0.04800487618618387
=========================================================================================
len(trt) : 19
len(train_index) : 942
len(valid_index) : 943
================================= 1fold lightgbm =================================
len(train_index) : 943
len(valid_index) : 942
================================= 2fold lightgbm =================================
protein_tyrosine_kinase_inhibitor logloss: 0.041590761321179406
=========================================================================================
len(trt) : 56
len(train_index) : 961
len(valid_index) : 961
================================= 1fold lightgbm =================================
len(train_index) : 961
len(valid_index) : 961
================================= 2fold lightgbm =================================
radiopaque_medium logloss: 0.074682406680315
=========================================================================================
len(trt) : 223
len(train_index) : 1044
len(valid_index) : 1045
================================= 1fold lightgbm =================================
len(train_index) : 1045
len(valid_index) : 1044
================================= 2fold lightgbm =================================
raf_inhibitor logloss: 0.015466325231090698
=========================================================================================
len(trt) : 12
len(train_index) : 939
len(valid_index) : 939
================================= 1fold lightgbm =================================
len(train_index) : 939
len(valid_index) : 939
================================= 2fold lightgbm =================================
ras_gtpase_inhibitor logloss: 0.02852016744187228
=========================================================================================
len(trt) : 67
len(train_index) : 966
len(valid_index) : 967
================================= 1fold lightgbm =================================
len(train_index) : 967
len(valid_index) : 966
================================= 2fold lightgbm =================================
retinoid_receptor_agonist logloss: 0.023038418260352262
=========================================================================================
len(trt) : 6
len(train_index) : 936
len(valid_index) : 936
================================= 1fold lightgbm =================================
len(train_index) : 936
len(valid_index) : 936
================================= 2fold lightgbm =================================
retinoid_receptor_antagonist logloss: 0.014783657460489328
=========================================================================================
len(trt) : 35
len(train_index) : 950
len(valid_index) : 951
================================= 1fold lightgbm =================================
len(train_index) : 951
len(valid_index) : 950
================================= 2fold lightgbm =================================
rho_associated_kinase_inhibitor logloss: 0.03639330977498862
=========================================================================================
len(trt) : 37
len(train_index) : 951
len(valid_index) : 952
================================= 1fold lightgbm =================================
len(train_index) : 952
len(valid_index) : 951
================================= 2fold lightgbm =================================
ribonucleoside_reductase_inhibitor logloss: 0.04160438756416611
=========================================================================================
len(trt) : 25
len(train_index) : 945
len(valid_index) : 946
================================= 1fold lightgbm =================================
len(train_index) : 946
len(valid_index) : 945
================================= 2fold lightgbm =================================
rna_polymerase_inhibitor logloss: 0.04744684221157287
=========================================================================================
len(trt) : 236
len(train_index) : 1051
len(valid_index) : 1051
================================= 1fold lightgbm =================================
len(train_index) : 1051
len(valid_index) : 1051
================================= 2fold lightgbm =================================
serotonin_receptor_agonist logloss: 0.04276259776838718
=========================================================================================
len(trt) : 404
len(train_index) : 1135
len(valid_index) : 1135
================================= 1fold lightgbm =================================
len(train_index) : 1135
len(valid_index) : 1135
================================= 2fold lightgbm =================================
serotonin_receptor_antagonist logloss: 0.03121079281505469
=========================================================================================
len(trt) : 44
len(train_index) : 955
len(valid_index) : 955
================================= 1fold lightgbm =================================
len(train_index) : 955
len(valid_index) : 955
================================= 2fold lightgbm =================================
serotonin_reuptake_inhibitor logloss: 0.06556251392634968
=========================================================================================
len(trt) : 36
len(train_index) : 951
len(valid_index) : 951
================================= 1fold lightgbm =================================
len(train_index) : 951
len(valid_index) : 951
================================= 2fold lightgbm =================================
sigma_receptor_agonist logloss: 0.06768882445104647
=========================================================================================
len(trt) : 36
len(train_index) : 951
len(valid_index) : 951
================================= 1fold lightgbm =================================
len(train_index) : 951
len(valid_index) : 951
================================= 2fold lightgbm =================================
sigma_receptor_antagonist logloss: 0.05043780963137591
=========================================================================================
len(trt) : 25
len(train_index) : 945
len(valid_index) : 946
================================= 1fold lightgbm =================================
len(train_index) : 946
len(valid_index) : 945
================================= 2fold lightgbm =================================
smoothened_receptor_antagonist logloss: 0.05116954694410469
=========================================================================================
len(trt) : 267
len(train_index) : 1066
len(valid_index) : 1067
================================= 1fold lightgbm =================================
len(train_index) : 1067
len(valid_index) : 1066
================================= 2fold lightgbm =================================
sodium_channel_inhibitor logloss: 0.03611456233191152
=========================================================================================
len(trt) : 25
len(train_index) : 945
len(valid_index) : 946
================================= 1fold lightgbm =================================
len(train_index) : 946
len(valid_index) : 945
================================= 2fold lightgbm =================================
sphingosine_receptor_agonist logloss: 0.056830569524302765
=========================================================================================
len(trt) : 71
len(train_index) : 968
len(valid_index) : 969
================================= 1fold lightgbm =================================
len(train_index) : 969
len(valid_index) : 968
================================= 2fold lightgbm =================================
src_inhibitor logloss: 0.029732098730710702
=========================================================================================
len(trt) : 6
len(train_index) : 936
len(valid_index) : 936
================================= 1fold lightgbm =================================
len(train_index) : 936
len(valid_index) : 936
================================= 2fold lightgbm =================================
steroid logloss: 0.019605383353111728
=========================================================================================
len(trt) : 19
len(train_index) : 942
len(valid_index) : 943
================================= 1fold lightgbm =================================
len(train_index) : 943
len(valid_index) : 942
================================= 2fold lightgbm =================================
syk_inhibitor logloss: 0.01853023735609454
=========================================================================================
len(trt) : 60
len(train_index) : 963
len(valid_index) : 963
================================= 1fold lightgbm =================================
len(train_index) : 963
len(valid_index) : 963
================================= 2fold lightgbm =================================
tachykinin_antagonist logloss: 0.07190667187719305
=========================================================================================
len(trt) : 30
len(train_index) : 948
len(valid_index) : 948
================================= 1fold lightgbm =================================
len(train_index) : 948
len(valid_index) : 948
================================= 2fold lightgbm =================================
tgf-beta_receptor_inhibitor logloss: 0.0008842069918246666
=========================================================================================
len(trt) : 19
len(train_index) : 942
len(valid_index) : 943
================================= 1fold lightgbm =================================
len(train_index) : 943
len(valid_index) : 942
================================= 2fold lightgbm =================================
thrombin_inhibitor logloss: 0.030716441961404863
=========================================================================================
len(trt) : 37
len(train_index) : 951
len(valid_index) : 952
================================= 1fold lightgbm =================================
len(train_index) : 952
len(valid_index) : 951
================================= 2fold lightgbm =================================
thymidylate_synthase_inhibitor logloss: 0.03869748608951564
=========================================================================================
len(trt) : 30
len(train_index) : 948
len(valid_index) : 948
================================= 1fold lightgbm =================================
len(train_index) : 948
len(valid_index) : 948
================================= 2fold lightgbm =================================
tlr_agonist logloss: 0.05076896564869504
=========================================================================================
len(trt) : 7
len(train_index) : 936
len(valid_index) : 937
================================= 1fold lightgbm =================================
len(train_index) : 937
len(valid_index) : 936
================================= 2fold lightgbm =================================
tlr_antagonist logloss: 0.02369430099830204
=========================================================================================
len(trt) : 36
len(train_index) : 951
len(valid_index) : 951
================================= 1fold lightgbm =================================
len(train_index) : 951
len(valid_index) : 951
================================= 2fold lightgbm =================================
tnf_inhibitor logloss: 0.0528961254709363
=========================================================================================
len(trt) : 127
len(train_index) : 996
len(valid_index) : 997
================================= 1fold lightgbm =================================
len(train_index) : 997
len(valid_index) : 996
================================= 2fold lightgbm =================================
topoisomerase_inhibitor logloss: 0.024509397164500697
=========================================================================================
len(trt) : 18
len(train_index) : 942
len(valid_index) : 942
================================= 1fold lightgbm =================================
len(train_index) : 942
len(valid_index) : 942
================================= 2fold lightgbm =================================
transient_receptor_potential_channel_antagonist logloss: 0.03669355706843452
=========================================================================================
len(trt) : 6
len(train_index) : 936
len(valid_index) : 936
================================= 1fold lightgbm =================================
len(train_index) : 936
len(valid_index) : 936
================================= 2fold lightgbm =================================
tropomyosin_receptor_kinase_inhibitor logloss: 0.018807825887689922
=========================================================================================
len(trt) : 25
len(train_index) : 945
len(valid_index) : 946
================================= 1fold lightgbm =================================
len(train_index) : 946
len(valid_index) : 945
================================= 2fold lightgbm =================================
trpv_agonist logloss: 0.0414430546664433
=========================================================================================
len(trt) : 48
len(train_index) : 957
len(valid_index) : 957
================================= 1fold lightgbm =================================
len(train_index) : 957
len(valid_index) : 957
================================= 2fold lightgbm =================================
trpv_antagonist logloss: 0.07544649738011236
=========================================================================================
len(trt) : 316
len(train_index) : 1091
len(valid_index) : 1091
================================= 1fold lightgbm =================================
len(train_index) : 1091
len(valid_index) : 1091
================================= 2fold lightgbm =================================
tubulin_inhibitor logloss: 0.02712118548665979
=========================================================================================
len(trt) : 73
len(train_index) : 969
len(valid_index) : 970
================================= 1fold lightgbm =================================
len(train_index) : 970
len(valid_index) : 969
================================= 2fold lightgbm =================================
tyrosine_kinase_inhibitor logloss: 0.05046470326644507
=========================================================================================
len(trt) : 6
len(train_index) : 936
len(valid_index) : 936
================================= 1fold lightgbm =================================
len(train_index) : 936
len(valid_index) : 936
================================= 2fold lightgbm =================================
ubiquitin_specific_protease_inhibitor logloss: 0.015552430643408484
=========================================================================================
len(trt) : 170
len(train_index) : 1018
len(valid_index) : 1018
================================= 1fold lightgbm =================================
len(train_index) : 1018
len(valid_index) : 1018
================================= 2fold lightgbm =================================
vegfr_inhibitor logloss: 0.049297004001071634
=========================================================================================
len(trt) : 26
len(train_index) : 946
len(valid_index) : 946
================================= 1fold lightgbm =================================
len(train_index) : 946
len(valid_index) : 946
================================= 2fold lightgbm =================================
vitamin_b logloss: 0.05759973465024363
=========================================================================================
len(trt) : 39
len(train_index) : 952
len(valid_index) : 953
================================= 1fold lightgbm =================================
len(train_index) : 953
len(valid_index) : 952
================================= 2fold lightgbm =================================
vitamin_d_receptor_agonist logloss: 0.045964022973941046
=========================================================================================
len(trt) : 30
len(train_index) : 948
len(valid_index) : 948
================================= 1fold lightgbm =================================
len(train_index) : 948
len(valid_index) : 948
================================= 2fold lightgbm =================================
wnt_inhibitor logloss: 0.06270201521930796
=========================================================================================
